[1.225s] DEBUG:colcon:Command line arguments: ['/usr/bin/colcon', 'build']
[1.225s] DEBUG:colcon:Parsed command line arguments: Namespace(ament_cmake_args=None, base_paths=['.'], build_base='build', catkin_cmake_args=None, catkin_skip_building_tests=False, cmake_args=None, cmake_clean_cache=False, cmake_clean_first=False, cmake_force_configure=False, cmake_target=None, cmake_target_skip_unavailable=False, continue_on_error=False, event_handlers=None, executor='parallel', ignore_user_meta=False, install_base='install', log_base=None, log_level=None, main=<bound method BuildVerb.main of <colcon_core.verb.build.BuildVerb object at 0x7f92ccda90>>, merge_install=False, metas=['./colcon.meta'], packages_above=None, packages_above_and_dependencies=None, packages_above_depth=None, packages_end=None, packages_ignore=None, packages_ignore_regex=None, packages_select=None, packages_select_build_failed=False, packages_select_by_dep=None, packages_select_regex=None, packages_select_test_failures=False, packages_skip=None, packages_skip_build_finished=False, packages_skip_by_dep=None, packages_skip_regex=None, packages_skip_test_passed=False, packages_skip_up_to=None, packages_start=None, packages_up_to=None, packages_up_to_regex=None, parallel_workers=4, paths=None, symlink_install=False, test_result_base=None, verb_extension=<colcon_core.verb.build.BuildVerb object at 0x7f92ccda90>, verb_name='build', verb_parser=<colcon_defaults.argument_parser.defaults.DefaultArgumentsDecorator object at 0x7f92ccddd8>)
[1.248s] Level 1:colcon.colcon_core.package_discovery:discover_packages(colcon_meta) check parameters
[1.249s] Level 1:colcon.colcon_core.package_discovery:discover_packages(recursive) check parameters
[1.249s] Level 1:colcon.colcon_core.package_discovery:discover_packages(ignore) check parameters
[1.249s] Level 1:colcon.colcon_core.package_discovery:discover_packages(path) check parameters
[1.250s] Level 1:colcon.colcon_core.package_discovery:discover_packages(colcon_meta) discover
[1.252s] Level 1:colcon.colcon_core.package_discovery:discover_packages(recursive) discover
[1.253s] INFO:colcon.colcon_core.package_discovery:Crawling recursively for packages in '/home/lks/LKS/mp_lks/ros2_ws'
[1.253s] Level 1:colcon.colcon_core.package_identification:_identify(.) by extensions ['ignore', 'ignore_ament_install']
[1.254s] Level 1:colcon.colcon_core.package_identification:_identify(.) by extension 'ignore'
[1.254s] Level 1:colcon.colcon_core.package_identification:_identify(.) by extension 'ignore_ament_install'
[1.255s] Level 1:colcon.colcon_core.package_identification:_identify(.) by extensions ['colcon_pkg']
[1.255s] Level 1:colcon.colcon_core.package_identification:_identify(.) by extension 'colcon_pkg'
[1.255s] Level 1:colcon.colcon_core.package_identification:_identify(.) by extensions ['colcon_meta']
[1.255s] Level 1:colcon.colcon_core.package_identification:_identify(.) by extension 'colcon_meta'
[1.255s] Level 1:colcon.colcon_core.package_identification:_identify(.) by extensions ['ros']
[1.256s] Level 1:colcon.colcon_core.package_identification:_identify(.) by extension 'ros'
[1.301s] Level 1:colcon.colcon_core.package_identification:_identify(.) by extensions ['cmake', 'python']
[1.301s] Level 1:colcon.colcon_core.package_identification:_identify(.) by extension 'cmake'
[1.301s] Level 1:colcon.colcon_core.package_identification:_identify(.) by extension 'python'
[1.302s] Level 1:colcon.colcon_core.package_identification:_identify(.) by extensions ['python_setup_py']
[1.302s] Level 1:colcon.colcon_core.package_identification:_identify(.) by extension 'python_setup_py'
[1.303s] Level 1:colcon.colcon_core.package_identification:_identify(build) by extensions ['ignore', 'ignore_ament_install']
[1.303s] Level 1:colcon.colcon_core.package_identification:_identify(build) by extension 'ignore'
[1.304s] Level 1:colcon.colcon_core.package_identification:_identify(build) ignored
[1.305s] Level 1:colcon.colcon_core.package_identification:_identify(install) by extensions ['ignore', 'ignore_ament_install']
[1.306s] Level 1:colcon.colcon_core.package_identification:_identify(install) by extension 'ignore'
[1.306s] Level 1:colcon.colcon_core.package_identification:_identify(install) ignored
[1.306s] Level 1:colcon.colcon_core.package_identification:_identify(log) by extensions ['ignore', 'ignore_ament_install']
[1.307s] Level 1:colcon.colcon_core.package_identification:_identify(log) by extension 'ignore'
[1.307s] Level 1:colcon.colcon_core.package_identification:_identify(log) ignored
[1.308s] Level 1:colcon.colcon_core.package_identification:_identify(src) by extensions ['ignore', 'ignore_ament_install']
[1.308s] Level 1:colcon.colcon_core.package_identification:_identify(src) by extension 'ignore'
[1.308s] Level 1:colcon.colcon_core.package_identification:_identify(src) by extension 'ignore_ament_install'
[1.309s] Level 1:colcon.colcon_core.package_identification:_identify(src) by extensions ['colcon_pkg']
[1.309s] Level 1:colcon.colcon_core.package_identification:_identify(src) by extension 'colcon_pkg'
[1.309s] Level 1:colcon.colcon_core.package_identification:_identify(src) by extensions ['colcon_meta']
[1.309s] Level 1:colcon.colcon_core.package_identification:_identify(src) by extension 'colcon_meta'
[1.309s] Level 1:colcon.colcon_core.package_identification:_identify(src) by extensions ['ros']
[1.309s] Level 1:colcon.colcon_core.package_identification:_identify(src) by extension 'ros'
[1.310s] Level 1:colcon.colcon_core.package_identification:_identify(src) by extensions ['cmake', 'python']
[1.310s] Level 1:colcon.colcon_core.package_identification:_identify(src) by extension 'cmake'
[1.310s] Level 1:colcon.colcon_core.package_identification:_identify(src) by extension 'python'
[1.311s] Level 1:colcon.colcon_core.package_identification:_identify(src) by extensions ['python_setup_py']
[1.311s] Level 1:colcon.colcon_core.package_identification:_identify(src) by extension 'python_setup_py'
[1.311s] Level 1:colcon.colcon_core.package_identification:_identify(src/cecar_lks) by extensions ['ignore', 'ignore_ament_install']
[1.312s] Level 1:colcon.colcon_core.package_identification:_identify(src/cecar_lks) by extension 'ignore'
[1.312s] Level 1:colcon.colcon_core.package_identification:_identify(src/cecar_lks) by extension 'ignore_ament_install'
[1.312s] Level 1:colcon.colcon_core.package_identification:_identify(src/cecar_lks) by extensions ['colcon_pkg']
[1.313s] Level 1:colcon.colcon_core.package_identification:_identify(src/cecar_lks) by extension 'colcon_pkg'
[1.313s] Level 1:colcon.colcon_core.package_identification:_identify(src/cecar_lks) by extensions ['colcon_meta']
[1.313s] Level 1:colcon.colcon_core.package_identification:_identify(src/cecar_lks) by extension 'colcon_meta'
[1.313s] Level 1:colcon.colcon_core.package_identification:_identify(src/cecar_lks) by extensions ['ros']
[1.313s] Level 1:colcon.colcon_core.package_identification:_identify(src/cecar_lks) by extension 'ros'
[1.323s] DEBUG:colcon.colcon_core.package_identification:Package 'src/cecar_lks' with type 'ros.ament_cmake' and name 'cecar_lks'
[1.324s] Level 1:colcon.colcon_core.package_discovery:discover_packages(recursive) using defaults
[1.325s] Level 1:colcon.colcon_core.package_discovery:discover_packages(ignore) discover
[1.325s] Level 1:colcon.colcon_core.package_discovery:discover_packages(ignore) using defaults
[1.325s] Level 1:colcon.colcon_core.package_discovery:discover_packages(path) discover
[1.325s] Level 1:colcon.colcon_core.package_discovery:discover_packages(path) using defaults
[1.410s] Level 5:colcon.colcon_core.verb:set package 'cecar_lks' build argument 'cmake_args' from command line to 'None'
[1.411s] Level 5:colcon.colcon_core.verb:set package 'cecar_lks' build argument 'cmake_target' from command line to 'None'
[1.411s] Level 5:colcon.colcon_core.verb:set package 'cecar_lks' build argument 'cmake_target_skip_unavailable' from command line to 'False'
[1.411s] Level 5:colcon.colcon_core.verb:set package 'cecar_lks' build argument 'cmake_clean_cache' from command line to 'False'
[1.411s] Level 5:colcon.colcon_core.verb:set package 'cecar_lks' build argument 'cmake_clean_first' from command line to 'False'
[1.411s] Level 5:colcon.colcon_core.verb:set package 'cecar_lks' build argument 'cmake_force_configure' from command line to 'False'
[1.412s] Level 5:colcon.colcon_core.verb:set package 'cecar_lks' build argument 'ament_cmake_args' from command line to 'None'
[1.412s] Level 5:colcon.colcon_core.verb:set package 'cecar_lks' build argument 'catkin_cmake_args' from command line to 'None'
[1.412s] Level 5:colcon.colcon_core.verb:set package 'cecar_lks' build argument 'catkin_skip_building_tests' from command line to 'False'
[1.412s] DEBUG:colcon.colcon_core.verb:Building package 'cecar_lks' with the following arguments: {'ament_cmake_args': None, 'build_base': '/home/lks/LKS/mp_lks/ros2_ws/build/cecar_lks', 'catkin_cmake_args': None, 'catkin_skip_building_tests': False, 'cmake_args': None, 'cmake_clean_cache': False, 'cmake_clean_first': False, 'cmake_force_configure': False, 'cmake_target': None, 'cmake_target_skip_unavailable': False, 'install_base': '/home/lks/LKS/mp_lks/ros2_ws/install/cecar_lks', 'merge_install': False, 'path': '/home/lks/LKS/mp_lks/ros2_ws/src/cecar_lks', 'symlink_install': False, 'test_result_base': None}
[1.414s] INFO:colcon.colcon_core.executor:Executing jobs using 'parallel' executor
[1.426s] DEBUG:colcon.colcon_parallel_executor.executor.parallel:run_until_complete
[1.428s] INFO:colcon.colcon_ros.task.ament_cmake.build:Building ROS package in '/home/lks/LKS/mp_lks/ros2_ws/src/cecar_lks' with build type 'ament_cmake'
[1.429s] INFO:colcon.colcon_cmake.task.cmake.build:Building CMake package in '/home/lks/LKS/mp_lks/ros2_ws/src/cecar_lks'
[1.491s] INFO:colcon.colcon_core.plugin_system:Skipping extension 'colcon_core.shell.bat': Not used on non-Windows systems
[1.492s] INFO:colcon.colcon_core.shell:Skip shell extension 'powershell' for command environment: Not usable outside of PowerShell
[1.492s] DEBUG:colcon.colcon_core.shell:Skip shell extension 'dsv' for command environment
[1.503s] DEBUG:colcon.colcon_core.shell:Ignoring prefix path '/opt/ros/eloquent'
[1.548s] DEBUG:colcon.colcon_core.event_handler.log_command:Invoking command in '/home/lks/LKS/mp_lks/ros2_ws/build/cecar_lks': CMAKE_PREFIX_PATH=${CMAKE_PREFIX_PATH}:/opt/ros/eloquent /usr/bin/cmake --build /home/lks/LKS/mp_lks/ros2_ws/build/cecar_lks -- -j4 -l4
[11.593s] DEBUG:colcon.colcon_core.event_handler.log_command:Invoked command in '/home/lks/LKS/mp_lks/ros2_ws/build/cecar_lks' returned '0': CMAKE_PREFIX_PATH=${CMAKE_PREFIX_PATH}:/opt/ros/eloquent /usr/bin/cmake --build /home/lks/LKS/mp_lks/ros2_ws/build/cecar_lks -- -j4 -l4
[11.768s] DEBUG:colcon.colcon_core.event_handler.log_command:Invoking command in '/home/lks/LKS/mp_lks/ros2_ws/build/cecar_lks': CMAKE_PREFIX_PATH=${CMAKE_PREFIX_PATH}:/opt/ros/eloquent /usr/bin/cmake --build /home/lks/LKS/mp_lks/ros2_ws/build/cecar_lks --target install -- -j4 -l4
[12.080s] Level 1:colcon.colcon_core.environment:create_environment_scripts_only(cecar_lks)
[12.085s] DEBUG:colcon.colcon_core.event_handler.log_command:Invoked command in '/home/lks/LKS/mp_lks/ros2_ws/build/cecar_lks' returned '0': CMAKE_PREFIX_PATH=${CMAKE_PREFIX_PATH}:/opt/ros/eloquent /usr/bin/cmake --build /home/lks/LKS/mp_lks/ros2_ws/build/cecar_lks --target install -- -j4 -l4
[12.096s] Level 1:colcon.colcon_core.environment:checking '/home/lks/LKS/mp_lks/ros2_ws/install/cecar_lks' for CMake module files
[12.100s] Level 1:colcon.colcon_core.environment:checking '/home/lks/LKS/mp_lks/ros2_ws/install/cecar_lks' for CMake config files
[12.101s] Level 1:colcon.colcon_core.shell:create_environment_hook('cecar_lks', 'cmake_prefix_path')
[12.104s] INFO:colcon.colcon_core.shell:Creating environment hook '/home/lks/LKS/mp_lks/ros2_ws/install/cecar_lks/share/cecar_lks/hook/cmake_prefix_path.ps1'
[12.107s] INFO:colcon.colcon_core.shell:Creating environment descriptor '/home/lks/LKS/mp_lks/ros2_ws/install/cecar_lks/share/cecar_lks/hook/cmake_prefix_path.dsv'
[12.109s] INFO:colcon.colcon_core.shell:Creating environment hook '/home/lks/LKS/mp_lks/ros2_ws/install/cecar_lks/share/cecar_lks/hook/cmake_prefix_path.sh'
[12.114s] Level 1:colcon.colcon_core.environment:checking '/home/lks/LKS/mp_lks/ros2_ws/install/cecar_lks/lib'
[12.115s] Level 1:colcon.colcon_core.environment:checking '/home/lks/LKS/mp_lks/ros2_ws/install/cecar_lks/bin'
[12.115s] Level 1:colcon.colcon_core.environment:checking '/home/lks/LKS/mp_lks/ros2_ws/install/cecar_lks/lib/pkgconfig/cecar_lks.pc'
[12.116s] Level 1:colcon.colcon_core.environment:checking '/home/lks/LKS/mp_lks/ros2_ws/install/cecar_lks/lib/python3.6/site-packages'
[12.119s] INFO:colcon.colcon_core.shell:Creating package script '/home/lks/LKS/mp_lks/ros2_ws/install/cecar_lks/share/cecar_lks/package.ps1'
[12.123s] INFO:colcon.colcon_core.shell:Creating package descriptor '/home/lks/LKS/mp_lks/ros2_ws/install/cecar_lks/share/cecar_lks/package.dsv'
[12.127s] INFO:colcon.colcon_core.shell:Creating package script '/home/lks/LKS/mp_lks/ros2_ws/install/cecar_lks/share/cecar_lks/package.sh'
[12.131s] INFO:colcon.colcon_core.shell:Creating package script '/home/lks/LKS/mp_lks/ros2_ws/install/cecar_lks/share/cecar_lks/package.bash'
[12.136s] INFO:colcon.colcon_core.shell:Creating package script '/home/lks/LKS/mp_lks/ros2_ws/install/cecar_lks/share/cecar_lks/package.zsh'
[12.139s] Level 1:colcon.colcon_core.environment:create_file_with_runtime_dependencies(/home/lks/LKS/mp_lks/ros2_ws/install/cecar_lks/share/colcon-core/packages/cecar_lks)
[12.270s] Level 1:colcon.colcon_core.environment:create_environment_scripts_only(cecar_lks)
[12.276s] Level 1:colcon.colcon_core.environment:checking '/home/lks/LKS/mp_lks/ros2_ws/install/cecar_lks' for CMake module files
[12.279s] Level 1:colcon.colcon_core.environment:checking '/home/lks/LKS/mp_lks/ros2_ws/install/cecar_lks' for CMake config files
[12.281s] Level 1:colcon.colcon_core.shell:create_environment_hook('cecar_lks', 'cmake_prefix_path')
[12.283s] INFO:colcon.colcon_core.shell:Creating environment hook '/home/lks/LKS/mp_lks/ros2_ws/install/cecar_lks/share/cecar_lks/hook/cmake_prefix_path.ps1'
[12.285s] INFO:colcon.colcon_core.shell:Creating environment descriptor '/home/lks/LKS/mp_lks/ros2_ws/install/cecar_lks/share/cecar_lks/hook/cmake_prefix_path.dsv'
[12.287s] INFO:colcon.colcon_core.shell:Creating environment hook '/home/lks/LKS/mp_lks/ros2_ws/install/cecar_lks/share/cecar_lks/hook/cmake_prefix_path.sh'
[12.291s] Level 1:colcon.colcon_core.environment:checking '/home/lks/LKS/mp_lks/ros2_ws/install/cecar_lks/lib'
[12.292s] Level 1:colcon.colcon_core.environment:checking '/home/lks/LKS/mp_lks/ros2_ws/install/cecar_lks/bin'
[12.292s] Level 1:colcon.colcon_core.environment:checking '/home/lks/LKS/mp_lks/ros2_ws/install/cecar_lks/lib/pkgconfig/cecar_lks.pc'
[12.292s] Level 1:colcon.colcon_core.environment:checking '/home/lks/LKS/mp_lks/ros2_ws/install/cecar_lks/lib/python3.6/site-packages'
[12.295s] INFO:colcon.colcon_core.shell:Creating package script '/home/lks/LKS/mp_lks/ros2_ws/install/cecar_lks/share/cecar_lks/package.ps1'
[12.297s] INFO:colcon.colcon_core.shell:Creating package descriptor '/home/lks/LKS/mp_lks/ros2_ws/install/cecar_lks/share/cecar_lks/package.dsv'
[12.300s] INFO:colcon.colcon_core.shell:Creating package script '/home/lks/LKS/mp_lks/ros2_ws/install/cecar_lks/share/cecar_lks/package.sh'
[12.302s] INFO:colcon.colcon_core.shell:Creating package script '/home/lks/LKS/mp_lks/ros2_ws/install/cecar_lks/share/cecar_lks/package.bash'
[12.304s] INFO:colcon.colcon_core.shell:Creating package script '/home/lks/LKS/mp_lks/ros2_ws/install/cecar_lks/share/cecar_lks/package.zsh'
[12.306s] Level 1:colcon.colcon_core.environment:create_file_with_runtime_dependencies(/home/lks/LKS/mp_lks/ros2_ws/install/cecar_lks/share/colcon-core/packages/cecar_lks)
[12.308s] DEBUG:colcon.colcon_parallel_executor.executor.parallel:closing loop
[12.309s] DEBUG:colcon.colcon_parallel_executor.executor.parallel:loop closed
[12.310s] DEBUG:colcon.colcon_parallel_executor.executor.parallel:run_until_complete finished with '0'
[12.310s] DEBUG:colcon.colcon_core.event_reactor:joining thread
[12.334s] INFO:colcon.colcon_core.plugin_system:Skipping extension 'colcon_notification.desktop_notification.terminal_notifier': Not used on non-Darwin systems
[12.335s] INFO:colcon.colcon_core.plugin_system:Skipping extension 'colcon_notification.desktop_notification.win32': Not used on non-Windows systems
[12.335s] INFO:colcon.colcon_notification.desktop_notification:Sending desktop notification using 'notify2'
[12.567s] DEBUG:colcon.colcon_core.event_reactor:joined thread
[12.571s] INFO:colcon.colcon_core.shell:Creating prefix script '/home/lks/LKS/mp_lks/ros2_ws/install/local_setup.ps1'
[12.576s] INFO:colcon.colcon_core.shell:Creating prefix util module '/home/lks/LKS/mp_lks/ros2_ws/install/_local_setup_util_ps1.py'
[12.583s] INFO:colcon.colcon_core.shell:Creating prefix chain script '/home/lks/LKS/mp_lks/ros2_ws/install/setup.ps1'
[12.595s] INFO:colcon.colcon_core.shell:Creating prefix script '/home/lks/LKS/mp_lks/ros2_ws/install/local_setup.sh'
[12.598s] INFO:colcon.colcon_core.shell:Creating prefix util module '/home/lks/LKS/mp_lks/ros2_ws/install/_local_setup_util_sh.py'
[12.601s] INFO:colcon.colcon_core.shell:Creating prefix chain script '/home/lks/LKS/mp_lks/ros2_ws/install/setup.sh'
[12.613s] INFO:colcon.colcon_core.shell:Creating prefix script '/home/lks/LKS/mp_lks/ros2_ws/install/local_setup.bash'
[12.617s] INFO:colcon.colcon_core.shell:Creating prefix chain script '/home/lks/LKS/mp_lks/ros2_ws/install/setup.bash'
[12.630s] INFO:colcon.colcon_core.shell:Creating prefix script '/home/lks/LKS/mp_lks/ros2_ws/install/local_setup.zsh'
[12.633s] INFO:colcon.colcon_core.shell:Creating prefix chain script '/home/lks/LKS/mp_lks/ros2_ws/install/setup.zsh'
