[0.096s] Invoking command in '/home/lks/LKS/mp_lks/ros2_ws/build/cecar_lks': CMAKE_PREFIX_PATH=${CMAKE_PREFIX_PATH}:/opt/ros/eloquent /usr/bin/cmake --build /home/lks/LKS/mp_lks/ros2_ws/build/cecar_lks -- -j4 -l4
[0.179s] -- Found ament_cmake: 0.8.3 (/opt/ros/eloquent/share/ament_cmake/cmake)
[0.266s] -- Using PYTHON_EXECUTABLE: /usr/bin/python3
[1.014s] -- Found rclcpp: 0.8.5 (/opt/ros/eloquent/share/rclcpp/cmake)
[1.049s] -- Found rosidl_adapter: 0.8.3 (/opt/ros/eloquent/share/rosidl_adapter/cmake)
[1.143s] -- Found rmw_implementation_cmake: 0.8.1 (/opt/ros/eloquent/share/rmw_implementation_cmake/cmake)
[1.147s] -- Using RMW implementation 'rmw_fastrtps_cpp' as default
[1.236s] -- Found std_msgs: 0.8.1 (/opt/ros/eloquent/share/std_msgs/cmake)
[1.685s] -- Configuring done
[1.775s] -- Generating done
[1.780s] -- Build files have been written to: /home/lks/LKS/mp_lks/ros2_ws/build/cecar_lks
[1.860s] [35m[1mScanning dependencies of target hlc[0m
[1.910s] [ 40%] Built target mp
[1.910s] [ 40%] Built target lds
[1.921s] [ 60%] Built target pos
[1.941s] [ 80%] [32mBuilding CXX object CMakeFiles/hlc.dir/src/hlc.cpp.o[0m
[1.942s] [ 80%] [32mBuilding C object CMakeFiles/hlc.dir/src/rumble.c.o[0m
[1.993s] [01m[K/home/lks/LKS/mp_lks/ros2_ws/src/cecar_lks/src/rumble.c:40:10:[m[K [01;31m[Kfatal error: [m[Kcompat.h: No such file or directory
[1.993s]  #include [01;31m[K"compat.h"[m[K
[1.994s]           [01;31m[K^~~~~~~~~~[m[K
[1.994s] compilation terminated.
[1.997s] CMakeFiles/hlc.dir/build.make:110: recipe for target 'CMakeFiles/hlc.dir/src/rumble.c.o' failed
[1.997s] make[2]: *** [CMakeFiles/hlc.dir/src/rumble.c.o] Error 1
[1.997s] make[2]: *** Waiting for unfinished jobs....
[10.508s] CMakeFiles/Makefile2:99: recipe for target 'CMakeFiles/hlc.dir/all' failed
[10.509s] make[1]: *** [CMakeFiles/hlc.dir/all] Error 2
[10.510s] make: *** [all] Error 2
[10.510s] Makefile:140: recipe for target 'all' failed
[10.513s] Invoked command in '/home/lks/LKS/mp_lks/ros2_ws/build/cecar_lks' returned '2': CMAKE_PREFIX_PATH=${CMAKE_PREFIX_PATH}:/opt/ros/eloquent /usr/bin/cmake --build /home/lks/LKS/mp_lks/ros2_ws/build/cecar_lks -- -j4 -l4
