[0.109s] Invoking command in '/home/lks/LKS/mp_lks/ros2_ws/build/cecar_lks': CMAKE_PREFIX_PATH=${CMAKE_PREFIX_PATH}:/opt/ros/eloquent /usr/bin/cmake --build /home/lks/LKS/mp_lks/ros2_ws/build/cecar_lks -- -j4 -l4
[0.258s] [35m[1mScanning dependencies of target hlc[0m
[0.331s] [ 22%] Built target mp
[0.335s] [ 44%] Built target lds
[0.337s] [ 66%] Built target pos
[0.364s] [ 77%] [32mBuilding CXX object CMakeFiles/hlc.dir/src/hlc.cpp.o[0m
[3.701s] [01m[K/home/lks/LKS/mp_lks/ros2_ws/src/cecar_lks/src/hlc.cpp:[m[K In function ‘[01m[Kint main(int, char**)[m[K’:
[3.701s] [01m[K/home/lks/LKS/mp_lks/ros2_ws/src/cecar_lks/src/hlc.cpp:38:20:[m[K [01;31m[Kerror: [m[Kcould not convert ‘[01m[KGamepadUpdate()[m[K’ from ‘[01m[Kvoid[m[K’ to ‘[01m[Kbool[m[K’
[3.702s]   if ( [01;31m[KGamepadUpdate()[m[K)
[3.702s] 
[3.703s]        [01;31m[K~~~~~~~~~~~~~^~[m[K
[3.703s] [01m[K/home/lks/LKS/mp_lks/ros2_ws/src/cecar_lks/src/hlc.cpp:41:26:[m[K [01;31m[Kerror: [m[Ktoo few arguments to function ‘[01m[KGAMEPAD_BOOL GamepadIsConnected(GAMEPAD_DEVICE)[m[K’
[3.704s]    if (GamepadIsConnected([01;31m[K)[m[K)
[3.704s] 
[3.704s]                           [01;31m[K^[m[K
[3.705s] In file included from [01m[K/home/lks/LKS/mp_lks/ros2_ws/src/cecar_lks/src/hlc.cpp:4:0[m[K:
[3.705s] [01m[K/home/lks/LKS/mp_lks/ros2_ws/src/cecar_lks/include/gamepad/gamepad.h:150:26:[m[K [01;36m[Knote: [m[Kdeclared here
[3.706s]  GAMEPAD_API GAMEPAD_BOOL [01;36m[KGamepadIsConnected[m[K(GAMEPAD_DEVICE device);
[3.706s]                           [01;36m[K^~~~~~~~~~~~~~~~~~[m[K
[6.284s] CMakeFiles/hlc.dir/build.make:62: recipe for target 'CMakeFiles/hlc.dir/src/hlc.cpp.o' failed
[6.286s] make[2]: *** [CMakeFiles/hlc.dir/src/hlc.cpp.o] Error 1
[6.287s] CMakeFiles/Makefile2:99: recipe for target 'CMakeFiles/hlc.dir/all' failed
[6.287s] make[1]: *** [CMakeFiles/hlc.dir/all] Error 2
[6.288s] Makefile:140: recipe for target 'all' failed
[6.288s] make: *** [all] Error 2
[6.293s] Invoked command in '/home/lks/LKS/mp_lks/ros2_ws/build/cecar_lks' returned '2': CMAKE_PREFIX_PATH=${CMAKE_PREFIX_PATH}:/opt/ros/eloquent /usr/bin/cmake --build /home/lks/LKS/mp_lks/ros2_ws/build/cecar_lks -- -j4 -l4
