Determining if the pthread_create exist failed with the following output:
Change Dir: /home/lks/LKS/mp_lks/ros2_ws/build/cecar_lks/CMakeFiles/CMakeTmp

Run Build Command:"/usr/bin/make" "cmTC_628c3/fast"
/usr/bin/make -f CMakeFiles/cmTC_628c3.dir/build.make CMakeFiles/cmTC_628c3.dir/build
make[1]: Entering directory '/home/lks/LKS/mp_lks/ros2_ws/build/cecar_lks/CMakeFiles/CMakeTmp'
Building C object CMakeFiles/cmTC_628c3.dir/CheckSymbolExists.c.o
/usr/bin/cc    -o CMakeFiles/cmTC_628c3.dir/CheckSymbolExists.c.o   -c /home/lks/LKS/mp_lks/ros2_ws/build/cecar_lks/CMakeFiles/CMakeTmp/CheckSymbolExists.c
Linking C executable cmTC_628c3
/usr/bin/cmake -E cmake_link_script CMakeFiles/cmTC_628c3.dir/link.txt --verbose=1
/usr/bin/cc      CMakeFiles/cmTC_628c3.dir/CheckSymbolExists.c.o  -o cmTC_628c3 
CMakeFiles/cmTC_628c3.dir/CheckSymbolExists.c.o: In function `main':
CheckSymbolExists.c:(.text+0x14): undefined reference to `pthread_create'
CheckSymbolExists.c:(.text+0x18): undefined reference to `pthread_create'
collect2: error: ld returned 1 exit status
CMakeFiles/cmTC_628c3.dir/build.make:97: recipe for target 'cmTC_628c3' failed
make[1]: *** [cmTC_628c3] Error 1
make[1]: Leaving directory '/home/lks/LKS/mp_lks/ros2_ws/build/cecar_lks/CMakeFiles/CMakeTmp'
Makefile:126: recipe for target 'cmTC_628c3/fast' failed
make: *** [cmTC_628c3/fast] Error 2

File /home/lks/LKS/mp_lks/ros2_ws/build/cecar_lks/CMakeFiles/CMakeTmp/CheckSymbolExists.c:
/* */
#include <pthread.h>

int main(int argc, char** argv)
{
  (void)argv;
#ifndef pthread_create
  return ((int*)(&pthread_create))[argc];
#else
  (void)argc;
  return 0;
#endif
}

Determining if the function pthread_create exists in the pthreads failed with the following output:
Change Dir: /home/lks/LKS/mp_lks/ros2_ws/build/cecar_lks/CMakeFiles/CMakeTmp

Run Build Command:"/usr/bin/make" "cmTC_7ef54/fast"
/usr/bin/make -f CMakeFiles/cmTC_7ef54.dir/build.make CMakeFiles/cmTC_7ef54.dir/build
make[1]: Entering directory '/home/lks/LKS/mp_lks/ros2_ws/build/cecar_lks/CMakeFiles/CMakeTmp'
Building C object CMakeFiles/cmTC_7ef54.dir/CheckFunctionExists.c.o
/usr/bin/cc   -DCHECK_FUNCTION_EXISTS=pthread_create   -o CMakeFiles/cmTC_7ef54.dir/CheckFunctionExists.c.o   -c /usr/share/cmake-3.10/Modules/CheckFunctionExists.c
Linking C executable cmTC_7ef54
/usr/bin/cmake -E cmake_link_script CMakeFiles/cmTC_7ef54.dir/link.txt --verbose=1
/usr/bin/cc  -DCHECK_FUNCTION_EXISTS=pthread_create    CMakeFiles/cmTC_7ef54.dir/CheckFunctionExists.c.o  -o cmTC_7ef54 -lpthreads 
/usr/bin/ld: cannot find -lpthreads
collect2: error: ld returned 1 exit status
CMakeFiles/cmTC_7ef54.dir/build.make:97: recipe for target 'cmTC_7ef54' failed
make[1]: *** [cmTC_7ef54] Error 1
make[1]: Leaving directory '/home/lks/LKS/mp_lks/ros2_ws/build/cecar_lks/CMakeFiles/CMakeTmp'
Makefile:126: recipe for target 'cmTC_7ef54/fast' failed
make: *** [cmTC_7ef54/fast] Error 2


