[0.105s] Invoking command in '/home/lks/LKS/mp_lks/ros2_ws/build/cecar_lks': CMAKE_PREFIX_PATH=${CMAKE_PREFIX_PATH}:/opt/ros/eloquent /usr/bin/cmake --build /home/lks/LKS/mp_lks/ros2_ws/build/cecar_lks -- -j4 -l4
[0.196s] -- Found ament_cmake: 0.8.3 (/opt/ros/eloquent/share/ament_cmake/cmake)
[0.297s] -- Using PYTHON_EXECUTABLE: /usr/bin/python3
[1.173s] -- Found rclcpp: 0.8.5 (/opt/ros/eloquent/share/rclcpp/cmake)
[1.213s] -- Found rosidl_adapter: 0.8.3 (/opt/ros/eloquent/share/rosidl_adapter/cmake)
[1.324s] -- Found rmw_implementation_cmake: 0.8.1 (/opt/ros/eloquent/share/rmw_implementation_cmake/cmake)
[1.329s] -- Using RMW implementation 'rmw_fastrtps_cpp' as default
[1.428s] -- Found std_msgs: 0.8.1 (/opt/ros/eloquent/share/std_msgs/cmake)
[1.924s] -- Configuring done
[2.016s] -- Generating done
[2.023s] -- Build files have been written to: /home/lks/LKS/mp_lks/ros2_ws/build/cecar_lks
[2.105s] [35m[1mScanning dependencies of target hlc[0m
[2.158s] [ 20%] Built target lds
[2.178s] [ 40%] Built target pos
[2.206s] [ 50%] [32mBuilding C object CMakeFiles/hlc.dir/include/rumble.c.o[0m
[2.208s] [ 70%] Built target mp
[2.349s] [ 80%] [32m[1mLinking CXX executable hlc[0m
[2.943s] CMakeFiles/hlc.dir/src/hlc.cpp.o: In function `main':
[2.944s] hlc.cpp:(.text+0x2b8): undefined reference to `get_ready_to_rumble(char*)'
[2.944s] hlc.cpp:(.text+0x2c0): undefined reference to `play_rumble_effect(int)'
[2.945s] hlc.cpp:(.text+0x2c8): undefined reference to `play_rumble_effect(int)'
[2.945s] collect2: error: ld returned 1 exit status
[2.947s] CMakeFiles/hlc.dir/build.make:188: recipe for target 'hlc' failed
[2.948s] make[2]: *** [hlc] Error 1
[2.949s] CMakeFiles/Makefile2:99: recipe for target 'CMakeFiles/hlc.dir/all' failed
[2.949s] make[1]: *** [CMakeFiles/hlc.dir/all] Error 2
[2.950s] Makefile:140: recipe for target 'all' failed
[2.950s] make: *** [all] Error 2
[2.955s] Invoked command in '/home/lks/LKS/mp_lks/ros2_ws/build/cecar_lks' returned '2': CMAKE_PREFIX_PATH=${CMAKE_PREFIX_PATH}:/opt/ros/eloquent /usr/bin/cmake --build /home/lks/LKS/mp_lks/ros2_ws/build/cecar_lks -- -j4 -l4
