[0.093s] Invoking command in '/home/lks/LKS/mp_lks/ros2_ws/build/cecar_lks': CMAKE_PREFIX_PATH=/opt/ros/eloquent /usr/bin/cmake /home/lks/LKS/mp_lks/ros2_ws/src/cecar_lks -DCMAKE_INSTALL_PREFIX=/home/lks/LKS/mp_lks/ros2_ws/install/cecar_lks
[0.265s] -- The C compiler identification is GNU 7.5.0
[0.416s] -- The CXX compiler identification is GNU 7.5.0
[0.425s] -- Check for working C compiler: /usr/bin/cc
[0.638s] -- Check for working C compiler: /usr/bin/cc -- works
[0.639s] -- Detecting C compiler ABI info
[0.851s] -- Detecting C compiler ABI info - done
[0.866s] -- Detecting C compile features
[1.524s] -- Detecting C compile features - done
[1.529s] -- Check for working CXX compiler: /usr/bin/c++
[1.771s] -- Check for working CXX compiler: /usr/bin/c++ -- works
[1.773s] -- Detecting CXX compiler ABI info
[2.011s] -- Detecting CXX compiler ABI info - done
[2.026s] -- Detecting CXX compile features
[3.050s] -- Detecting CXX compile features - done
[3.059s] -- Found ament_cmake: 0.8.3 (/opt/ros/eloquent/share/ament_cmake/cmake)
[3.156s] -- Found PythonInterp: /usr/bin/python3 (found suitable version "3.6.9", minimum required is "3") 
[3.157s] -- Using PYTHON_EXECUTABLE: /usr/bin/python3
[3.986s] -- Found rclcpp: 0.8.5 (/opt/ros/eloquent/share/rclcpp/cmake)
[4.051s] -- Found rosidl_adapter: 0.8.3 (/opt/ros/eloquent/share/rosidl_adapter/cmake)
[4.194s] -- Found rmw_implementation_cmake: 0.8.1 (/opt/ros/eloquent/share/rmw_implementation_cmake/cmake)
[4.197s] -- Using RMW implementation 'rmw_fastrtps_cpp' as default
[4.199s] -- Looking for pthread.h
[4.424s] -- Looking for pthread.h - found
[4.425s] -- Looking for pthread_create
[4.652s] -- Looking for pthread_create - not found
[4.654s] -- Looking for pthread_create in pthreads
[4.859s] -- Looking for pthread_create in pthreads - not found
[4.860s] -- Looking for pthread_create in pthread
[5.088s] -- Looking for pthread_create in pthread - found
[5.091s] -- Found Threads: TRUE  
[5.212s] -- Found std_msgs: 0.8.1 (/opt/ros/eloquent/share/std_msgs/cmake)
[5.667s] -- Configuring done
[5.792s] -- Generating done
[5.797s] -- Build files have been written to: /home/lks/LKS/mp_lks/ros2_ws/build/cecar_lks
[5.811s] Invoked command in '/home/lks/LKS/mp_lks/ros2_ws/build/cecar_lks' returned '0': CMAKE_PREFIX_PATH=/opt/ros/eloquent /usr/bin/cmake /home/lks/LKS/mp_lks/ros2_ws/src/cecar_lks -DCMAKE_INSTALL_PREFIX=/home/lks/LKS/mp_lks/ros2_ws/install/cecar_lks
[5.828s] Invoking command in '/home/lks/LKS/mp_lks/ros2_ws/build/cecar_lks': CMAKE_PREFIX_PATH=/opt/ros/eloquent /usr/bin/cmake --build /home/lks/LKS/mp_lks/ros2_ws/build/cecar_lks -- -j4 -l4
[5.960s] [35m[1mScanning dependencies of target mp[0m
[5.960s] [35m[1mScanning dependencies of target pos[0m
[5.961s] [35m[1mScanning dependencies of target lds[0m
[5.962s] [35m[1mScanning dependencies of target hlc[0m
[6.163s] [ 12%] [32mBuilding CXX object CMakeFiles/mp.dir/src/mp.cpp.o[0m
[6.164s] [ 25%] [32mBuilding CXX object CMakeFiles/pos.dir/src/pos.cpp.o[0m
[6.167s] [ 37%] [32mBuilding CXX object CMakeFiles/hlc.dir/src/hlc.cpp.o[0m
[6.168s] [ 50%] [32mBuilding CXX object CMakeFiles/lds.dir/src/lds.cpp.o[0m
[12.288s] [ 62%] [32m[1mLinking CXX executable pos[0m
[12.300s] [ 75%] [32m[1mLinking CXX executable lds[0m
[12.616s] [ 75%] Built target pos
[12.628s] [ 75%] Built target lds
[14.748s] [ 87%] [32m[1mLinking CXX executable mp[0m
[15.297s] [ 87%] Built target mp
[16.099s] [100%] [32m[1mLinking CXX executable hlc[0m
[16.689s] [100%] Built target hlc
[16.728s] Invoked command in '/home/lks/LKS/mp_lks/ros2_ws/build/cecar_lks' returned '0': CMAKE_PREFIX_PATH=/opt/ros/eloquent /usr/bin/cmake --build /home/lks/LKS/mp_lks/ros2_ws/build/cecar_lks -- -j4 -l4
[16.891s] Invoking command in '/home/lks/LKS/mp_lks/ros2_ws/build/cecar_lks': CMAKE_PREFIX_PATH=/opt/ros/eloquent /usr/bin/cmake --build /home/lks/LKS/mp_lks/ros2_ws/build/cecar_lks --target install -- -j4 -l4
[17.079s] [ 25%] Built target mp
[17.080s] [ 50%] Built target pos
[17.083s] [ 75%] Built target hlc
[17.087s] [100%] Built target lds
[17.147s] [36mInstall the project...[0m
[17.176s] -- Install configuration: ""
[17.176s] -- Installing: /home/lks/LKS/mp_lks/ros2_ws/install/cecar_lks/lib/cecar_lks/lds
[17.177s] -- Set runtime path of "/home/lks/LKS/mp_lks/ros2_ws/install/cecar_lks/lib/cecar_lks/lds" to ""
[17.177s] -- Installing: /home/lks/LKS/mp_lks/ros2_ws/install/cecar_lks/lib/cecar_lks/pos
[17.178s] -- Set runtime path of "/home/lks/LKS/mp_lks/ros2_ws/install/cecar_lks/lib/cecar_lks/pos" to ""
[17.179s] -- Installing: /home/lks/LKS/mp_lks/ros2_ws/install/cecar_lks/lib/cecar_lks/mp
[17.181s] -- Set runtime path of "/home/lks/LKS/mp_lks/ros2_ws/install/cecar_lks/lib/cecar_lks/mp" to ""
[17.182s] -- Installing: /home/lks/LKS/mp_lks/ros2_ws/install/cecar_lks/lib/cecar_lks/hlc
[17.186s] -- Set runtime path of "/home/lks/LKS/mp_lks/ros2_ws/install/cecar_lks/lib/cecar_lks/hlc" to ""
[17.186s] -- Installing: /home/lks/LKS/mp_lks/ros2_ws/install/cecar_lks/share/cecar_lks/launch
[17.186s] -- Installing: /home/lks/LKS/mp_lks/ros2_ws/install/cecar_lks/share/cecar_lks/launch/lks.launch.py
[17.187s] -- Installing: /home/lks/LKS/mp_lks/ros2_ws/install/cecar_lks/share/ament_index/resource_index/package_run_dependencies/cecar_lks
[17.187s] -- Installing: /home/lks/LKS/mp_lks/ros2_ws/install/cecar_lks/share/ament_index/resource_index/parent_prefix_path/cecar_lks
[17.188s] -- Installing: /home/lks/LKS/mp_lks/ros2_ws/install/cecar_lks/share/cecar_lks/environment/ament_prefix_path.sh
[17.188s] -- Installing: /home/lks/LKS/mp_lks/ros2_ws/install/cecar_lks/share/cecar_lks/environment/ament_prefix_path.dsv
[17.189s] -- Installing: /home/lks/LKS/mp_lks/ros2_ws/install/cecar_lks/share/cecar_lks/environment/path.sh
[17.189s] -- Installing: /home/lks/LKS/mp_lks/ros2_ws/install/cecar_lks/share/cecar_lks/environment/path.dsv
[17.189s] -- Installing: /home/lks/LKS/mp_lks/ros2_ws/install/cecar_lks/share/cecar_lks/local_setup.bash
[17.190s] -- Installing: /home/lks/LKS/mp_lks/ros2_ws/install/cecar_lks/share/cecar_lks/local_setup.sh
[17.190s] -- Installing: /home/lks/LKS/mp_lks/ros2_ws/install/cecar_lks/share/cecar_lks/local_setup.zsh
[17.191s] -- Installing: /home/lks/LKS/mp_lks/ros2_ws/install/cecar_lks/share/cecar_lks/local_setup.dsv
[17.191s] -- Installing: /home/lks/LKS/mp_lks/ros2_ws/install/cecar_lks/share/cecar_lks/package.dsv
[17.192s] -- Installing: /home/lks/LKS/mp_lks/ros2_ws/install/cecar_lks/share/ament_index/resource_index/packages/cecar_lks
[17.192s] -- Installing: /home/lks/LKS/mp_lks/ros2_ws/install/cecar_lks/share/cecar_lks/cmake/cecar_lksConfig.cmake
[17.192s] -- Installing: /home/lks/LKS/mp_lks/ros2_ws/install/cecar_lks/share/cecar_lks/cmake/cecar_lksConfig-version.cmake
[17.193s] -- Installing: /home/lks/LKS/mp_lks/ros2_ws/install/cecar_lks/share/cecar_lks/package.xml
[17.205s] Invoked command in '/home/lks/LKS/mp_lks/ros2_ws/build/cecar_lks' returned '0': CMAKE_PREFIX_PATH=/opt/ros/eloquent /usr/bin/cmake --build /home/lks/LKS/mp_lks/ros2_ws/build/cecar_lks --target install -- -j4 -l4
