[1.461s] DEBUG:colcon:Command line arguments: ['/usr/bin/colcon', 'build']
[1.462s] DEBUG:colcon:Parsed command line arguments: Namespace(ament_cmake_args=None, base_paths=['.'], build_base='build', catkin_cmake_args=None, catkin_skip_building_tests=False, cmake_args=None, cmake_clean_cache=False, cmake_clean_first=False, cmake_force_configure=False, cmake_target=None, cmake_target_skip_unavailable=False, continue_on_error=False, event_handlers=None, executor='parallel', ignore_user_meta=False, install_base='install', log_base=None, log_level=None, main=<bound method BuildVerb.main of <colcon_core.verb.build.BuildVerb object at 0x7fb364cbe0>>, merge_install=False, metas=['./colcon.meta'], packages_above=None, packages_above_and_dependencies=None, packages_above_depth=None, packages_end=None, packages_ignore=None, packages_ignore_regex=None, packages_select=None, packages_select_build_failed=False, packages_select_by_dep=None, packages_select_regex=None, packages_select_test_failures=False, packages_skip=None, packages_skip_build_finished=False, packages_skip_by_dep=None, packages_skip_regex=None, packages_skip_test_passed=False, packages_skip_up_to=None, packages_start=None, packages_up_to=None, packages_up_to_regex=None, parallel_workers=4, paths=None, symlink_install=False, test_result_base=None, verb_extension=<colcon_core.verb.build.BuildVerb object at 0x7fb364cbe0>, verb_name='build', verb_parser=<colcon_defaults.argument_parser.defaults.DefaultArgumentsDecorator object at 0x7fb364cf28>)
[1.486s] Level 1:colcon.colcon_core.package_discovery:discover_packages(colcon_meta) check parameters
[1.487s] Level 1:colcon.colcon_core.package_discovery:discover_packages(recursive) check parameters
[1.487s] Level 1:colcon.colcon_core.package_discovery:discover_packages(ignore) check parameters
[1.487s] Level 1:colcon.colcon_core.package_discovery:discover_packages(path) check parameters
[1.488s] Level 1:colcon.colcon_core.package_discovery:discover_packages(colcon_meta) discover
[1.489s] Level 1:colcon.colcon_core.package_discovery:discover_packages(recursive) discover
[1.490s] INFO:colcon.colcon_core.package_discovery:Crawling recursively for packages in '/home/lks/LKS/mp_lks/ros2_ws'
[1.490s] Level 1:colcon.colcon_core.package_identification:_identify(.) by extensions ['ignore', 'ignore_ament_install']
[1.491s] Level 1:colcon.colcon_core.package_identification:_identify(.) by extension 'ignore'
[1.491s] Level 1:colcon.colcon_core.package_identification:_identify(.) by extension 'ignore_ament_install'
[1.492s] Level 1:colcon.colcon_core.package_identification:_identify(.) by extensions ['colcon_pkg']
[1.492s] Level 1:colcon.colcon_core.package_identification:_identify(.) by extension 'colcon_pkg'
[1.492s] Level 1:colcon.colcon_core.package_identification:_identify(.) by extensions ['colcon_meta']
[1.492s] Level 1:colcon.colcon_core.package_identification:_identify(.) by extension 'colcon_meta'
[1.492s] Level 1:colcon.colcon_core.package_identification:_identify(.) by extensions ['ros']
[1.492s] Level 1:colcon.colcon_core.package_identification:_identify(.) by extension 'ros'
[1.545s] Level 1:colcon.colcon_core.package_identification:_identify(.) by extensions ['cmake', 'python']
[1.545s] Level 1:colcon.colcon_core.package_identification:_identify(.) by extension 'cmake'
[1.546s] Level 1:colcon.colcon_core.package_identification:_identify(.) by extension 'python'
[1.546s] Level 1:colcon.colcon_core.package_identification:_identify(.) by extensions ['python_setup_py']
[1.546s] Level 1:colcon.colcon_core.package_identification:_identify(.) by extension 'python_setup_py'
[1.547s] Level 1:colcon.colcon_core.package_identification:_identify(build) by extensions ['ignore', 'ignore_ament_install']
[1.547s] Level 1:colcon.colcon_core.package_identification:_identify(build) by extension 'ignore'
[1.548s] Level 1:colcon.colcon_core.package_identification:_identify(build) ignored
[1.550s] Level 1:colcon.colcon_core.package_identification:_identify(install) by extensions ['ignore', 'ignore_ament_install']
[1.550s] Level 1:colcon.colcon_core.package_identification:_identify(install) by extension 'ignore'
[1.551s] Level 1:colcon.colcon_core.package_identification:_identify(install) ignored
[1.551s] Level 1:colcon.colcon_core.package_identification:_identify(log) by extensions ['ignore', 'ignore_ament_install']
[1.552s] Level 1:colcon.colcon_core.package_identification:_identify(log) by extension 'ignore'
[1.552s] Level 1:colcon.colcon_core.package_identification:_identify(log) ignored
[1.553s] Level 1:colcon.colcon_core.package_identification:_identify(src) by extensions ['ignore', 'ignore_ament_install']
[1.553s] Level 1:colcon.colcon_core.package_identification:_identify(src) by extension 'ignore'
[1.554s] Level 1:colcon.colcon_core.package_identification:_identify(src) by extension 'ignore_ament_install'
[1.554s] Level 1:colcon.colcon_core.package_identification:_identify(src) by extensions ['colcon_pkg']
[1.554s] Level 1:colcon.colcon_core.package_identification:_identify(src) by extension 'colcon_pkg'
[1.554s] Level 1:colcon.colcon_core.package_identification:_identify(src) by extensions ['colcon_meta']
[1.554s] Level 1:colcon.colcon_core.package_identification:_identify(src) by extension 'colcon_meta'
[1.555s] Level 1:colcon.colcon_core.package_identification:_identify(src) by extensions ['ros']
[1.555s] Level 1:colcon.colcon_core.package_identification:_identify(src) by extension 'ros'
[1.555s] Level 1:colcon.colcon_core.package_identification:_identify(src) by extensions ['cmake', 'python']
[1.555s] Level 1:colcon.colcon_core.package_identification:_identify(src) by extension 'cmake'
[1.555s] Level 1:colcon.colcon_core.package_identification:_identify(src) by extension 'python'
[1.556s] Level 1:colcon.colcon_core.package_identification:_identify(src) by extensions ['python_setup_py']
[1.556s] Level 1:colcon.colcon_core.package_identification:_identify(src) by extension 'python_setup_py'
[1.556s] Level 1:colcon.colcon_core.package_identification:_identify(src/cecar_lks) by extensions ['ignore', 'ignore_ament_install']
[1.557s] Level 1:colcon.colcon_core.package_identification:_identify(src/cecar_lks) by extension 'ignore'
[1.557s] Level 1:colcon.colcon_core.package_identification:_identify(src/cecar_lks) by extension 'ignore_ament_install'
[1.557s] Level 1:colcon.colcon_core.package_identification:_identify(src/cecar_lks) by extensions ['colcon_pkg']
[1.557s] Level 1:colcon.colcon_core.package_identification:_identify(src/cecar_lks) by extension 'colcon_pkg'
[1.557s] Level 1:colcon.colcon_core.package_identification:_identify(src/cecar_lks) by extensions ['colcon_meta']
[1.558s] Level 1:colcon.colcon_core.package_identification:_identify(src/cecar_lks) by extension 'colcon_meta'
[1.558s] Level 1:colcon.colcon_core.package_identification:_identify(src/cecar_lks) by extensions ['ros']
[1.558s] Level 1:colcon.colcon_core.package_identification:_identify(src/cecar_lks) by extension 'ros'
[1.569s] DEBUG:colcon.colcon_core.package_identification:Package 'src/cecar_lks' with type 'ros.ament_cmake' and name 'cecar_lks'
[1.569s] Level 1:colcon.colcon_core.package_discovery:discover_packages(recursive) using defaults
[1.570s] Level 1:colcon.colcon_core.package_discovery:discover_packages(ignore) discover
[1.570s] Level 1:colcon.colcon_core.package_discovery:discover_packages(ignore) using defaults
[1.570s] Level 1:colcon.colcon_core.package_discovery:discover_packages(path) discover
[1.571s] Level 1:colcon.colcon_core.package_discovery:discover_packages(path) using defaults
[1.676s] Level 5:colcon.colcon_core.verb:set package 'cecar_lks' build argument 'cmake_args' from command line to 'None'
[1.676s] Level 5:colcon.colcon_core.verb:set package 'cecar_lks' build argument 'cmake_target' from command line to 'None'
[1.676s] Level 5:colcon.colcon_core.verb:set package 'cecar_lks' build argument 'cmake_target_skip_unavailable' from command line to 'False'
[1.677s] Level 5:colcon.colcon_core.verb:set package 'cecar_lks' build argument 'cmake_clean_cache' from command line to 'False'
[1.677s] Level 5:colcon.colcon_core.verb:set package 'cecar_lks' build argument 'cmake_clean_first' from command line to 'False'
[1.677s] Level 5:colcon.colcon_core.verb:set package 'cecar_lks' build argument 'cmake_force_configure' from command line to 'False'
[1.677s] Level 5:colcon.colcon_core.verb:set package 'cecar_lks' build argument 'ament_cmake_args' from command line to 'None'
[1.677s] Level 5:colcon.colcon_core.verb:set package 'cecar_lks' build argument 'catkin_cmake_args' from command line to 'None'
[1.677s] Level 5:colcon.colcon_core.verb:set package 'cecar_lks' build argument 'catkin_skip_building_tests' from command line to 'False'
[1.678s] DEBUG:colcon.colcon_core.verb:Building package 'cecar_lks' with the following arguments: {'ament_cmake_args': None, 'build_base': '/home/lks/LKS/mp_lks/ros2_ws/build/cecar_lks', 'catkin_cmake_args': None, 'catkin_skip_building_tests': False, 'cmake_args': None, 'cmake_clean_cache': False, 'cmake_clean_first': False, 'cmake_force_configure': False, 'cmake_target': None, 'cmake_target_skip_unavailable': False, 'install_base': '/home/lks/LKS/mp_lks/ros2_ws/install/cecar_lks', 'merge_install': False, 'path': '/home/lks/LKS/mp_lks/ros2_ws/src/cecar_lks', 'symlink_install': False, 'test_result_base': None}
[1.679s] INFO:colcon.colcon_core.executor:Executing jobs using 'parallel' executor
[1.696s] DEBUG:colcon.colcon_parallel_executor.executor.parallel:run_until_complete
[1.697s] INFO:colcon.colcon_ros.task.ament_cmake.build:Building ROS package in '/home/lks/LKS/mp_lks/ros2_ws/src/cecar_lks' with build type 'ament_cmake'
[1.698s] INFO:colcon.colcon_cmake.task.cmake.build:Building CMake package in '/home/lks/LKS/mp_lks/ros2_ws/src/cecar_lks'
[1.759s] INFO:colcon.colcon_core.plugin_system:Skipping extension 'colcon_core.shell.bat': Not used on non-Windows systems
[1.761s] INFO:colcon.colcon_core.shell:Skip shell extension 'powershell' for command environment: Not usable outside of PowerShell
[1.761s] DEBUG:colcon.colcon_core.shell:Skip shell extension 'dsv' for command environment
[1.777s] DEBUG:colcon.colcon_core.shell:Ignoring prefix path '/opt/ros/eloquent'
[1.811s] DEBUG:colcon.colcon_core.event_handler.log_command:Invoking command in '/home/lks/LKS/mp_lks/ros2_ws/build/cecar_lks': CMAKE_PREFIX_PATH=${CMAKE_PREFIX_PATH}:/opt/ros/eloquent /usr/bin/cmake --build /home/lks/LKS/mp_lks/ros2_ws/build/cecar_lks -- -j4 -l4
[12.687s] DEBUG:colcon.colcon_core.event_handler.log_command:Invoked command in '/home/lks/LKS/mp_lks/ros2_ws/build/cecar_lks' returned '0': CMAKE_PREFIX_PATH=${CMAKE_PREFIX_PATH}:/opt/ros/eloquent /usr/bin/cmake --build /home/lks/LKS/mp_lks/ros2_ws/build/cecar_lks -- -j4 -l4
[12.872s] DEBUG:colcon.colcon_core.event_handler.log_command:Invoking command in '/home/lks/LKS/mp_lks/ros2_ws/build/cecar_lks': CMAKE_PREFIX_PATH=${CMAKE_PREFIX_PATH}:/opt/ros/eloquent /usr/bin/cmake --build /home/lks/LKS/mp_lks/ros2_ws/build/cecar_lks --target install -- -j4 -l4
[13.245s] Level 1:colcon.colcon_core.environment:create_environment_scripts_only(cecar_lks)
[13.252s] DEBUG:colcon.colcon_core.event_handler.log_command:Invoked command in '/home/lks/LKS/mp_lks/ros2_ws/build/cecar_lks' returned '0': CMAKE_PREFIX_PATH=${CMAKE_PREFIX_PATH}:/opt/ros/eloquent /usr/bin/cmake --build /home/lks/LKS/mp_lks/ros2_ws/build/cecar_lks --target install -- -j4 -l4
[13.269s] Level 1:colcon.colcon_core.environment:checking '/home/lks/LKS/mp_lks/ros2_ws/install/cecar_lks' for CMake module files
[13.272s] Level 1:colcon.colcon_core.environment:checking '/home/lks/LKS/mp_lks/ros2_ws/install/cecar_lks' for CMake config files
[13.274s] Level 1:colcon.colcon_core.shell:create_environment_hook('cecar_lks', 'cmake_prefix_path')
[13.277s] INFO:colcon.colcon_core.shell:Creating environment hook '/home/lks/LKS/mp_lks/ros2_ws/install/cecar_lks/share/cecar_lks/hook/cmake_prefix_path.ps1'
[13.280s] INFO:colcon.colcon_core.shell:Creating environment descriptor '/home/lks/LKS/mp_lks/ros2_ws/install/cecar_lks/share/cecar_lks/hook/cmake_prefix_path.dsv'
[13.283s] INFO:colcon.colcon_core.shell:Creating environment hook '/home/lks/LKS/mp_lks/ros2_ws/install/cecar_lks/share/cecar_lks/hook/cmake_prefix_path.sh'
[13.289s] Level 1:colcon.colcon_core.environment:checking '/home/lks/LKS/mp_lks/ros2_ws/install/cecar_lks/lib'
[13.289s] Level 1:colcon.colcon_core.environment:checking '/home/lks/LKS/mp_lks/ros2_ws/install/cecar_lks/bin'
[13.290s] Level 1:colcon.colcon_core.environment:checking '/home/lks/LKS/mp_lks/ros2_ws/install/cecar_lks/lib/pkgconfig/cecar_lks.pc'
[13.290s] Level 1:colcon.colcon_core.environment:checking '/home/lks/LKS/mp_lks/ros2_ws/install/cecar_lks/lib/python3.6/site-packages'
[13.294s] INFO:colcon.colcon_core.shell:Creating package script '/home/lks/LKS/mp_lks/ros2_ws/install/cecar_lks/share/cecar_lks/package.ps1'
[13.299s] INFO:colcon.colcon_core.shell:Creating package descriptor '/home/lks/LKS/mp_lks/ros2_ws/install/cecar_lks/share/cecar_lks/package.dsv'
[13.301s] INFO:colcon.colcon_core.shell:Creating package script '/home/lks/LKS/mp_lks/ros2_ws/install/cecar_lks/share/cecar_lks/package.sh'
[13.306s] INFO:colcon.colcon_core.shell:Creating package script '/home/lks/LKS/mp_lks/ros2_ws/install/cecar_lks/share/cecar_lks/package.bash'
[13.310s] INFO:colcon.colcon_core.shell:Creating package script '/home/lks/LKS/mp_lks/ros2_ws/install/cecar_lks/share/cecar_lks/package.zsh'
[13.314s] Level 1:colcon.colcon_core.environment:create_file_with_runtime_dependencies(/home/lks/LKS/mp_lks/ros2_ws/install/cecar_lks/share/colcon-core/packages/cecar_lks)
[13.453s] Level 1:colcon.colcon_core.environment:create_environment_scripts_only(cecar_lks)
[13.459s] Level 1:colcon.colcon_core.environment:checking '/home/lks/LKS/mp_lks/ros2_ws/install/cecar_lks' for CMake module files
[13.462s] Level 1:colcon.colcon_core.environment:checking '/home/lks/LKS/mp_lks/ros2_ws/install/cecar_lks' for CMake config files
[13.463s] Level 1:colcon.colcon_core.shell:create_environment_hook('cecar_lks', 'cmake_prefix_path')
[13.466s] INFO:colcon.colcon_core.shell:Creating environment hook '/home/lks/LKS/mp_lks/ros2_ws/install/cecar_lks/share/cecar_lks/hook/cmake_prefix_path.ps1'
[13.468s] INFO:colcon.colcon_core.shell:Creating environment descriptor '/home/lks/LKS/mp_lks/ros2_ws/install/cecar_lks/share/cecar_lks/hook/cmake_prefix_path.dsv'
[13.470s] INFO:colcon.colcon_core.shell:Creating environment hook '/home/lks/LKS/mp_lks/ros2_ws/install/cecar_lks/share/cecar_lks/hook/cmake_prefix_path.sh'
[13.473s] Level 1:colcon.colcon_core.environment:checking '/home/lks/LKS/mp_lks/ros2_ws/install/cecar_lks/lib'
[13.474s] Level 1:colcon.colcon_core.environment:checking '/home/lks/LKS/mp_lks/ros2_ws/install/cecar_lks/bin'
[13.474s] Level 1:colcon.colcon_core.environment:checking '/home/lks/LKS/mp_lks/ros2_ws/install/cecar_lks/lib/pkgconfig/cecar_lks.pc'
[13.474s] Level 1:colcon.colcon_core.environment:checking '/home/lks/LKS/mp_lks/ros2_ws/install/cecar_lks/lib/python3.6/site-packages'
[13.478s] INFO:colcon.colcon_core.shell:Creating package script '/home/lks/LKS/mp_lks/ros2_ws/install/cecar_lks/share/cecar_lks/package.ps1'
[13.480s] INFO:colcon.colcon_core.shell:Creating package descriptor '/home/lks/LKS/mp_lks/ros2_ws/install/cecar_lks/share/cecar_lks/package.dsv'
[13.481s] INFO:colcon.colcon_core.shell:Creating package script '/home/lks/LKS/mp_lks/ros2_ws/install/cecar_lks/share/cecar_lks/package.sh'
[13.483s] INFO:colcon.colcon_core.shell:Creating package script '/home/lks/LKS/mp_lks/ros2_ws/install/cecar_lks/share/cecar_lks/package.bash'
[13.485s] INFO:colcon.colcon_core.shell:Creating package script '/home/lks/LKS/mp_lks/ros2_ws/install/cecar_lks/share/cecar_lks/package.zsh'
[13.488s] Level 1:colcon.colcon_core.environment:create_file_with_runtime_dependencies(/home/lks/LKS/mp_lks/ros2_ws/install/cecar_lks/share/colcon-core/packages/cecar_lks)
[13.490s] DEBUG:colcon.colcon_parallel_executor.executor.parallel:closing loop
[13.491s] DEBUG:colcon.colcon_parallel_executor.executor.parallel:loop closed
[13.492s] DEBUG:colcon.colcon_parallel_executor.executor.parallel:run_until_complete finished with '0'
[13.493s] DEBUG:colcon.colcon_core.event_reactor:joining thread
[13.522s] INFO:colcon.colcon_core.plugin_system:Skipping extension 'colcon_notification.desktop_notification.terminal_notifier': Not used on non-Darwin systems
[13.523s] INFO:colcon.colcon_core.plugin_system:Skipping extension 'colcon_notification.desktop_notification.win32': Not used on non-Windows systems
[13.524s] INFO:colcon.colcon_notification.desktop_notification:Sending desktop notification using 'notify2'
[13.553s] DEBUG:colcon.colcon_core.event_reactor:joined thread
[13.556s] INFO:colcon.colcon_core.shell:Creating prefix script '/home/lks/LKS/mp_lks/ros2_ws/install/local_setup.ps1'
[13.562s] INFO:colcon.colcon_core.shell:Creating prefix util module '/home/lks/LKS/mp_lks/ros2_ws/install/_local_setup_util_ps1.py'
[13.570s] INFO:colcon.colcon_core.shell:Creating prefix chain script '/home/lks/LKS/mp_lks/ros2_ws/install/setup.ps1'
[13.581s] INFO:colcon.colcon_core.shell:Creating prefix script '/home/lks/LKS/mp_lks/ros2_ws/install/local_setup.sh'
[13.585s] INFO:colcon.colcon_core.shell:Creating prefix util module '/home/lks/LKS/mp_lks/ros2_ws/install/_local_setup_util_sh.py'
[13.587s] INFO:colcon.colcon_core.shell:Creating prefix chain script '/home/lks/LKS/mp_lks/ros2_ws/install/setup.sh'
[13.601s] INFO:colcon.colcon_core.shell:Creating prefix script '/home/lks/LKS/mp_lks/ros2_ws/install/local_setup.bash'
[13.604s] INFO:colcon.colcon_core.shell:Creating prefix chain script '/home/lks/LKS/mp_lks/ros2_ws/install/setup.bash'
[13.615s] INFO:colcon.colcon_core.shell:Creating prefix script '/home/lks/LKS/mp_lks/ros2_ws/install/local_setup.zsh'
[13.618s] INFO:colcon.colcon_core.shell:Creating prefix chain script '/home/lks/LKS/mp_lks/ros2_ws/install/setup.zsh'
