[0.104s] Invoking command in '/home/lks/LKS/mp_lks/ros2_ws/build/cecar_lks': CMAKE_PREFIX_PATH=${CMAKE_PREFIX_PATH}:/opt/ros/eloquent /usr/bin/cmake --build /home/lks/LKS/mp_lks/ros2_ws/build/cecar_lks -- -j4 -l4
[0.197s] -- Found ament_cmake: 0.8.3 (/opt/ros/eloquent/share/ament_cmake/cmake)
[0.301s] -- Using PYTHON_EXECUTABLE: /usr/bin/python3
[1.187s] -- Found rclcpp: 0.8.5 (/opt/ros/eloquent/share/rclcpp/cmake)
[1.228s] -- Found rosidl_adapter: 0.8.3 (/opt/ros/eloquent/share/rosidl_adapter/cmake)
[1.341s] -- Found rmw_implementation_cmake: 0.8.1 (/opt/ros/eloquent/share/rmw_implementation_cmake/cmake)
[1.345s] -- Using RMW implementation 'rmw_fastrtps_cpp' as default
[1.446s] -- Found std_msgs: 0.8.1 (/opt/ros/eloquent/share/std_msgs/cmake)
[1.950s] -- Configuring done
[2.044s] -- Generating done
[2.050s] -- Build files have been written to: /home/lks/LKS/mp_lks/ros2_ws/build/cecar_lks
[2.148s] [35m[1mScanning dependencies of target hlc[0m
[2.205s] [ 22%] Built target lds
[2.210s] [ 44%] Built target mp
[2.217s] [ 66%] Built target pos
[2.251s] [ 77%] [32mBuilding C object CMakeFiles/hlc.dir/include/Joystick/wordwarvi/rumble.c.o[0m
[2.253s] [ 88%] [32mBuilding CXX object CMakeFiles/hlc.dir/src/hlc.cpp.o[0m
[12.273s] [100%] [32m[1mLinking CXX executable hlc[0m
[12.871s] CMakeFiles/hlc.dir/src/hlc.cpp.o: In function `main':
[12.871s] hlc.cpp:(.text+0x2b8): undefined reference to `get_ready_to_rumble(char*)'
[12.872s] hlc.cpp:(.text+0x2c0): undefined reference to `play_rumble_effect(int)'
[12.872s] hlc.cpp:(.text+0x2c8): undefined reference to `play_rumble_effect(int)'
[12.873s] collect2: error: ld returned 1 exit status
[12.875s] CMakeFiles/hlc.dir/build.make:162: recipe for target 'hlc' failed
[12.876s] make[2]: *** [hlc] Error 1
[12.877s] CMakeFiles/Makefile2:99: recipe for target 'CMakeFiles/hlc.dir/all' failed
[12.877s] make[1]: *** [CMakeFiles/hlc.dir/all] Error 2
[12.878s] Makefile:140: recipe for target 'all' failed
[12.878s] make: *** [all] Error 2
[12.882s] Invoked command in '/home/lks/LKS/mp_lks/ros2_ws/build/cecar_lks' returned '2': CMAKE_PREFIX_PATH=${CMAKE_PREFIX_PATH}:/opt/ros/eloquent /usr/bin/cmake --build /home/lks/LKS/mp_lks/ros2_ws/build/cecar_lks -- -j4 -l4
