[0.096s] Invoking command in '/home/lks/LKS/mp_lks/ros2_ws/build/cecar_lks': CMAKE_PREFIX_PATH=/opt/ros/eloquent /usr/bin/cmake --build /home/lks/LKS/mp_lks/ros2_ws/build/cecar_lks -- -j4 -l4
[0.256s] [35m[1mScanning dependencies of target hlc[0m
[0.297s] [ 77%] Built target mp
[0.297s] [ 77%] Built target lds
[0.305s] [ 77%] Built target pos
[0.333s] [ 77%] [32mBuilding CXX object CMakeFiles/hlc.dir/src/hlc.cpp.o[0m
[0.334s] [ 77%] [32mBuilding C object CMakeFiles/hlc.dir/src/warning.c.o[0m
[0.391s] [01m[K/home/lks/LKS/mp_lks/ros2_ws/src/cecar_lks/src/warning.c:[m[K In function ‘[01m[Kjoy_reopen[m[K’:
[0.391s] [01m[K/home/lks/LKS/mp_lks/ros2_ws/src/cecar_lks/src/warning.c:90:1:[m[K [01;35m[Kwarning: [m[Kcontrol reaches end of non-void function [[01;35m[K-Wreturn-type[m[K]
[0.392s]  [01;35m[K}[m[K
[0.392s]  [01;35m[K^[m[K
[0.393s] [01m[K/home/lks/LKS/mp_lks/ros2_ws/src/cecar_lks/src/warning.c:[m[K In function ‘[01m[Kjoyrumble[m[K’:
[0.393s] [01m[K/home/lks/LKS/mp_lks/ros2_ws/src/cecar_lks/src/warning.c:315:1:[m[K [01;35m[Kwarning: [m[Kcontrol reaches end of non-void function [[01;35m[K-Wreturn-type[m[K]
[0.394s]  [01;35m[K}[m[K
[0.394s]  [01;35m[K^[m[K
[8.992s] [ 77%] [32m[1mLinking CXX executable hlc[0m
[9.596s] [ 77%] Built target hlc
[9.636s] Invoked command in '/home/lks/LKS/mp_lks/ros2_ws/build/cecar_lks' returned '0': CMAKE_PREFIX_PATH=/opt/ros/eloquent /usr/bin/cmake --build /home/lks/LKS/mp_lks/ros2_ws/build/cecar_lks -- -j4 -l4
[9.806s] Invoking command in '/home/lks/LKS/mp_lks/ros2_ws/build/cecar_lks': CMAKE_PREFIX_PATH=/opt/ros/eloquent /usr/bin/cmake --build /home/lks/LKS/mp_lks/ros2_ws/build/cecar_lks --target install -- -j4 -l4
[9.995s] [ 77%] Built target pos
[9.996s] [ 77%] Built target lds
[9.998s] [ 77%] Built target hlc
[10.000s] [ 77%] Built target mp
[10.059s] [36mInstall the project...[0m
[10.087s] -- Install configuration: ""
[10.088s] -- Up-to-date: /home/lks/LKS/mp_lks/ros2_ws/install/cecar_lks/lib/cecar_lks/lds
[10.089s] -- Up-to-date: /home/lks/LKS/mp_lks/ros2_ws/install/cecar_lks/lib/cecar_lks/pos
[10.090s] -- Up-to-date: /home/lks/LKS/mp_lks/ros2_ws/install/cecar_lks/lib/cecar_lks/mp
[10.091s] -- Installing: /home/lks/LKS/mp_lks/ros2_ws/install/cecar_lks/lib/cecar_lks/hlc
[10.095s] -- Set runtime path of "/home/lks/LKS/mp_lks/ros2_ws/install/cecar_lks/lib/cecar_lks/hlc" to ""
[10.096s] -- Up-to-date: /home/lks/LKS/mp_lks/ros2_ws/install/cecar_lks/share/cecar_lks/launch
[10.096s] -- Up-to-date: /home/lks/LKS/mp_lks/ros2_ws/install/cecar_lks/share/cecar_lks/launch/lks.launch.py
[10.097s] -- Up-to-date: /home/lks/LKS/mp_lks/ros2_ws/install/cecar_lks/share/ament_index/resource_index/package_run_dependencies/cecar_lks
[10.098s] -- Up-to-date: /home/lks/LKS/mp_lks/ros2_ws/install/cecar_lks/share/ament_index/resource_index/parent_prefix_path/cecar_lks
[10.098s] -- Up-to-date: /home/lks/LKS/mp_lks/ros2_ws/install/cecar_lks/share/cecar_lks/environment/ament_prefix_path.sh
[10.099s] -- Up-to-date: /home/lks/LKS/mp_lks/ros2_ws/install/cecar_lks/share/cecar_lks/environment/ament_prefix_path.dsv
[10.099s] -- Up-to-date: /home/lks/LKS/mp_lks/ros2_ws/install/cecar_lks/share/cecar_lks/environment/path.sh
[10.100s] -- Up-to-date: /home/lks/LKS/mp_lks/ros2_ws/install/cecar_lks/share/cecar_lks/environment/path.dsv
[10.101s] -- Up-to-date: /home/lks/LKS/mp_lks/ros2_ws/install/cecar_lks/share/cecar_lks/local_setup.bash
[10.101s] -- Up-to-date: /home/lks/LKS/mp_lks/ros2_ws/install/cecar_lks/share/cecar_lks/local_setup.sh
[10.102s] -- Up-to-date: /home/lks/LKS/mp_lks/ros2_ws/install/cecar_lks/share/cecar_lks/local_setup.zsh
[10.102s] -- Up-to-date: /home/lks/LKS/mp_lks/ros2_ws/install/cecar_lks/share/cecar_lks/local_setup.dsv
[10.103s] -- Installing: /home/lks/LKS/mp_lks/ros2_ws/install/cecar_lks/share/cecar_lks/package.dsv
[10.103s] -- Up-to-date: /home/lks/LKS/mp_lks/ros2_ws/install/cecar_lks/share/ament_index/resource_index/packages/cecar_lks
[10.104s] -- Up-to-date: /home/lks/LKS/mp_lks/ros2_ws/install/cecar_lks/share/cecar_lks/cmake/cecar_lksConfig.cmake
[10.105s] -- Up-to-date: /home/lks/LKS/mp_lks/ros2_ws/install/cecar_lks/share/cecar_lks/cmake/cecar_lksConfig-version.cmake
[10.106s] -- Up-to-date: /home/lks/LKS/mp_lks/ros2_ws/install/cecar_lks/share/cecar_lks/package.xml
[10.110s] Invoked command in '/home/lks/LKS/mp_lks/ros2_ws/build/cecar_lks' returned '0': CMAKE_PREFIX_PATH=/opt/ros/eloquent /usr/bin/cmake --build /home/lks/LKS/mp_lks/ros2_ws/build/cecar_lks --target install -- -j4 -l4
