[35m[1mScanning dependencies of target mp[0m
[35m[1mScanning dependencies of target hlc[0m
[ 25%] Built target lds
[ 50%] Built target pos
[ 62%] [32mBuilding CXX object CMakeFiles/mp.dir/src/mp.cpp.o[0m
[ 75%] [32mBuilding CXX object CMakeFiles/hlc.dir/src/hlc.cpp.o[0m
[ 87%] [32m[1mLinking CXX executable hlc[0m
[100%] [32m[1mLinking CXX executable mp[0m
[100%] Built target hlc
[100%] Built target mp
[ 25%] Built target lds
[ 50%] Built target mp
[ 75%] Built target hlc
[100%] Built target pos
[36mInstall the project...[0m
-- Install configuration: ""
-- Up-to-date: /root/mp_lks/ros2_ws/install/cecar_lks/lib/cecar_lks/lds
-- Up-to-date: /root/mp_lks/ros2_ws/install/cecar_lks/lib/cecar_lks/pos
-- Installing: /root/mp_lks/ros2_ws/install/cecar_lks/lib/cecar_lks/mp
-- Set runtime path of "/root/mp_lks/ros2_ws/install/cecar_lks/lib/cecar_lks/mp" to ""
-- Installing: /root/mp_lks/ros2_ws/install/cecar_lks/lib/cecar_lks/hlc
-- Set runtime path of "/root/mp_lks/ros2_ws/install/cecar_lks/lib/cecar_lks/hlc" to ""
-- Up-to-date: /root/mp_lks/ros2_ws/install/cecar_lks/share/cecar_lks/launch
-- Up-to-date: /root/mp_lks/ros2_ws/install/cecar_lks/share/cecar_lks/launch/lks.launch.py
-- Up-to-date: /root/mp_lks/ros2_ws/install/cecar_lks/share/ament_index/resource_index/package_run_dependencies/cecar_lks
-- Up-to-date: /root/mp_lks/ros2_ws/install/cecar_lks/share/ament_index/resource_index/parent_prefix_path/cecar_lks
-- Up-to-date: /root/mp_lks/ros2_ws/install/cecar_lks/share/cecar_lks/environment/ament_prefix_path.sh
-- Up-to-date: /root/mp_lks/ros2_ws/install/cecar_lks/share/cecar_lks/environment/ament_prefix_path.dsv
-- Up-to-date: /root/mp_lks/ros2_ws/install/cecar_lks/share/cecar_lks/environment/path.sh
-- Up-to-date: /root/mp_lks/ros2_ws/install/cecar_lks/share/cecar_lks/environment/path.dsv
-- Up-to-date: /root/mp_lks/ros2_ws/install/cecar_lks/share/cecar_lks/local_setup.bash
-- Up-to-date: /root/mp_lks/ros2_ws/install/cecar_lks/share/cecar_lks/local_setup.sh
-- Up-to-date: /root/mp_lks/ros2_ws/install/cecar_lks/share/cecar_lks/local_setup.zsh
-- Up-to-date: /root/mp_lks/ros2_ws/install/cecar_lks/share/cecar_lks/local_setup.dsv
-- Installing: /root/mp_lks/ros2_ws/install/cecar_lks/share/cecar_lks/package.dsv
-- Up-to-date: /root/mp_lks/ros2_ws/install/cecar_lks/share/ament_index/resource_index/packages/cecar_lks
-- Up-to-date: /root/mp_lks/ros2_ws/install/cecar_lks/share/cecar_lks/cmake/cecar_lksConfig.cmake
-- Up-to-date: /root/mp_lks/ros2_ws/install/cecar_lks/share/cecar_lks/cmake/cecar_lksConfig-version.cmake
-- Up-to-date: /root/mp_lks/ros2_ws/install/cecar_lks/share/cecar_lks/package.xml
