[0.031s] Invoking command in '/root/mp_lks/ros2_ws/build/cecar_lks': CMAKE_PREFIX_PATH=${CMAKE_PREFIX_PATH}:/opt/ros/eloquent /usr/bin/cmake --build /root/mp_lks/ros2_ws/build/cecar_lks -- -j4 -l4
[0.092s] [35m[1mScanning dependencies of target mp[0m
[0.111s] [35m[1mScanning dependencies of target hlc[0m
[0.117s] [ 25%] Built target lds
[0.133s] [ 50%] Built target pos
[0.145s] [ 62%] [32mBuilding CXX object CMakeFiles/mp.dir/src/mp.cpp.o[0m
[0.145s] [ 75%] [32mBuilding CXX object CMakeFiles/hlc.dir/src/hlc.cpp.o[0m
[2.919s] [ 87%] [32m[1mLinking CXX executable hlc[0m
[2.946s] [100%] [32m[1mLinking CXX executable mp[0m
[3.146s] [100%] Built target hlc
[3.185s] [100%] Built target mp
[3.199s] Invoked command in '/root/mp_lks/ros2_ws/build/cecar_lks' returned '0': CMAKE_PREFIX_PATH=${CMAKE_PREFIX_PATH}:/opt/ros/eloquent /usr/bin/cmake --build /root/mp_lks/ros2_ws/build/cecar_lks -- -j4 -l4
[3.240s] Invoking command in '/root/mp_lks/ros2_ws/build/cecar_lks': CMAKE_PREFIX_PATH=${CMAKE_PREFIX_PATH}:/opt/ros/eloquent /usr/bin/cmake --build /root/mp_lks/ros2_ws/build/cecar_lks --target install -- -j4 -l4
[3.311s] [ 25%] Built target lds
[3.312s] [ 50%] Built target mp
[3.314s] [ 75%] Built target hlc
[3.322s] [100%] Built target pos
[3.345s] [36mInstall the project...[0m
[3.359s] -- Install configuration: ""
[3.359s] -- Up-to-date: /root/mp_lks/ros2_ws/install/cecar_lks/lib/cecar_lks/lds
[3.360s] -- Up-to-date: /root/mp_lks/ros2_ws/install/cecar_lks/lib/cecar_lks/pos
[3.360s] -- Installing: /root/mp_lks/ros2_ws/install/cecar_lks/lib/cecar_lks/mp
[3.361s] -- Set runtime path of "/root/mp_lks/ros2_ws/install/cecar_lks/lib/cecar_lks/mp" to ""
[3.362s] -- Installing: /root/mp_lks/ros2_ws/install/cecar_lks/lib/cecar_lks/hlc
[3.363s] -- Set runtime path of "/root/mp_lks/ros2_ws/install/cecar_lks/lib/cecar_lks/hlc" to ""
[3.363s] -- Up-to-date: /root/mp_lks/ros2_ws/install/cecar_lks/share/cecar_lks/launch
[3.363s] -- Up-to-date: /root/mp_lks/ros2_ws/install/cecar_lks/share/cecar_lks/launch/lks.launch.py
[3.364s] -- Up-to-date: /root/mp_lks/ros2_ws/install/cecar_lks/share/ament_index/resource_index/package_run_dependencies/cecar_lks
[3.364s] -- Up-to-date: /root/mp_lks/ros2_ws/install/cecar_lks/share/ament_index/resource_index/parent_prefix_path/cecar_lks
[3.364s] -- Up-to-date: /root/mp_lks/ros2_ws/install/cecar_lks/share/cecar_lks/environment/ament_prefix_path.sh
[3.364s] -- Up-to-date: /root/mp_lks/ros2_ws/install/cecar_lks/share/cecar_lks/environment/ament_prefix_path.dsv
[3.364s] -- Up-to-date: /root/mp_lks/ros2_ws/install/cecar_lks/share/cecar_lks/environment/path.sh
[3.364s] -- Up-to-date: /root/mp_lks/ros2_ws/install/cecar_lks/share/cecar_lks/environment/path.dsv
[3.364s] -- Up-to-date: /root/mp_lks/ros2_ws/install/cecar_lks/share/cecar_lks/local_setup.bash
[3.364s] -- Up-to-date: /root/mp_lks/ros2_ws/install/cecar_lks/share/cecar_lks/local_setup.sh
[3.364s] -- Up-to-date: /root/mp_lks/ros2_ws/install/cecar_lks/share/cecar_lks/local_setup.zsh
[3.364s] -- Up-to-date: /root/mp_lks/ros2_ws/install/cecar_lks/share/cecar_lks/local_setup.dsv
[3.365s] -- Installing: /root/mp_lks/ros2_ws/install/cecar_lks/share/cecar_lks/package.dsv
[3.365s] -- Up-to-date: /root/mp_lks/ros2_ws/install/cecar_lks/share/ament_index/resource_index/packages/cecar_lks
[3.365s] -- Up-to-date: /root/mp_lks/ros2_ws/install/cecar_lks/share/cecar_lks/cmake/cecar_lksConfig.cmake
[3.365s] -- Up-to-date: /root/mp_lks/ros2_ws/install/cecar_lks/share/cecar_lks/cmake/cecar_lksConfig-version.cmake
[3.365s] -- Up-to-date: /root/mp_lks/ros2_ws/install/cecar_lks/share/cecar_lks/package.xml
[3.368s] Invoked command in '/root/mp_lks/ros2_ws/build/cecar_lks' returned '0': CMAKE_PREFIX_PATH=${CMAKE_PREFIX_PATH}:/opt/ros/eloquent /usr/bin/cmake --build /root/mp_lks/ros2_ws/build/cecar_lks --target install -- -j4 -l4
