[0.107s] Invoking command in '/home/lks/LKS/mp_lks/ros2_ws/build/cecar_lks': CMAKE_PREFIX_PATH=${CMAKE_PREFIX_PATH}:/opt/ros/eloquent /usr/bin/cmake --build /home/lks/LKS/mp_lks/ros2_ws/build/cecar_lks -- -j4 -l4
[0.256s] [35m[1mScanning dependencies of target hlc[0m
[0.306s] [ 77%] Built target mp
[0.306s] [ 77%] Built target pos
[0.312s] [ 77%] Built target lds
[0.344s] [ 77%] [32mBuilding CXX object CMakeFiles/hlc.dir/src/hlc.cpp.o[0m
[9.019s] [ 77%] [32m[1mLinking CXX executable hlc[0m
[9.621s] [ 77%] Built target hlc
[9.658s] Invoked command in '/home/lks/LKS/mp_lks/ros2_ws/build/cecar_lks' returned '0': CMAKE_PREFIX_PATH=${CMAKE_PREFIX_PATH}:/opt/ros/eloquent /usr/bin/cmake --build /home/lks/LKS/mp_lks/ros2_ws/build/cecar_lks -- -j4 -l4
[9.831s] Invoking command in '/home/lks/LKS/mp_lks/ros2_ws/build/cecar_lks': CMAKE_PREFIX_PATH=${CMAKE_PREFIX_PATH}:/opt/ros/eloquent /usr/bin/cmake --build /home/lks/LKS/mp_lks/ros2_ws/build/cecar_lks --target install -- -j4 -l4
[10.016s] [ 77%] Built target pos
[10.017s] [ 77%] Built target hlc
[10.019s] [ 77%] Built target mp
[10.034s] [ 77%] Built target lds
[10.094s] [36mInstall the project...[0m
[10.125s] -- Install configuration: ""
[10.126s] -- Up-to-date: /home/lks/LKS/mp_lks/ros2_ws/install/cecar_lks/lib/cecar_lks/lds
[10.126s] -- Up-to-date: /home/lks/LKS/mp_lks/ros2_ws/install/cecar_lks/lib/cecar_lks/pos
[10.127s] -- Up-to-date: /home/lks/LKS/mp_lks/ros2_ws/install/cecar_lks/lib/cecar_lks/mp
[10.128s] -- Installing: /home/lks/LKS/mp_lks/ros2_ws/install/cecar_lks/lib/cecar_lks/hlc
[10.132s] -- Set runtime path of "/home/lks/LKS/mp_lks/ros2_ws/install/cecar_lks/lib/cecar_lks/hlc" to ""
[10.133s] -- Up-to-date: /home/lks/LKS/mp_lks/ros2_ws/install/cecar_lks/share/cecar_lks/launch
[10.134s] -- Up-to-date: /home/lks/LKS/mp_lks/ros2_ws/install/cecar_lks/share/cecar_lks/launch/lks.launch.py
[10.134s] -- Up-to-date: /home/lks/LKS/mp_lks/ros2_ws/install/cecar_lks/share/ament_index/resource_index/package_run_dependencies/cecar_lks
[10.134s] -- Up-to-date: /home/lks/LKS/mp_lks/ros2_ws/install/cecar_lks/share/ament_index/resource_index/parent_prefix_path/cecar_lks
[10.135s] -- Up-to-date: /home/lks/LKS/mp_lks/ros2_ws/install/cecar_lks/share/cecar_lks/environment/ament_prefix_path.sh
[10.135s] -- Up-to-date: /home/lks/LKS/mp_lks/ros2_ws/install/cecar_lks/share/cecar_lks/environment/ament_prefix_path.dsv
[10.136s] -- Up-to-date: /home/lks/LKS/mp_lks/ros2_ws/install/cecar_lks/share/cecar_lks/environment/path.sh
[10.136s] -- Up-to-date: /home/lks/LKS/mp_lks/ros2_ws/install/cecar_lks/share/cecar_lks/environment/path.dsv
[10.137s] -- Up-to-date: /home/lks/LKS/mp_lks/ros2_ws/install/cecar_lks/share/cecar_lks/local_setup.bash
[10.137s] -- Up-to-date: /home/lks/LKS/mp_lks/ros2_ws/install/cecar_lks/share/cecar_lks/local_setup.sh
[10.137s] -- Up-to-date: /home/lks/LKS/mp_lks/ros2_ws/install/cecar_lks/share/cecar_lks/local_setup.zsh
[10.138s] -- Up-to-date: /home/lks/LKS/mp_lks/ros2_ws/install/cecar_lks/share/cecar_lks/local_setup.dsv
[10.138s] -- Installing: /home/lks/LKS/mp_lks/ros2_ws/install/cecar_lks/share/cecar_lks/package.dsv
[10.139s] -- Up-to-date: /home/lks/LKS/mp_lks/ros2_ws/install/cecar_lks/share/ament_index/resource_index/packages/cecar_lks
[10.139s] -- Up-to-date: /home/lks/LKS/mp_lks/ros2_ws/install/cecar_lks/share/cecar_lks/cmake/cecar_lksConfig.cmake
[10.140s] -- Up-to-date: /home/lks/LKS/mp_lks/ros2_ws/install/cecar_lks/share/cecar_lks/cmake/cecar_lksConfig-version.cmake
[10.140s] -- Up-to-date: /home/lks/LKS/mp_lks/ros2_ws/install/cecar_lks/share/cecar_lks/package.xml
[10.146s] Invoked command in '/home/lks/LKS/mp_lks/ros2_ws/build/cecar_lks' returned '0': CMAKE_PREFIX_PATH=${CMAKE_PREFIX_PATH}:/opt/ros/eloquent /usr/bin/cmake --build /home/lks/LKS/mp_lks/ros2_ws/build/cecar_lks --target install -- -j4 -l4
