[0.106s] Invoking command in '/home/lks/LKS/mp_lks/ros2_ws/build/cecar_lks': CMAKE_PREFIX_PATH=${CMAKE_PREFIX_PATH}:/opt/ros/eloquent /usr/bin/cmake --build /home/lks/LKS/mp_lks/ros2_ws/build/cecar_lks -- -j4 -l4
[0.274s] [35m[1mScanning dependencies of target hlc[0m
[0.338s] [ 77%] Built target mp
[0.339s] [ 77%] Built target lds
[0.361s] [ 77%] Built target pos
[0.383s] [ 77%] [32mBuilding C object CMakeFiles/hlc.dir/src/warning.c.o[0m
[0.442s] [01m[K/home/lks/LKS/mp_lks/ros2_ws/src/cecar_lks/src/warning.c:[m[K In function ‘[01m[Kjoyrumble[m[K’:
[0.444s] [01m[K/home/lks/LKS/mp_lks/ros2_ws/src/cecar_lks/src/warning.c:274:24:[m[K [01;35m[Kwarning: [m[K"/*" within comment [[01;35m[K-Wcomment[m[K]
[0.444s]   effects[joy].id = -1; /* ID must be set to -1 for every new effect */
[0.445s]                          
[0.531s] [ 77%] [32m[1mLinking CXX executable hlc[0m
[1.181s] [ 77%] Built target hlc
[1.221s] Invoked command in '/home/lks/LKS/mp_lks/ros2_ws/build/cecar_lks' returned '0': CMAKE_PREFIX_PATH=${CMAKE_PREFIX_PATH}:/opt/ros/eloquent /usr/bin/cmake --build /home/lks/LKS/mp_lks/ros2_ws/build/cecar_lks -- -j4 -l4
[1.411s] Invoking command in '/home/lks/LKS/mp_lks/ros2_ws/build/cecar_lks': CMAKE_PREFIX_PATH=${CMAKE_PREFIX_PATH}:/opt/ros/eloquent /usr/bin/cmake --build /home/lks/LKS/mp_lks/ros2_ws/build/cecar_lks --target install -- -j4 -l4
[1.636s] [ 77%] Built target hlc
[1.652s] [ 77%] Built target pos
[1.655s] [ 77%] Built target mp
[1.655s] [ 77%] Built target lds
[1.719s] [36mInstall the project...[0m
[1.749s] -- Install configuration: ""
[1.750s] -- Up-to-date: /home/lks/LKS/mp_lks/ros2_ws/install/cecar_lks/lib/cecar_lks/lds
[1.751s] -- Up-to-date: /home/lks/LKS/mp_lks/ros2_ws/install/cecar_lks/lib/cecar_lks/pos
[1.752s] -- Up-to-date: /home/lks/LKS/mp_lks/ros2_ws/install/cecar_lks/lib/cecar_lks/mp
[1.753s] -- Installing: /home/lks/LKS/mp_lks/ros2_ws/install/cecar_lks/lib/cecar_lks/hlc
[1.758s] -- Set runtime path of "/home/lks/LKS/mp_lks/ros2_ws/install/cecar_lks/lib/cecar_lks/hlc" to ""
[1.772s] -- Up-to-date: /home/lks/LKS/mp_lks/ros2_ws/install/cecar_lks/share/cecar_lks/launch
[1.781s] -- Up-to-date: /home/lks/LKS/mp_lks/ros2_ws/install/cecar_lks/share/cecar_lks/launch/lks.launch.py
[1.782s] -- Up-to-date: /home/lks/LKS/mp_lks/ros2_ws/install/cecar_lks/share/ament_index/resource_index/package_run_dependencies/cecar_lks
[1.783s] -- Up-to-date: /home/lks/LKS/mp_lks/ros2_ws/install/cecar_lks/share/ament_index/resource_index/parent_prefix_path/cecar_lks
[1.783s] -- Up-to-date: /home/lks/LKS/mp_lks/ros2_ws/install/cecar_lks/share/cecar_lks/environment/ament_prefix_path.sh
[1.784s] -- Up-to-date: /home/lks/LKS/mp_lks/ros2_ws/install/cecar_lks/share/cecar_lks/environment/ament_prefix_path.dsv
[1.785s] -- Up-to-date: /home/lks/LKS/mp_lks/ros2_ws/install/cecar_lks/share/cecar_lks/environment/path.sh
[1.785s] -- Up-to-date: /home/lks/LKS/mp_lks/ros2_ws/install/cecar_lks/share/cecar_lks/environment/path.dsv
[1.786s] -- Up-to-date: /home/lks/LKS/mp_lks/ros2_ws/install/cecar_lks/share/cecar_lks/local_setup.bash
[1.787s] -- Up-to-date: /home/lks/LKS/mp_lks/ros2_ws/install/cecar_lks/share/cecar_lks/local_setup.sh
[1.788s] -- Up-to-date: /home/lks/LKS/mp_lks/ros2_ws/install/cecar_lks/share/cecar_lks/local_setup.zsh
[1.789s] -- Up-to-date: /home/lks/LKS/mp_lks/ros2_ws/install/cecar_lks/share/cecar_lks/local_setup.dsv
[1.791s] -- Installing: /home/lks/LKS/mp_lks/ros2_ws/install/cecar_lks/share/cecar_lks/package.dsv
[1.792s] -- Up-to-date: /home/lks/LKS/mp_lks/ros2_ws/install/cecar_lks/share/ament_index/resource_index/packages/cecar_lks
[1.793s] -- Up-to-date: /home/lks/LKS/mp_lks/ros2_ws/install/cecar_lks/share/cecar_lks/cmake/cecar_lksConfig.cmake
[1.796s] -- Up-to-date: /home/lks/LKS/mp_lks/ros2_ws/install/cecar_lks/share/cecar_lks/cmake/cecar_lksConfig-version.cmake
[1.797s] -- Up-to-date: /home/lks/LKS/mp_lks/ros2_ws/install/cecar_lks/share/cecar_lks/package.xml
[1.798s] Invoked command in '/home/lks/LKS/mp_lks/ros2_ws/build/cecar_lks' returned '0': CMAKE_PREFIX_PATH=${CMAKE_PREFIX_PATH}:/opt/ros/eloquent /usr/bin/cmake --build /home/lks/LKS/mp_lks/ros2_ws/build/cecar_lks --target install -- -j4 -l4
