[0.030s] Invoking command in '/root/mp_lks/ros2_ws/build/cecar_lks': CMAKE_PREFIX_PATH=${CMAKE_PREFIX_PATH}:/opt/ros/eloquent /usr/bin/cmake --build /root/mp_lks/ros2_ws/build/cecar_lks -- -j4 -l4
[0.104s] [35m[1mScanning dependencies of target mp[0m
[0.118s] [ 25%] Built target pos
[0.129s] [ 50%] Built target hlc
[0.136s] [ 75%] Built target lds
[0.154s] [ 87%] [32mBuilding CXX object CMakeFiles/mp.dir/src/mp.cpp.o[0m
[2.894s] [100%] [32m[1mLinking CXX executable mp[0m
[3.094s] [100%] Built target mp
[3.109s] Invoked command in '/root/mp_lks/ros2_ws/build/cecar_lks' returned '0': CMAKE_PREFIX_PATH=${CMAKE_PREFIX_PATH}:/opt/ros/eloquent /usr/bin/cmake --build /root/mp_lks/ros2_ws/build/cecar_lks -- -j4 -l4
[3.148s] Invoking command in '/root/mp_lks/ros2_ws/build/cecar_lks': CMAKE_PREFIX_PATH=${CMAKE_PREFIX_PATH}:/opt/ros/eloquent /usr/bin/cmake --build /root/mp_lks/ros2_ws/build/cecar_lks --target install -- -j4 -l4
[3.220s] [ 50%] Built target mp
[3.220s] [ 50%] Built target lds
[3.220s] [ 75%] Built target hlc
[3.221s] [100%] Built target pos
[3.248s] [36mInstall the project...[0m
[3.259s] -- Install configuration: ""
[3.260s] -- Up-to-date: /root/mp_lks/ros2_ws/install/cecar_lks/lib/cecar_lks/lds
[3.260s] -- Up-to-date: /root/mp_lks/ros2_ws/install/cecar_lks/lib/cecar_lks/pos
[3.261s] -- Installing: /root/mp_lks/ros2_ws/install/cecar_lks/lib/cecar_lks/mp
[3.262s] -- Set runtime path of "/root/mp_lks/ros2_ws/install/cecar_lks/lib/cecar_lks/mp" to ""
[3.262s] -- Up-to-date: /root/mp_lks/ros2_ws/install/cecar_lks/lib/cecar_lks/hlc
[3.262s] -- Up-to-date: /root/mp_lks/ros2_ws/install/cecar_lks/share/cecar_lks/launch
[3.262s] -- Up-to-date: /root/mp_lks/ros2_ws/install/cecar_lks/share/cecar_lks/launch/lks.launch.py
[3.262s] -- Up-to-date: /root/mp_lks/ros2_ws/install/cecar_lks/share/ament_index/resource_index/package_run_dependencies/cecar_lks
[3.263s] -- Up-to-date: /root/mp_lks/ros2_ws/install/cecar_lks/share/ament_index/resource_index/parent_prefix_path/cecar_lks
[3.263s] -- Up-to-date: /root/mp_lks/ros2_ws/install/cecar_lks/share/cecar_lks/environment/ament_prefix_path.sh
[3.263s] -- Up-to-date: /root/mp_lks/ros2_ws/install/cecar_lks/share/cecar_lks/environment/ament_prefix_path.dsv
[3.263s] -- Up-to-date: /root/mp_lks/ros2_ws/install/cecar_lks/share/cecar_lks/environment/path.sh
[3.263s] -- Up-to-date: /root/mp_lks/ros2_ws/install/cecar_lks/share/cecar_lks/environment/path.dsv
[3.263s] -- Up-to-date: /root/mp_lks/ros2_ws/install/cecar_lks/share/cecar_lks/local_setup.bash
[3.263s] -- Up-to-date: /root/mp_lks/ros2_ws/install/cecar_lks/share/cecar_lks/local_setup.sh
[3.263s] -- Up-to-date: /root/mp_lks/ros2_ws/install/cecar_lks/share/cecar_lks/local_setup.zsh
[3.263s] -- Up-to-date: /root/mp_lks/ros2_ws/install/cecar_lks/share/cecar_lks/local_setup.dsv
[3.264s] -- Installing: /root/mp_lks/ros2_ws/install/cecar_lks/share/cecar_lks/package.dsv
[3.264s] -- Up-to-date: /root/mp_lks/ros2_ws/install/cecar_lks/share/ament_index/resource_index/packages/cecar_lks
[3.264s] -- Up-to-date: /root/mp_lks/ros2_ws/install/cecar_lks/share/cecar_lks/cmake/cecar_lksConfig.cmake
[3.264s] -- Up-to-date: /root/mp_lks/ros2_ws/install/cecar_lks/share/cecar_lks/cmake/cecar_lksConfig-version.cmake
[3.264s] -- Up-to-date: /root/mp_lks/ros2_ws/install/cecar_lks/share/cecar_lks/package.xml
[3.268s] Invoked command in '/root/mp_lks/ros2_ws/build/cecar_lks' returned '0': CMAKE_PREFIX_PATH=${CMAKE_PREFIX_PATH}:/opt/ros/eloquent /usr/bin/cmake --build /root/mp_lks/ros2_ws/build/cecar_lks --target install -- -j4 -l4
