[0.118s] Invoking command in '/home/lks/LKS/mp_lks/ros2_ws/build/cecar_lks': CMAKE_PREFIX_PATH=${CMAKE_PREFIX_PATH}:/opt/ros/eloquent /usr/bin/cmake --build /home/lks/LKS/mp_lks/ros2_ws/build/cecar_lks -- -j4 -l4
[0.284s] [35m[1mScanning dependencies of target hlc[0m
[0.341s] [ 77%] Built target mp
[0.350s] [ 77%] Built target pos
[0.369s] [ 77%] Built target lds
[0.373s] [ 77%] [32mBuilding C object CMakeFiles/hlc.dir/src/warning.c.o[0m
[0.604s] [ 77%] [32m[1mLinking CXX executable hlc[0m
[1.232s] [ 77%] Built target hlc
[1.274s] Invoked command in '/home/lks/LKS/mp_lks/ros2_ws/build/cecar_lks' returned '0': CMAKE_PREFIX_PATH=${CMAKE_PREFIX_PATH}:/opt/ros/eloquent /usr/bin/cmake --build /home/lks/LKS/mp_lks/ros2_ws/build/cecar_lks -- -j4 -l4
[1.455s] Invoking command in '/home/lks/LKS/mp_lks/ros2_ws/build/cecar_lks': CMAKE_PREFIX_PATH=${CMAKE_PREFIX_PATH}:/opt/ros/eloquent /usr/bin/cmake --build /home/lks/LKS/mp_lks/ros2_ws/build/cecar_lks --target install -- -j4 -l4
[1.661s] [ 77%] Built target hlc
[1.663s] [ 77%] Built target pos
[1.669s] [ 77%] Built target mp
[1.685s] [ 77%] Built target lds
[1.748s] [36mInstall the project...[0m
[1.778s] -- Install configuration: ""
[1.779s] -- Up-to-date: /home/lks/LKS/mp_lks/ros2_ws/install/cecar_lks/lib/cecar_lks/lds
[1.780s] -- Up-to-date: /home/lks/LKS/mp_lks/ros2_ws/install/cecar_lks/lib/cecar_lks/pos
[1.781s] -- Up-to-date: /home/lks/LKS/mp_lks/ros2_ws/install/cecar_lks/lib/cecar_lks/mp
[1.782s] -- Installing: /home/lks/LKS/mp_lks/ros2_ws/install/cecar_lks/lib/cecar_lks/hlc
[1.787s] -- Set runtime path of "/home/lks/LKS/mp_lks/ros2_ws/install/cecar_lks/lib/cecar_lks/hlc" to ""
[1.788s] -- Up-to-date: /home/lks/LKS/mp_lks/ros2_ws/install/cecar_lks/share/cecar_lks/launch
[1.789s] -- Up-to-date: /home/lks/LKS/mp_lks/ros2_ws/install/cecar_lks/share/cecar_lks/launch/lks.launch.py
[1.790s] -- Up-to-date: /home/lks/LKS/mp_lks/ros2_ws/install/cecar_lks/share/ament_index/resource_index/package_run_dependencies/cecar_lks
[1.791s] -- Up-to-date: /home/lks/LKS/mp_lks/ros2_ws/install/cecar_lks/share/ament_index/resource_index/parent_prefix_path/cecar_lks
[1.791s] -- Up-to-date: /home/lks/LKS/mp_lks/ros2_ws/install/cecar_lks/share/cecar_lks/environment/ament_prefix_path.sh
[1.792s] -- Up-to-date: /home/lks/LKS/mp_lks/ros2_ws/install/cecar_lks/share/cecar_lks/environment/ament_prefix_path.dsv
[1.793s] -- Up-to-date: /home/lks/LKS/mp_lks/ros2_ws/install/cecar_lks/share/cecar_lks/environment/path.sh
[1.793s] -- Up-to-date: /home/lks/LKS/mp_lks/ros2_ws/install/cecar_lks/share/cecar_lks/environment/path.dsv
[1.794s] -- Up-to-date: /home/lks/LKS/mp_lks/ros2_ws/install/cecar_lks/share/cecar_lks/local_setup.bash
[1.794s] -- Up-to-date: /home/lks/LKS/mp_lks/ros2_ws/install/cecar_lks/share/cecar_lks/local_setup.sh
[1.794s] -- Up-to-date: /home/lks/LKS/mp_lks/ros2_ws/install/cecar_lks/share/cecar_lks/local_setup.zsh
[1.795s] -- Up-to-date: /home/lks/LKS/mp_lks/ros2_ws/install/cecar_lks/share/cecar_lks/local_setup.dsv
[1.795s] -- Installing: /home/lks/LKS/mp_lks/ros2_ws/install/cecar_lks/share/cecar_lks/package.dsv
[1.796s] -- Up-to-date: /home/lks/LKS/mp_lks/ros2_ws/install/cecar_lks/share/ament_index/resource_index/packages/cecar_lks
[1.796s] -- Up-to-date: /home/lks/LKS/mp_lks/ros2_ws/install/cecar_lks/share/cecar_lks/cmake/cecar_lksConfig.cmake
[1.797s] -- Up-to-date: /home/lks/LKS/mp_lks/ros2_ws/install/cecar_lks/share/cecar_lks/cmake/cecar_lksConfig-version.cmake
[1.797s] -- Up-to-date: /home/lks/LKS/mp_lks/ros2_ws/install/cecar_lks/share/cecar_lks/package.xml
[1.803s] Invoked command in '/home/lks/LKS/mp_lks/ros2_ws/build/cecar_lks' returned '0': CMAKE_PREFIX_PATH=${CMAKE_PREFIX_PATH}:/opt/ros/eloquent /usr/bin/cmake --build /home/lks/LKS/mp_lks/ros2_ws/build/cecar_lks --target install -- -j4 -l4
