[0.026s] Invoking command in '/root/mp_lks/ros2_ws/build/cecar_lks': CMAKE_PREFIX_PATH=${CMAKE_PREFIX_PATH}:/opt/ros/eloquent /usr/bin/cmake --build /root/mp_lks/ros2_ws/build/cecar_lks -- -j4 -l4
[0.099s] [35m[1mScanning dependencies of target hlc[0m
[0.102s] [35m[1mScanning dependencies of target mp[0m
[0.126s] [ 25%] Built target lds
[0.140s] [ 50%] Built target pos
[0.142s] [ 62%] [32mBuilding CXX object CMakeFiles/mp.dir/src/mp.cpp.o[0m
[0.144s] [ 75%] [32mBuilding CXX object CMakeFiles/hlc.dir/src/hlc.cpp.o[0m
[2.927s] [ 87%] [32m[1mLinking CXX executable mp[0m
[2.945s] [100%] [32m[1mLinking CXX executable hlc[0m
[3.154s] [100%] Built target mp
[3.179s] [100%] Built target hlc
[3.194s] Invoked command in '/root/mp_lks/ros2_ws/build/cecar_lks' returned '0': CMAKE_PREFIX_PATH=${CMAKE_PREFIX_PATH}:/opt/ros/eloquent /usr/bin/cmake --build /root/mp_lks/ros2_ws/build/cecar_lks -- -j4 -l4
[3.232s] Invoking command in '/root/mp_lks/ros2_ws/build/cecar_lks': CMAKE_PREFIX_PATH=${CMAKE_PREFIX_PATH}:/opt/ros/eloquent /usr/bin/cmake --build /root/mp_lks/ros2_ws/build/cecar_lks --target install -- -j4 -l4
[3.306s] [ 25%] Built target lds
[3.309s] [ 50%] Built target pos
[3.318s] [ 75%] Built target hlc
[3.323s] [100%] Built target mp
[3.348s] [36mInstall the project...[0m
[3.359s] -- Install configuration: ""
[3.360s] -- Up-to-date: /root/mp_lks/ros2_ws/install/cecar_lks/lib/cecar_lks/lds
[3.361s] -- Up-to-date: /root/mp_lks/ros2_ws/install/cecar_lks/lib/cecar_lks/pos
[3.361s] -- Installing: /root/mp_lks/ros2_ws/install/cecar_lks/lib/cecar_lks/mp
[3.361s] -- Set runtime path of "/root/mp_lks/ros2_ws/install/cecar_lks/lib/cecar_lks/mp" to ""
[3.362s] -- Installing: /root/mp_lks/ros2_ws/install/cecar_lks/lib/cecar_lks/hlc
[3.363s] -- Set runtime path of "/root/mp_lks/ros2_ws/install/cecar_lks/lib/cecar_lks/hlc" to ""
[3.363s] -- Up-to-date: /root/mp_lks/ros2_ws/install/cecar_lks/share/cecar_lks/launch
[3.364s] -- Up-to-date: /root/mp_lks/ros2_ws/install/cecar_lks/share/cecar_lks/launch/lks.launch.py
[3.364s] -- Up-to-date: /root/mp_lks/ros2_ws/install/cecar_lks/share/ament_index/resource_index/package_run_dependencies/cecar_lks
[3.364s] -- Up-to-date: /root/mp_lks/ros2_ws/install/cecar_lks/share/ament_index/resource_index/parent_prefix_path/cecar_lks
[3.364s] -- Up-to-date: /root/mp_lks/ros2_ws/install/cecar_lks/share/cecar_lks/environment/ament_prefix_path.sh
[3.364s] -- Up-to-date: /root/mp_lks/ros2_ws/install/cecar_lks/share/cecar_lks/environment/ament_prefix_path.dsv
[3.364s] -- Up-to-date: /root/mp_lks/ros2_ws/install/cecar_lks/share/cecar_lks/environment/path.sh
[3.364s] -- Up-to-date: /root/mp_lks/ros2_ws/install/cecar_lks/share/cecar_lks/environment/path.dsv
[3.364s] -- Up-to-date: /root/mp_lks/ros2_ws/install/cecar_lks/share/cecar_lks/local_setup.bash
[3.365s] -- Up-to-date: /root/mp_lks/ros2_ws/install/cecar_lks/share/cecar_lks/local_setup.sh
[3.365s] -- Up-to-date: /root/mp_lks/ros2_ws/install/cecar_lks/share/cecar_lks/local_setup.zsh
[3.365s] -- Up-to-date: /root/mp_lks/ros2_ws/install/cecar_lks/share/cecar_lks/local_setup.dsv
[3.365s] -- Installing: /root/mp_lks/ros2_ws/install/cecar_lks/share/cecar_lks/package.dsv
[3.365s] -- Up-to-date: /root/mp_lks/ros2_ws/install/cecar_lks/share/ament_index/resource_index/packages/cecar_lks
[3.365s] -- Up-to-date: /root/mp_lks/ros2_ws/install/cecar_lks/share/cecar_lks/cmake/cecar_lksConfig.cmake
[3.365s] -- Up-to-date: /root/mp_lks/ros2_ws/install/cecar_lks/share/cecar_lks/cmake/cecar_lksConfig-version.cmake
[3.365s] -- Up-to-date: /root/mp_lks/ros2_ws/install/cecar_lks/share/cecar_lks/package.xml
[3.369s] Invoked command in '/root/mp_lks/ros2_ws/build/cecar_lks' returned '0': CMAKE_PREFIX_PATH=${CMAKE_PREFIX_PATH}:/opt/ros/eloquent /usr/bin/cmake --build /root/mp_lks/ros2_ws/build/cecar_lks --target install -- -j4 -l4
