[1.250s] DEBUG:colcon:Command line arguments: ['/usr/bin/colcon', 'build']
[1.250s] DEBUG:colcon:Parsed command line arguments: Namespace(ament_cmake_args=None, base_paths=['.'], build_base='build', catkin_cmake_args=None, catkin_skip_building_tests=False, cmake_args=None, cmake_clean_cache=False, cmake_clean_first=False, cmake_force_configure=False, cmake_target=None, cmake_target_skip_unavailable=False, continue_on_error=False, event_handlers=None, executor='parallel', ignore_user_meta=False, install_base='install', log_base=None, log_level=None, main=<bound method BuildVerb.main of <colcon_core.verb.build.BuildVerb object at 0x7f82cd7a58>>, merge_install=False, metas=['./colcon.meta'], packages_above=None, packages_above_and_dependencies=None, packages_above_depth=None, packages_end=None, packages_ignore=None, packages_ignore_regex=None, packages_select=None, packages_select_build_failed=False, packages_select_by_dep=None, packages_select_regex=None, packages_select_test_failures=False, packages_skip=None, packages_skip_build_finished=False, packages_skip_by_dep=None, packages_skip_regex=None, packages_skip_test_passed=False, packages_skip_up_to=None, packages_start=None, packages_up_to=None, packages_up_to_regex=None, parallel_workers=4, paths=None, symlink_install=False, test_result_base=None, verb_extension=<colcon_core.verb.build.BuildVerb object at 0x7f82cd7a58>, verb_name='build', verb_parser=<colcon_defaults.argument_parser.defaults.DefaultArgumentsDecorator object at 0x7f82cd7da0>)
[1.271s] Level 1:colcon.colcon_core.package_discovery:discover_packages(colcon_meta) check parameters
[1.272s] Level 1:colcon.colcon_core.package_discovery:discover_packages(recursive) check parameters
[1.272s] Level 1:colcon.colcon_core.package_discovery:discover_packages(ignore) check parameters
[1.272s] Level 1:colcon.colcon_core.package_discovery:discover_packages(path) check parameters
[1.272s] Level 1:colcon.colcon_core.package_discovery:discover_packages(colcon_meta) discover
[1.274s] Level 1:colcon.colcon_core.package_discovery:discover_packages(recursive) discover
[1.274s] INFO:colcon.colcon_core.package_discovery:Crawling recursively for packages in '/home/lks/LKS/mp_lks/ros2_ws'
[1.274s] Level 1:colcon.colcon_core.package_identification:_identify(.) by extensions ['ignore', 'ignore_ament_install']
[1.275s] Level 1:colcon.colcon_core.package_identification:_identify(.) by extension 'ignore'
[1.275s] Level 1:colcon.colcon_core.package_identification:_identify(.) by extension 'ignore_ament_install'
[1.275s] Level 1:colcon.colcon_core.package_identification:_identify(.) by extensions ['colcon_pkg']
[1.275s] Level 1:colcon.colcon_core.package_identification:_identify(.) by extension 'colcon_pkg'
[1.275s] Level 1:colcon.colcon_core.package_identification:_identify(.) by extensions ['colcon_meta']
[1.276s] Level 1:colcon.colcon_core.package_identification:_identify(.) by extension 'colcon_meta'
[1.276s] Level 1:colcon.colcon_core.package_identification:_identify(.) by extensions ['ros']
[1.276s] Level 1:colcon.colcon_core.package_identification:_identify(.) by extension 'ros'
[1.327s] Level 1:colcon.colcon_core.package_identification:_identify(.) by extensions ['cmake', 'python']
[1.328s] Level 1:colcon.colcon_core.package_identification:_identify(.) by extension 'cmake'
[1.328s] Level 1:colcon.colcon_core.package_identification:_identify(.) by extension 'python'
[1.328s] Level 1:colcon.colcon_core.package_identification:_identify(.) by extensions ['python_setup_py']
[1.328s] Level 1:colcon.colcon_core.package_identification:_identify(.) by extension 'python_setup_py'
[1.329s] Level 1:colcon.colcon_core.package_identification:_identify(build) by extensions ['ignore', 'ignore_ament_install']
[1.329s] Level 1:colcon.colcon_core.package_identification:_identify(build) by extension 'ignore'
[1.329s] Level 1:colcon.colcon_core.package_identification:_identify(build) ignored
[1.331s] Level 1:colcon.colcon_core.package_identification:_identify(install) by extensions ['ignore', 'ignore_ament_install']
[1.331s] Level 1:colcon.colcon_core.package_identification:_identify(install) by extension 'ignore'
[1.331s] Level 1:colcon.colcon_core.package_identification:_identify(install) ignored
[1.332s] Level 1:colcon.colcon_core.package_identification:_identify(log) by extensions ['ignore', 'ignore_ament_install']
[1.332s] Level 1:colcon.colcon_core.package_identification:_identify(log) by extension 'ignore'
[1.333s] Level 1:colcon.colcon_core.package_identification:_identify(log) ignored
[1.333s] Level 1:colcon.colcon_core.package_identification:_identify(src) by extensions ['ignore', 'ignore_ament_install']
[1.333s] Level 1:colcon.colcon_core.package_identification:_identify(src) by extension 'ignore'
[1.334s] Level 1:colcon.colcon_core.package_identification:_identify(src) by extension 'ignore_ament_install'
[1.334s] Level 1:colcon.colcon_core.package_identification:_identify(src) by extensions ['colcon_pkg']
[1.334s] Level 1:colcon.colcon_core.package_identification:_identify(src) by extension 'colcon_pkg'
[1.334s] Level 1:colcon.colcon_core.package_identification:_identify(src) by extensions ['colcon_meta']
[1.334s] Level 1:colcon.colcon_core.package_identification:_identify(src) by extension 'colcon_meta'
[1.334s] Level 1:colcon.colcon_core.package_identification:_identify(src) by extensions ['ros']
[1.335s] Level 1:colcon.colcon_core.package_identification:_identify(src) by extension 'ros'
[1.335s] Level 1:colcon.colcon_core.package_identification:_identify(src) by extensions ['cmake', 'python']
[1.335s] Level 1:colcon.colcon_core.package_identification:_identify(src) by extension 'cmake'
[1.335s] Level 1:colcon.colcon_core.package_identification:_identify(src) by extension 'python'
[1.335s] Level 1:colcon.colcon_core.package_identification:_identify(src) by extensions ['python_setup_py']
[1.336s] Level 1:colcon.colcon_core.package_identification:_identify(src) by extension 'python_setup_py'
[1.336s] Level 1:colcon.colcon_core.package_identification:_identify(src/cecar_lks) by extensions ['ignore', 'ignore_ament_install']
[1.336s] Level 1:colcon.colcon_core.package_identification:_identify(src/cecar_lks) by extension 'ignore'
[1.337s] Level 1:colcon.colcon_core.package_identification:_identify(src/cecar_lks) by extension 'ignore_ament_install'
[1.337s] Level 1:colcon.colcon_core.package_identification:_identify(src/cecar_lks) by extensions ['colcon_pkg']
[1.337s] Level 1:colcon.colcon_core.package_identification:_identify(src/cecar_lks) by extension 'colcon_pkg'
[1.337s] Level 1:colcon.colcon_core.package_identification:_identify(src/cecar_lks) by extensions ['colcon_meta']
[1.337s] Level 1:colcon.colcon_core.package_identification:_identify(src/cecar_lks) by extension 'colcon_meta'
[1.337s] Level 1:colcon.colcon_core.package_identification:_identify(src/cecar_lks) by extensions ['ros']
[1.338s] Level 1:colcon.colcon_core.package_identification:_identify(src/cecar_lks) by extension 'ros'
[1.347s] DEBUG:colcon.colcon_core.package_identification:Package 'src/cecar_lks' with type 'ros.ament_cmake' and name 'cecar_lks'
[1.347s] Level 1:colcon.colcon_core.package_discovery:discover_packages(recursive) using defaults
[1.348s] Level 1:colcon.colcon_core.package_discovery:discover_packages(ignore) discover
[1.349s] Level 1:colcon.colcon_core.package_discovery:discover_packages(ignore) using defaults
[1.349s] Level 1:colcon.colcon_core.package_discovery:discover_packages(path) discover
[1.349s] Level 1:colcon.colcon_core.package_discovery:discover_packages(path) using defaults
[1.445s] Level 5:colcon.colcon_core.verb:set package 'cecar_lks' build argument 'cmake_args' from command line to 'None'
[1.446s] Level 5:colcon.colcon_core.verb:set package 'cecar_lks' build argument 'cmake_target' from command line to 'None'
[1.446s] Level 5:colcon.colcon_core.verb:set package 'cecar_lks' build argument 'cmake_target_skip_unavailable' from command line to 'False'
[1.446s] Level 5:colcon.colcon_core.verb:set package 'cecar_lks' build argument 'cmake_clean_cache' from command line to 'False'
[1.446s] Level 5:colcon.colcon_core.verb:set package 'cecar_lks' build argument 'cmake_clean_first' from command line to 'False'
[1.446s] Level 5:colcon.colcon_core.verb:set package 'cecar_lks' build argument 'cmake_force_configure' from command line to 'False'
[1.446s] Level 5:colcon.colcon_core.verb:set package 'cecar_lks' build argument 'ament_cmake_args' from command line to 'None'
[1.446s] Level 5:colcon.colcon_core.verb:set package 'cecar_lks' build argument 'catkin_cmake_args' from command line to 'None'
[1.447s] Level 5:colcon.colcon_core.verb:set package 'cecar_lks' build argument 'catkin_skip_building_tests' from command line to 'False'
[1.447s] DEBUG:colcon.colcon_core.verb:Building package 'cecar_lks' with the following arguments: {'ament_cmake_args': None, 'build_base': '/home/lks/LKS/mp_lks/ros2_ws/build/cecar_lks', 'catkin_cmake_args': None, 'catkin_skip_building_tests': False, 'cmake_args': None, 'cmake_clean_cache': False, 'cmake_clean_first': False, 'cmake_force_configure': False, 'cmake_target': None, 'cmake_target_skip_unavailable': False, 'install_base': '/home/lks/LKS/mp_lks/ros2_ws/install/cecar_lks', 'merge_install': False, 'path': '/home/lks/LKS/mp_lks/ros2_ws/src/cecar_lks', 'symlink_install': False, 'test_result_base': None}
[1.448s] INFO:colcon.colcon_core.executor:Executing jobs using 'parallel' executor
[1.460s] DEBUG:colcon.colcon_parallel_executor.executor.parallel:run_until_complete
[1.462s] INFO:colcon.colcon_ros.task.ament_cmake.build:Building ROS package in '/home/lks/LKS/mp_lks/ros2_ws/src/cecar_lks' with build type 'ament_cmake'
[1.462s] INFO:colcon.colcon_cmake.task.cmake.build:Building CMake package in '/home/lks/LKS/mp_lks/ros2_ws/src/cecar_lks'
[1.520s] INFO:colcon.colcon_core.plugin_system:Skipping extension 'colcon_core.shell.bat': Not used on non-Windows systems
[1.521s] INFO:colcon.colcon_core.shell:Skip shell extension 'powershell' for command environment: Not usable outside of PowerShell
[1.522s] DEBUG:colcon.colcon_core.shell:Skip shell extension 'dsv' for command environment
[1.533s] DEBUG:colcon.colcon_core.shell:Ignoring prefix path '/opt/ros/eloquent'
[1.560s] DEBUG:colcon.colcon_core.event_handler.log_command:Invoking command in '/home/lks/LKS/mp_lks/ros2_ws/build/cecar_lks': CMAKE_PREFIX_PATH=/opt/ros/eloquent /usr/bin/cmake --build /home/lks/LKS/mp_lks/ros2_ws/build/cecar_lks -- -j4 -l4
[11.114s] DEBUG:colcon.colcon_core.event_handler.log_command:Invoked command in '/home/lks/LKS/mp_lks/ros2_ws/build/cecar_lks' returned '0': CMAKE_PREFIX_PATH=/opt/ros/eloquent /usr/bin/cmake --build /home/lks/LKS/mp_lks/ros2_ws/build/cecar_lks -- -j4 -l4
[11.289s] DEBUG:colcon.colcon_core.event_handler.log_command:Invoking command in '/home/lks/LKS/mp_lks/ros2_ws/build/cecar_lks': CMAKE_PREFIX_PATH=/opt/ros/eloquent /usr/bin/cmake --build /home/lks/LKS/mp_lks/ros2_ws/build/cecar_lks --target install -- -j4 -l4
[11.596s] Level 1:colcon.colcon_core.environment:create_environment_scripts_only(cecar_lks)
[11.600s] DEBUG:colcon.colcon_core.event_handler.log_command:Invoked command in '/home/lks/LKS/mp_lks/ros2_ws/build/cecar_lks' returned '0': CMAKE_PREFIX_PATH=/opt/ros/eloquent /usr/bin/cmake --build /home/lks/LKS/mp_lks/ros2_ws/build/cecar_lks --target install -- -j4 -l4
[11.612s] Level 1:colcon.colcon_core.environment:checking '/home/lks/LKS/mp_lks/ros2_ws/install/cecar_lks' for CMake module files
[11.615s] Level 1:colcon.colcon_core.environment:checking '/home/lks/LKS/mp_lks/ros2_ws/install/cecar_lks' for CMake config files
[11.616s] Level 1:colcon.colcon_core.shell:create_environment_hook('cecar_lks', 'cmake_prefix_path')
[11.619s] INFO:colcon.colcon_core.shell:Creating environment hook '/home/lks/LKS/mp_lks/ros2_ws/install/cecar_lks/share/cecar_lks/hook/cmake_prefix_path.ps1'
[11.622s] INFO:colcon.colcon_core.shell:Creating environment descriptor '/home/lks/LKS/mp_lks/ros2_ws/install/cecar_lks/share/cecar_lks/hook/cmake_prefix_path.dsv'
[11.624s] INFO:colcon.colcon_core.shell:Creating environment hook '/home/lks/LKS/mp_lks/ros2_ws/install/cecar_lks/share/cecar_lks/hook/cmake_prefix_path.sh'
[11.628s] Level 1:colcon.colcon_core.environment:checking '/home/lks/LKS/mp_lks/ros2_ws/install/cecar_lks/lib'
[11.629s] Level 1:colcon.colcon_core.environment:checking '/home/lks/LKS/mp_lks/ros2_ws/install/cecar_lks/bin'
[11.629s] Level 1:colcon.colcon_core.environment:checking '/home/lks/LKS/mp_lks/ros2_ws/install/cecar_lks/lib/pkgconfig/cecar_lks.pc'
[11.629s] Level 1:colcon.colcon_core.environment:checking '/home/lks/LKS/mp_lks/ros2_ws/install/cecar_lks/lib/python3.6/site-packages'
[11.632s] INFO:colcon.colcon_core.shell:Creating package script '/home/lks/LKS/mp_lks/ros2_ws/install/cecar_lks/share/cecar_lks/package.ps1'
[11.636s] INFO:colcon.colcon_core.shell:Creating package descriptor '/home/lks/LKS/mp_lks/ros2_ws/install/cecar_lks/share/cecar_lks/package.dsv'
[11.638s] INFO:colcon.colcon_core.shell:Creating package script '/home/lks/LKS/mp_lks/ros2_ws/install/cecar_lks/share/cecar_lks/package.sh'
[11.641s] INFO:colcon.colcon_core.shell:Creating package script '/home/lks/LKS/mp_lks/ros2_ws/install/cecar_lks/share/cecar_lks/package.bash'
[11.644s] INFO:colcon.colcon_core.shell:Creating package script '/home/lks/LKS/mp_lks/ros2_ws/install/cecar_lks/share/cecar_lks/package.zsh'
[11.648s] Level 1:colcon.colcon_core.environment:create_file_with_runtime_dependencies(/home/lks/LKS/mp_lks/ros2_ws/install/cecar_lks/share/colcon-core/packages/cecar_lks)
[11.784s] Level 1:colcon.colcon_core.environment:create_environment_scripts_only(cecar_lks)
[11.788s] Level 1:colcon.colcon_core.environment:checking '/home/lks/LKS/mp_lks/ros2_ws/install/cecar_lks' for CMake module files
[11.791s] Level 1:colcon.colcon_core.environment:checking '/home/lks/LKS/mp_lks/ros2_ws/install/cecar_lks' for CMake config files
[11.792s] Level 1:colcon.colcon_core.shell:create_environment_hook('cecar_lks', 'cmake_prefix_path')
[11.794s] INFO:colcon.colcon_core.shell:Creating environment hook '/home/lks/LKS/mp_lks/ros2_ws/install/cecar_lks/share/cecar_lks/hook/cmake_prefix_path.ps1'
[11.796s] INFO:colcon.colcon_core.shell:Creating environment descriptor '/home/lks/LKS/mp_lks/ros2_ws/install/cecar_lks/share/cecar_lks/hook/cmake_prefix_path.dsv'
[11.797s] INFO:colcon.colcon_core.shell:Creating environment hook '/home/lks/LKS/mp_lks/ros2_ws/install/cecar_lks/share/cecar_lks/hook/cmake_prefix_path.sh'
[11.800s] Level 1:colcon.colcon_core.environment:checking '/home/lks/LKS/mp_lks/ros2_ws/install/cecar_lks/lib'
[11.801s] Level 1:colcon.colcon_core.environment:checking '/home/lks/LKS/mp_lks/ros2_ws/install/cecar_lks/bin'
[11.801s] Level 1:colcon.colcon_core.environment:checking '/home/lks/LKS/mp_lks/ros2_ws/install/cecar_lks/lib/pkgconfig/cecar_lks.pc'
[11.801s] Level 1:colcon.colcon_core.environment:checking '/home/lks/LKS/mp_lks/ros2_ws/install/cecar_lks/lib/python3.6/site-packages'
[11.804s] INFO:colcon.colcon_core.shell:Creating package script '/home/lks/LKS/mp_lks/ros2_ws/install/cecar_lks/share/cecar_lks/package.ps1'
[11.807s] INFO:colcon.colcon_core.shell:Creating package descriptor '/home/lks/LKS/mp_lks/ros2_ws/install/cecar_lks/share/cecar_lks/package.dsv'
[11.810s] INFO:colcon.colcon_core.shell:Creating package script '/home/lks/LKS/mp_lks/ros2_ws/install/cecar_lks/share/cecar_lks/package.sh'
[11.811s] INFO:colcon.colcon_core.shell:Creating package script '/home/lks/LKS/mp_lks/ros2_ws/install/cecar_lks/share/cecar_lks/package.bash'
[11.812s] INFO:colcon.colcon_core.shell:Creating package script '/home/lks/LKS/mp_lks/ros2_ws/install/cecar_lks/share/cecar_lks/package.zsh'
[11.814s] Level 1:colcon.colcon_core.environment:create_file_with_runtime_dependencies(/home/lks/LKS/mp_lks/ros2_ws/install/cecar_lks/share/colcon-core/packages/cecar_lks)
[11.815s] DEBUG:colcon.colcon_parallel_executor.executor.parallel:closing loop
[11.819s] DEBUG:colcon.colcon_parallel_executor.executor.parallel:loop closed
[11.819s] DEBUG:colcon.colcon_parallel_executor.executor.parallel:run_until_complete finished with '0'
[11.820s] DEBUG:colcon.colcon_core.event_reactor:joining thread
[11.847s] INFO:colcon.colcon_core.plugin_system:Skipping extension 'colcon_notification.desktop_notification.terminal_notifier': Not used on non-Darwin systems
[11.847s] INFO:colcon.colcon_core.plugin_system:Skipping extension 'colcon_notification.desktop_notification.win32': Not used on non-Windows systems
[11.848s] INFO:colcon.colcon_notification.desktop_notification:Sending desktop notification using 'notify2'
[12.050s] DEBUG:colcon.colcon_core.event_reactor:joined thread
[12.054s] INFO:colcon.colcon_core.shell:Creating prefix script '/home/lks/LKS/mp_lks/ros2_ws/install/local_setup.ps1'
[12.059s] INFO:colcon.colcon_core.shell:Creating prefix util module '/home/lks/LKS/mp_lks/ros2_ws/install/_local_setup_util_ps1.py'
[12.066s] INFO:colcon.colcon_core.shell:Creating prefix chain script '/home/lks/LKS/mp_lks/ros2_ws/install/setup.ps1'
[12.078s] INFO:colcon.colcon_core.shell:Creating prefix script '/home/lks/LKS/mp_lks/ros2_ws/install/local_setup.sh'
[12.080s] INFO:colcon.colcon_core.shell:Creating prefix util module '/home/lks/LKS/mp_lks/ros2_ws/install/_local_setup_util_sh.py'
[12.083s] INFO:colcon.colcon_core.shell:Creating prefix chain script '/home/lks/LKS/mp_lks/ros2_ws/install/setup.sh'
[12.095s] INFO:colcon.colcon_core.shell:Creating prefix script '/home/lks/LKS/mp_lks/ros2_ws/install/local_setup.bash'
[12.098s] INFO:colcon.colcon_core.shell:Creating prefix chain script '/home/lks/LKS/mp_lks/ros2_ws/install/setup.bash'
[12.110s] INFO:colcon.colcon_core.shell:Creating prefix script '/home/lks/LKS/mp_lks/ros2_ws/install/local_setup.zsh'
[12.112s] INFO:colcon.colcon_core.shell:Creating prefix chain script '/home/lks/LKS/mp_lks/ros2_ws/install/setup.zsh'
