[0.357s] DEBUG:colcon:Command line arguments: ['/usr/bin/colcon', 'build']
[0.358s] DEBUG:colcon:Parsed command line arguments: Namespace(ament_cmake_args=None, base_paths=['.'], build_base='build', catkin_cmake_args=None, catkin_skip_building_tests=False, cmake_args=None, cmake_clean_cache=False, cmake_clean_first=False, cmake_force_configure=False, cmake_target=None, cmake_target_skip_unavailable=False, continue_on_error=False, event_handlers=None, executor='parallel', ignore_user_meta=False, install_base='install', log_base=None, log_level=None, main=<bound method BuildVerb.main of <colcon_core.verb.build.BuildVerb object at 0x7f78832ebfd0>>, merge_install=False, metas=['./colcon.meta'], packages_above=None, packages_above_and_dependencies=None, packages_above_depth=None, packages_end=None, packages_ignore=None, packages_ignore_regex=None, packages_select=None, packages_select_build_failed=False, packages_select_by_dep=None, packages_select_regex=None, packages_select_test_failures=False, packages_skip=None, packages_skip_build_finished=False, packages_skip_by_dep=None, packages_skip_regex=None, packages_skip_test_passed=False, packages_skip_up_to=None, packages_start=None, packages_up_to=None, packages_up_to_regex=None, parallel_workers=4, paths=None, symlink_install=False, test_result_base=None, verb_extension=<colcon_core.verb.build.BuildVerb object at 0x7f78832ebfd0>, verb_name='build', verb_parser=<colcon_defaults.argument_parser.defaults.DefaultArgumentsDecorator object at 0x7f788303e358>)
[0.365s] Level 1:colcon.colcon_core.package_discovery:discover_packages(colcon_meta) check parameters
[0.365s] Level 1:colcon.colcon_core.package_discovery:discover_packages(recursive) check parameters
[0.365s] Level 1:colcon.colcon_core.package_discovery:discover_packages(ignore) check parameters
[0.365s] Level 1:colcon.colcon_core.package_discovery:discover_packages(path) check parameters
[0.365s] Level 1:colcon.colcon_core.package_discovery:discover_packages(colcon_meta) discover
[0.366s] Level 1:colcon.colcon_core.package_discovery:discover_packages(recursive) discover
[0.366s] INFO:colcon.colcon_core.package_discovery:Crawling recursively for packages in '/root/mp_lks/ros2_ws'
[0.366s] Level 1:colcon.colcon_core.package_identification:_identify(.) by extensions ['ignore', 'ignore_ament_install']
[0.366s] Level 1:colcon.colcon_core.package_identification:_identify(.) by extension 'ignore'
[0.366s] Level 1:colcon.colcon_core.package_identification:_identify(.) by extension 'ignore_ament_install'
[0.366s] Level 1:colcon.colcon_core.package_identification:_identify(.) by extensions ['colcon_pkg']
[0.366s] Level 1:colcon.colcon_core.package_identification:_identify(.) by extension 'colcon_pkg'
[0.366s] Level 1:colcon.colcon_core.package_identification:_identify(.) by extensions ['colcon_meta']
[0.366s] Level 1:colcon.colcon_core.package_identification:_identify(.) by extension 'colcon_meta'
[0.366s] Level 1:colcon.colcon_core.package_identification:_identify(.) by extensions ['ros']
[0.367s] Level 1:colcon.colcon_core.package_identification:_identify(.) by extension 'ros'
[0.382s] Level 1:colcon.colcon_core.package_identification:_identify(.) by extensions ['cmake', 'python']
[0.382s] Level 1:colcon.colcon_core.package_identification:_identify(.) by extension 'cmake'
[0.382s] Level 1:colcon.colcon_core.package_identification:_identify(.) by extension 'python'
[0.382s] Level 1:colcon.colcon_core.package_identification:_identify(.) by extensions ['python_setup_py']
[0.382s] Level 1:colcon.colcon_core.package_identification:_identify(.) by extension 'python_setup_py'
[0.382s] Level 1:colcon.colcon_core.package_identification:_identify(build) by extensions ['ignore', 'ignore_ament_install']
[0.382s] Level 1:colcon.colcon_core.package_identification:_identify(build) by extension 'ignore'
[0.382s] Level 1:colcon.colcon_core.package_identification:_identify(build) ignored
[0.383s] Level 1:colcon.colcon_core.package_identification:_identify(install) by extensions ['ignore', 'ignore_ament_install']
[0.383s] Level 1:colcon.colcon_core.package_identification:_identify(install) by extension 'ignore'
[0.383s] Level 1:colcon.colcon_core.package_identification:_identify(install) ignored
[0.383s] Level 1:colcon.colcon_core.package_identification:_identify(log) by extensions ['ignore', 'ignore_ament_install']
[0.383s] Level 1:colcon.colcon_core.package_identification:_identify(log) by extension 'ignore'
[0.383s] Level 1:colcon.colcon_core.package_identification:_identify(log) ignored
[0.383s] Level 1:colcon.colcon_core.package_identification:_identify(src) by extensions ['ignore', 'ignore_ament_install']
[0.383s] Level 1:colcon.colcon_core.package_identification:_identify(src) by extension 'ignore'
[0.384s] Level 1:colcon.colcon_core.package_identification:_identify(src) by extension 'ignore_ament_install'
[0.384s] Level 1:colcon.colcon_core.package_identification:_identify(src) by extensions ['colcon_pkg']
[0.384s] Level 1:colcon.colcon_core.package_identification:_identify(src) by extension 'colcon_pkg'
[0.384s] Level 1:colcon.colcon_core.package_identification:_identify(src) by extensions ['colcon_meta']
[0.384s] Level 1:colcon.colcon_core.package_identification:_identify(src) by extension 'colcon_meta'
[0.384s] Level 1:colcon.colcon_core.package_identification:_identify(src) by extensions ['ros']
[0.384s] Level 1:colcon.colcon_core.package_identification:_identify(src) by extension 'ros'
[0.384s] Level 1:colcon.colcon_core.package_identification:_identify(src) by extensions ['cmake', 'python']
[0.384s] Level 1:colcon.colcon_core.package_identification:_identify(src) by extension 'cmake'
[0.384s] Level 1:colcon.colcon_core.package_identification:_identify(src) by extension 'python'
[0.384s] Level 1:colcon.colcon_core.package_identification:_identify(src) by extensions ['python_setup_py']
[0.384s] Level 1:colcon.colcon_core.package_identification:_identify(src) by extension 'python_setup_py'
[0.384s] Level 1:colcon.colcon_core.package_identification:_identify(src/cecar_lks) by extensions ['ignore', 'ignore_ament_install']
[0.384s] Level 1:colcon.colcon_core.package_identification:_identify(src/cecar_lks) by extension 'ignore'
[0.385s] Level 1:colcon.colcon_core.package_identification:_identify(src/cecar_lks) by extension 'ignore_ament_install'
[0.385s] Level 1:colcon.colcon_core.package_identification:_identify(src/cecar_lks) by extensions ['colcon_pkg']
[0.385s] Level 1:colcon.colcon_core.package_identification:_identify(src/cecar_lks) by extension 'colcon_pkg'
[0.385s] Level 1:colcon.colcon_core.package_identification:_identify(src/cecar_lks) by extensions ['colcon_meta']
[0.385s] Level 1:colcon.colcon_core.package_identification:_identify(src/cecar_lks) by extension 'colcon_meta'
[0.385s] Level 1:colcon.colcon_core.package_identification:_identify(src/cecar_lks) by extensions ['ros']
[0.385s] Level 1:colcon.colcon_core.package_identification:_identify(src/cecar_lks) by extension 'ros'
[0.388s] DEBUG:colcon.colcon_core.package_identification:Package 'src/cecar_lks' with type 'ros.ament_cmake' and name 'cecar_lks'
[0.388s] Level 1:colcon.colcon_core.package_identification:_identify(src/cpp_pubsub) by extensions ['ignore', 'ignore_ament_install']
[0.388s] Level 1:colcon.colcon_core.package_identification:_identify(src/cpp_pubsub) by extension 'ignore'
[0.388s] Level 1:colcon.colcon_core.package_identification:_identify(src/cpp_pubsub) by extension 'ignore_ament_install'
[0.389s] Level 1:colcon.colcon_core.package_identification:_identify(src/cpp_pubsub) by extensions ['colcon_pkg']
[0.389s] Level 1:colcon.colcon_core.package_identification:_identify(src/cpp_pubsub) by extension 'colcon_pkg'
[0.389s] Level 1:colcon.colcon_core.package_identification:_identify(src/cpp_pubsub) by extensions ['colcon_meta']
[0.389s] Level 1:colcon.colcon_core.package_identification:_identify(src/cpp_pubsub) by extension 'colcon_meta'
[0.389s] Level 1:colcon.colcon_core.package_identification:_identify(src/cpp_pubsub) by extensions ['ros']
[0.389s] Level 1:colcon.colcon_core.package_identification:_identify(src/cpp_pubsub) by extension 'ros'
[0.389s] DEBUG:colcon.colcon_core.package_identification:Package 'src/cpp_pubsub' with type 'ros.ament_cmake' and name 'cpp_pubsub'
[0.389s] Level 1:colcon.colcon_core.package_discovery:discover_packages(recursive) using defaults
[0.390s] Level 1:colcon.colcon_core.package_discovery:discover_packages(ignore) discover
[0.390s] Level 1:colcon.colcon_core.package_discovery:discover_packages(ignore) using defaults
[0.390s] Level 1:colcon.colcon_core.package_discovery:discover_packages(path) discover
[0.390s] Level 1:colcon.colcon_core.package_discovery:discover_packages(path) using defaults
[0.417s] Level 5:colcon.colcon_core.verb:set package 'cecar_lks' build argument 'cmake_args' from command line to 'None'
[0.417s] Level 5:colcon.colcon_core.verb:set package 'cecar_lks' build argument 'cmake_target' from command line to 'None'
[0.417s] Level 5:colcon.colcon_core.verb:set package 'cecar_lks' build argument 'cmake_target_skip_unavailable' from command line to 'False'
[0.417s] Level 5:colcon.colcon_core.verb:set package 'cecar_lks' build argument 'cmake_clean_cache' from command line to 'False'
[0.418s] Level 5:colcon.colcon_core.verb:set package 'cecar_lks' build argument 'cmake_clean_first' from command line to 'False'
[0.418s] Level 5:colcon.colcon_core.verb:set package 'cecar_lks' build argument 'cmake_force_configure' from command line to 'False'
[0.418s] Level 5:colcon.colcon_core.verb:set package 'cecar_lks' build argument 'ament_cmake_args' from command line to 'None'
[0.418s] Level 5:colcon.colcon_core.verb:set package 'cecar_lks' build argument 'catkin_cmake_args' from command line to 'None'
[0.418s] Level 5:colcon.colcon_core.verb:set package 'cecar_lks' build argument 'catkin_skip_building_tests' from command line to 'False'
[0.418s] DEBUG:colcon.colcon_core.verb:Building package 'cecar_lks' with the following arguments: {'ament_cmake_args': None, 'build_base': '/root/mp_lks/ros2_ws/build/cecar_lks', 'catkin_cmake_args': None, 'catkin_skip_building_tests': False, 'cmake_args': None, 'cmake_clean_cache': False, 'cmake_clean_first': False, 'cmake_force_configure': False, 'cmake_target': None, 'cmake_target_skip_unavailable': False, 'install_base': '/root/mp_lks/ros2_ws/install/cecar_lks', 'merge_install': False, 'path': '/root/mp_lks/ros2_ws/src/cecar_lks', 'symlink_install': False, 'test_result_base': None}
[0.421s] Level 5:colcon.colcon_core.verb:set package 'cpp_pubsub' build argument 'cmake_args' from command line to 'None'
[0.422s] Level 5:colcon.colcon_core.verb:set package 'cpp_pubsub' build argument 'cmake_target' from command line to 'None'
[0.422s] Level 5:colcon.colcon_core.verb:set package 'cpp_pubsub' build argument 'cmake_target_skip_unavailable' from command line to 'False'
[0.422s] Level 5:colcon.colcon_core.verb:set package 'cpp_pubsub' build argument 'cmake_clean_cache' from command line to 'False'
[0.422s] Level 5:colcon.colcon_core.verb:set package 'cpp_pubsub' build argument 'cmake_clean_first' from command line to 'False'
[0.422s] Level 5:colcon.colcon_core.verb:set package 'cpp_pubsub' build argument 'cmake_force_configure' from command line to 'False'
[0.422s] Level 5:colcon.colcon_core.verb:set package 'cpp_pubsub' build argument 'ament_cmake_args' from command line to 'None'
[0.422s] Level 5:colcon.colcon_core.verb:set package 'cpp_pubsub' build argument 'catkin_cmake_args' from command line to 'None'
[0.422s] Level 5:colcon.colcon_core.verb:set package 'cpp_pubsub' build argument 'catkin_skip_building_tests' from command line to 'False'
[0.422s] DEBUG:colcon.colcon_core.verb:Building package 'cpp_pubsub' with the following arguments: {'ament_cmake_args': None, 'build_base': '/root/mp_lks/ros2_ws/build/cpp_pubsub', 'catkin_cmake_args': None, 'catkin_skip_building_tests': False, 'cmake_args': None, 'cmake_clean_cache': False, 'cmake_clean_first': False, 'cmake_force_configure': False, 'cmake_target': None, 'cmake_target_skip_unavailable': False, 'install_base': '/root/mp_lks/ros2_ws/install/cpp_pubsub', 'merge_install': False, 'path': '/root/mp_lks/ros2_ws/src/cpp_pubsub', 'symlink_install': False, 'test_result_base': None}
[0.422s] INFO:colcon.colcon_core.executor:Executing jobs using 'parallel' executor
[0.425s] DEBUG:colcon.colcon_parallel_executor.executor.parallel:run_until_complete
[0.426s] INFO:colcon.colcon_ros.task.ament_cmake.build:Building ROS package in '/root/mp_lks/ros2_ws/src/cecar_lks' with build type 'ament_cmake'
[0.437s] INFO:colcon.colcon_cmake.task.cmake.build:Building CMake package in '/root/mp_lks/ros2_ws/src/cecar_lks'
[0.443s] INFO:colcon.colcon_core.plugin_system:Skipping extension 'colcon_core.shell.bat': Not used on non-Windows systems
[0.443s] INFO:colcon.colcon_core.shell:Skip shell extension 'powershell' for command environment: Not usable outside of PowerShell
[0.443s] DEBUG:colcon.colcon_core.shell:Skip shell extension 'dsv' for command environment
[0.447s] DEBUG:colcon.colcon_core.shell:Ignoring prefix path '/opt/ros/eloquent'
[0.449s] INFO:colcon.colcon_ros.task.ament_cmake.build:Building ROS package in '/root/mp_lks/ros2_ws/src/cpp_pubsub' with build type 'ament_cmake'
[0.450s] INFO:colcon.colcon_cmake.task.cmake.build:Building CMake package in '/root/mp_lks/ros2_ws/src/cpp_pubsub'
[0.451s] INFO:colcon.colcon_core.shell:Skip shell extension 'powershell' for command environment: Not usable outside of PowerShell
[0.451s] DEBUG:colcon.colcon_core.shell:Skip shell extension 'dsv' for command environment
[0.454s] DEBUG:colcon.colcon_core.shell:Ignoring prefix path '/opt/ros/eloquent'
[0.464s] DEBUG:colcon.colcon_core.event_handler.log_command:Invoking command in '/root/mp_lks/ros2_ws/build/cecar_lks': CMAKE_PREFIX_PATH=${CMAKE_PREFIX_PATH}:/opt/ros/eloquent /usr/bin/cmake --build /root/mp_lks/ros2_ws/build/cecar_lks -- -j4 -l4
[0.474s] DEBUG:colcon.colcon_core.event_handler.log_command:Invoking command in '/root/mp_lks/ros2_ws/build/cpp_pubsub': CMAKE_PREFIX_PATH=${CMAKE_PREFIX_PATH}:/opt/ros/eloquent /usr/bin/cmake --build /root/mp_lks/ros2_ws/build/cpp_pubsub -- -j4 -l4
[0.596s] DEBUG:colcon.colcon_core.event_handler.log_command:Invoked command in '/root/mp_lks/ros2_ws/build/cpp_pubsub' returned '0': CMAKE_PREFIX_PATH=${CMAKE_PREFIX_PATH}:/opt/ros/eloquent /usr/bin/cmake --build /root/mp_lks/ros2_ws/build/cpp_pubsub -- -j4 -l4
[0.652s] DEBUG:colcon.colcon_core.event_handler.log_command:Invoking command in '/root/mp_lks/ros2_ws/build/cpp_pubsub': CMAKE_PREFIX_PATH=${CMAKE_PREFIX_PATH}:/opt/ros/eloquent /usr/bin/cmake --build /root/mp_lks/ros2_ws/build/cpp_pubsub --target install -- -j4 -l4
[0.788s] Level 1:colcon.colcon_core.environment:create_environment_scripts_only(cpp_pubsub)
[0.789s] DEBUG:colcon.colcon_core.event_handler.log_command:Invoked command in '/root/mp_lks/ros2_ws/build/cpp_pubsub' returned '0': CMAKE_PREFIX_PATH=${CMAKE_PREFIX_PATH}:/opt/ros/eloquent /usr/bin/cmake --build /root/mp_lks/ros2_ws/build/cpp_pubsub --target install -- -j4 -l4
[0.793s] Level 1:colcon.colcon_core.environment:checking '/root/mp_lks/ros2_ws/install/cpp_pubsub' for CMake module files
[0.794s] Level 1:colcon.colcon_core.environment:checking '/root/mp_lks/ros2_ws/install/cpp_pubsub' for CMake config files
[0.794s] Level 1:colcon.colcon_core.shell:create_environment_hook('cpp_pubsub', 'cmake_prefix_path')
[0.795s] INFO:colcon.colcon_core.shell:Creating environment hook '/root/mp_lks/ros2_ws/install/cpp_pubsub/share/cpp_pubsub/hook/cmake_prefix_path.ps1'
[0.796s] INFO:colcon.colcon_core.shell:Creating environment descriptor '/root/mp_lks/ros2_ws/install/cpp_pubsub/share/cpp_pubsub/hook/cmake_prefix_path.dsv'
[0.797s] INFO:colcon.colcon_core.shell:Creating environment hook '/root/mp_lks/ros2_ws/install/cpp_pubsub/share/cpp_pubsub/hook/cmake_prefix_path.sh'
[0.799s] Level 1:colcon.colcon_core.environment:checking '/root/mp_lks/ros2_ws/install/cpp_pubsub/lib'
[0.799s] Level 1:colcon.colcon_core.environment:checking '/root/mp_lks/ros2_ws/install/cpp_pubsub/bin'
[0.799s] Level 1:colcon.colcon_core.environment:checking '/root/mp_lks/ros2_ws/install/cpp_pubsub/lib/pkgconfig/cpp_pubsub.pc'
[0.799s] Level 1:colcon.colcon_core.environment:checking '/root/mp_lks/ros2_ws/install/cpp_pubsub/lib/python3.6/site-packages'
[0.800s] INFO:colcon.colcon_core.shell:Creating package script '/root/mp_lks/ros2_ws/install/cpp_pubsub/share/cpp_pubsub/package.ps1'
[0.801s] INFO:colcon.colcon_core.shell:Creating package descriptor '/root/mp_lks/ros2_ws/install/cpp_pubsub/share/cpp_pubsub/package.dsv'
[0.802s] INFO:colcon.colcon_core.shell:Creating package script '/root/mp_lks/ros2_ws/install/cpp_pubsub/share/cpp_pubsub/package.sh'
[0.803s] INFO:colcon.colcon_core.shell:Creating package script '/root/mp_lks/ros2_ws/install/cpp_pubsub/share/cpp_pubsub/package.bash'
[0.804s] INFO:colcon.colcon_core.shell:Creating package script '/root/mp_lks/ros2_ws/install/cpp_pubsub/share/cpp_pubsub/package.zsh'
[0.804s] Level 1:colcon.colcon_core.environment:create_file_with_runtime_dependencies(/root/mp_lks/ros2_ws/install/cpp_pubsub/share/colcon-core/packages/cpp_pubsub)
[0.840s] Level 1:colcon.colcon_core.environment:create_environment_scripts_only(cpp_pubsub)
[0.841s] Level 1:colcon.colcon_core.environment:checking '/root/mp_lks/ros2_ws/install/cpp_pubsub' for CMake module files
[0.842s] Level 1:colcon.colcon_core.environment:checking '/root/mp_lks/ros2_ws/install/cpp_pubsub' for CMake config files
[0.842s] Level 1:colcon.colcon_core.shell:create_environment_hook('cpp_pubsub', 'cmake_prefix_path')
[0.843s] INFO:colcon.colcon_core.shell:Creating environment hook '/root/mp_lks/ros2_ws/install/cpp_pubsub/share/cpp_pubsub/hook/cmake_prefix_path.ps1'
[0.844s] INFO:colcon.colcon_core.shell:Creating environment descriptor '/root/mp_lks/ros2_ws/install/cpp_pubsub/share/cpp_pubsub/hook/cmake_prefix_path.dsv'
[0.844s] INFO:colcon.colcon_core.shell:Creating environment hook '/root/mp_lks/ros2_ws/install/cpp_pubsub/share/cpp_pubsub/hook/cmake_prefix_path.sh'
[0.846s] Level 1:colcon.colcon_core.environment:checking '/root/mp_lks/ros2_ws/install/cpp_pubsub/lib'
[0.846s] Level 1:colcon.colcon_core.environment:checking '/root/mp_lks/ros2_ws/install/cpp_pubsub/bin'
[0.846s] Level 1:colcon.colcon_core.environment:checking '/root/mp_lks/ros2_ws/install/cpp_pubsub/lib/pkgconfig/cpp_pubsub.pc'
[0.846s] Level 1:colcon.colcon_core.environment:checking '/root/mp_lks/ros2_ws/install/cpp_pubsub/lib/python3.6/site-packages'
[0.847s] INFO:colcon.colcon_core.shell:Creating package script '/root/mp_lks/ros2_ws/install/cpp_pubsub/share/cpp_pubsub/package.ps1'
[0.847s] INFO:colcon.colcon_core.shell:Creating package descriptor '/root/mp_lks/ros2_ws/install/cpp_pubsub/share/cpp_pubsub/package.dsv'
[0.848s] INFO:colcon.colcon_core.shell:Creating package script '/root/mp_lks/ros2_ws/install/cpp_pubsub/share/cpp_pubsub/package.sh'
[0.849s] INFO:colcon.colcon_core.shell:Creating package script '/root/mp_lks/ros2_ws/install/cpp_pubsub/share/cpp_pubsub/package.bash'
[0.849s] INFO:colcon.colcon_core.shell:Creating package script '/root/mp_lks/ros2_ws/install/cpp_pubsub/share/cpp_pubsub/package.zsh'
[0.850s] Level 1:colcon.colcon_core.environment:create_file_with_runtime_dependencies(/root/mp_lks/ros2_ws/install/cpp_pubsub/share/colcon-core/packages/cpp_pubsub)
[3.633s] DEBUG:colcon.colcon_core.event_handler.log_command:Invoked command in '/root/mp_lks/ros2_ws/build/cecar_lks' returned '0': CMAKE_PREFIX_PATH=${CMAKE_PREFIX_PATH}:/opt/ros/eloquent /usr/bin/cmake --build /root/mp_lks/ros2_ws/build/cecar_lks -- -j4 -l4
[3.670s] DEBUG:colcon.colcon_core.event_handler.log_command:Invoking command in '/root/mp_lks/ros2_ws/build/cecar_lks': CMAKE_PREFIX_PATH=${CMAKE_PREFIX_PATH}:/opt/ros/eloquent /usr/bin/cmake --build /root/mp_lks/ros2_ws/build/cecar_lks --target install -- -j4 -l4
[3.805s] Level 1:colcon.colcon_core.environment:create_environment_scripts_only(cecar_lks)
[3.807s] Level 1:colcon.colcon_core.environment:checking '/root/mp_lks/ros2_ws/install/cecar_lks' for CMake module files
[3.807s] DEBUG:colcon.colcon_core.event_handler.log_command:Invoked command in '/root/mp_lks/ros2_ws/build/cecar_lks' returned '0': CMAKE_PREFIX_PATH=${CMAKE_PREFIX_PATH}:/opt/ros/eloquent /usr/bin/cmake --build /root/mp_lks/ros2_ws/build/cecar_lks --target install -- -j4 -l4
[3.808s] Level 1:colcon.colcon_core.environment:checking '/root/mp_lks/ros2_ws/install/cecar_lks' for CMake config files
[3.808s] Level 1:colcon.colcon_core.shell:create_environment_hook('cecar_lks', 'cmake_prefix_path')
[3.809s] INFO:colcon.colcon_core.shell:Creating environment hook '/root/mp_lks/ros2_ws/install/cecar_lks/share/cecar_lks/hook/cmake_prefix_path.ps1'
[3.810s] INFO:colcon.colcon_core.shell:Creating environment descriptor '/root/mp_lks/ros2_ws/install/cecar_lks/share/cecar_lks/hook/cmake_prefix_path.dsv'
[3.810s] INFO:colcon.colcon_core.shell:Creating environment hook '/root/mp_lks/ros2_ws/install/cecar_lks/share/cecar_lks/hook/cmake_prefix_path.sh'
[3.811s] Level 1:colcon.colcon_core.environment:checking '/root/mp_lks/ros2_ws/install/cecar_lks/lib'
[3.811s] Level 1:colcon.colcon_core.environment:checking '/root/mp_lks/ros2_ws/install/cecar_lks/bin'
[3.811s] Level 1:colcon.colcon_core.environment:checking '/root/mp_lks/ros2_ws/install/cecar_lks/lib/pkgconfig/cecar_lks.pc'
[3.811s] Level 1:colcon.colcon_core.environment:checking '/root/mp_lks/ros2_ws/install/cecar_lks/lib/python3.6/site-packages'
[3.812s] INFO:colcon.colcon_core.shell:Creating package script '/root/mp_lks/ros2_ws/install/cecar_lks/share/cecar_lks/package.ps1'
[3.813s] INFO:colcon.colcon_core.shell:Creating package descriptor '/root/mp_lks/ros2_ws/install/cecar_lks/share/cecar_lks/package.dsv'
[3.813s] INFO:colcon.colcon_core.shell:Creating package script '/root/mp_lks/ros2_ws/install/cecar_lks/share/cecar_lks/package.sh'
[3.814s] INFO:colcon.colcon_core.shell:Creating package script '/root/mp_lks/ros2_ws/install/cecar_lks/share/cecar_lks/package.bash'
[3.814s] INFO:colcon.colcon_core.shell:Creating package script '/root/mp_lks/ros2_ws/install/cecar_lks/share/cecar_lks/package.zsh'
[3.814s] Level 1:colcon.colcon_core.environment:create_file_with_runtime_dependencies(/root/mp_lks/ros2_ws/install/cecar_lks/share/colcon-core/packages/cecar_lks)
[3.858s] Level 1:colcon.colcon_core.environment:create_environment_scripts_only(cecar_lks)
[3.859s] Level 1:colcon.colcon_core.environment:checking '/root/mp_lks/ros2_ws/install/cecar_lks' for CMake module files
[3.860s] Level 1:colcon.colcon_core.environment:checking '/root/mp_lks/ros2_ws/install/cecar_lks' for CMake config files
[3.860s] Level 1:colcon.colcon_core.shell:create_environment_hook('cecar_lks', 'cmake_prefix_path')
[3.861s] INFO:colcon.colcon_core.shell:Creating environment hook '/root/mp_lks/ros2_ws/install/cecar_lks/share/cecar_lks/hook/cmake_prefix_path.ps1'
[3.862s] INFO:colcon.colcon_core.shell:Creating environment descriptor '/root/mp_lks/ros2_ws/install/cecar_lks/share/cecar_lks/hook/cmake_prefix_path.dsv'
[3.862s] INFO:colcon.colcon_core.shell:Creating environment hook '/root/mp_lks/ros2_ws/install/cecar_lks/share/cecar_lks/hook/cmake_prefix_path.sh'
[3.863s] Level 1:colcon.colcon_core.environment:checking '/root/mp_lks/ros2_ws/install/cecar_lks/lib'
[3.863s] Level 1:colcon.colcon_core.environment:checking '/root/mp_lks/ros2_ws/install/cecar_lks/bin'
[3.864s] Level 1:colcon.colcon_core.environment:checking '/root/mp_lks/ros2_ws/install/cecar_lks/lib/pkgconfig/cecar_lks.pc'
[3.864s] Level 1:colcon.colcon_core.environment:checking '/root/mp_lks/ros2_ws/install/cecar_lks/lib/python3.6/site-packages'
[3.865s] INFO:colcon.colcon_core.shell:Creating package script '/root/mp_lks/ros2_ws/install/cecar_lks/share/cecar_lks/package.ps1'
[3.865s] INFO:colcon.colcon_core.shell:Creating package descriptor '/root/mp_lks/ros2_ws/install/cecar_lks/share/cecar_lks/package.dsv'
[3.866s] INFO:colcon.colcon_core.shell:Creating package script '/root/mp_lks/ros2_ws/install/cecar_lks/share/cecar_lks/package.sh'
[3.866s] INFO:colcon.colcon_core.shell:Creating package script '/root/mp_lks/ros2_ws/install/cecar_lks/share/cecar_lks/package.bash'
[3.867s] INFO:colcon.colcon_core.shell:Creating package script '/root/mp_lks/ros2_ws/install/cecar_lks/share/cecar_lks/package.zsh'
[3.867s] Level 1:colcon.colcon_core.environment:create_file_with_runtime_dependencies(/root/mp_lks/ros2_ws/install/cecar_lks/share/colcon-core/packages/cecar_lks)
[3.868s] DEBUG:colcon.colcon_parallel_executor.executor.parallel:closing loop
[3.869s] DEBUG:colcon.colcon_parallel_executor.executor.parallel:loop closed
[3.869s] DEBUG:colcon.colcon_parallel_executor.executor.parallel:run_until_complete finished with '0'
[3.869s] DEBUG:colcon.colcon_core.event_reactor:joining thread
[3.876s] INFO:colcon.colcon_core.plugin_system:Skipping extension 'colcon_notification.desktop_notification.notify_send': Could not find 'notify-send'
[3.877s] INFO:colcon.colcon_core.plugin_system:Skipping extension 'colcon_notification.desktop_notification.terminal_notifier': Not used on non-Darwin systems
[3.877s] INFO:colcon.colcon_core.plugin_system:Skipping extension 'colcon_notification.desktop_notification.win32': Not used on non-Windows systems
[3.877s] INFO:colcon.colcon_notification.desktop_notification:Sending desktop notification using 'notify2'
[28.904s] DEBUG:colcon.colcon_notification.desktop_notification.notify2:Failed to initialize notify2: org.freedesktop.DBus.Error.NoReply: Did not receive a reply. Possible causes include: the remote application did not send a reply, the message bus security policy blocked the reply, the reply timeout expired, or the network connection was broken.
[28.905s] DEBUG:colcon.colcon_core.event_reactor:joined thread
[28.910s] INFO:colcon.colcon_core.shell:Creating prefix script '/root/mp_lks/ros2_ws/install/local_setup.ps1'
[28.915s] INFO:colcon.colcon_core.shell:Creating prefix util module '/root/mp_lks/ros2_ws/install/_local_setup_util_ps1.py'
[28.920s] INFO:colcon.colcon_core.shell:Creating prefix chain script '/root/mp_lks/ros2_ws/install/setup.ps1'
[28.928s] INFO:colcon.colcon_core.shell:Creating prefix script '/root/mp_lks/ros2_ws/install/local_setup.sh'
[28.930s] INFO:colcon.colcon_core.shell:Creating prefix util module '/root/mp_lks/ros2_ws/install/_local_setup_util_sh.py'
[28.931s] INFO:colcon.colcon_core.shell:Creating prefix chain script '/root/mp_lks/ros2_ws/install/setup.sh'
[28.938s] INFO:colcon.colcon_core.shell:Creating prefix script '/root/mp_lks/ros2_ws/install/local_setup.bash'
[28.939s] INFO:colcon.colcon_core.shell:Creating prefix chain script '/root/mp_lks/ros2_ws/install/setup.bash'
[28.943s] INFO:colcon.colcon_core.shell:Creating prefix script '/root/mp_lks/ros2_ws/install/local_setup.zsh'
[28.944s] INFO:colcon.colcon_core.shell:Creating prefix chain script '/root/mp_lks/ros2_ws/install/setup.zsh'
