-- Found ament_cmake: 0.8.3 (/opt/ros/eloquent/share/ament_cmake/cmake)
-- Using PYTHON_EXECUTABLE: /usr/bin/python3
-- Found rclcpp: 0.8.5 (/opt/ros/eloquent/share/rclcpp/cmake)
-- Found rosidl_adapter: 0.8.3 (/opt/ros/eloquent/share/rosidl_adapter/cmake)
-- Found rmw_implementation_cmake: 0.8.1 (/opt/ros/eloquent/share/rmw_implementation_cmake/cmake)
-- Using RMW implementation 'rmw_fastrtps_cpp' as default
-- Found std_msgs: 0.8.1 (/opt/ros/eloquent/share/std_msgs/cmake)
-- Configuring done
-- Generating done
-- Build files have been written to: /home/lks/LKS/mp_lks/ros2_ws/build/cecar_lks
[35m[1mScanning dependencies of target hlc[0m
[ 20%] Built target mp
[ 60%] Built target pos
[ 60%] Built target lds
[ 70%] [32mBuilding C object CMakeFiles/hlc.dir/include/Joystick/wordwarvi/rumble.c.o[0m
[ 80%] [32m[1mLinking CXX executable hlc[0m
CMakeFiles/hlc.dir/src/hlc.cpp.o: In function `main':
hlc.cpp:(.text+0x2b8): undefined reference to `play_rumble_effect(int)'
hlc.cpp:(.text+0x2c0): undefined reference to `play_rumble_effect(int)'
collect2: error: ld returned 1 exit status
CMakeFiles/hlc.dir/build.make:188: recipe for target 'hlc' failed
make[2]: *** [hlc] Error 1
CMakeFiles/Makefile2:99: recipe for target 'CMakeFiles/hlc.dir/all' failed
make[1]: *** [CMakeFiles/hlc.dir/all] Error 2
Makefile:140: recipe for target 'all' failed
make: *** [all] Error 2
