[0.105s] Invoking command in '/home/lks/LKS/mp_lks/ros2_ws/build/cecar_lks': CMAKE_PREFIX_PATH=${CMAKE_PREFIX_PATH}:/opt/ros/eloquent /usr/bin/cmake --build /home/lks/LKS/mp_lks/ros2_ws/build/cecar_lks -- -j4 -l4
[0.198s] -- Found ament_cmake: 0.8.3 (/opt/ros/eloquent/share/ament_cmake/cmake)
[0.298s] -- Using PYTHON_EXECUTABLE: /usr/bin/python3
[1.182s] -- Found rclcpp: 0.8.5 (/opt/ros/eloquent/share/rclcpp/cmake)
[1.221s] -- Found rosidl_adapter: 0.8.3 (/opt/ros/eloquent/share/rosidl_adapter/cmake)
[1.333s] -- Found rmw_implementation_cmake: 0.8.1 (/opt/ros/eloquent/share/rmw_implementation_cmake/cmake)
[1.337s] -- Using RMW implementation 'rmw_fastrtps_cpp' as default
[1.435s] -- Found std_msgs: 0.8.1 (/opt/ros/eloquent/share/std_msgs/cmake)
[1.930s] -- Configuring done
[2.024s] -- Generating done
[2.031s] -- Build files have been written to: /home/lks/LKS/mp_lks/ros2_ws/build/cecar_lks
[2.112s] [35m[1mScanning dependencies of target lds[0m
[2.118s] [35m[1mScanning dependencies of target mp[0m
[2.127s] [35m[1mScanning dependencies of target hlc[0m
[2.133s] [35m[1mScanning dependencies of target pos[0m
[2.215s] [ 11%] [32mBuilding CXX object CMakeFiles/lds.dir/src/lds.cpp.o[0m
[2.232s] [ 22%] [32mBuilding CXX object CMakeFiles/pos.dir/src/pos.cpp.o[0m
[2.242s] [ 33%] [32mBuilding CXX object CMakeFiles/mp.dir/src/mp.cpp.o[0m
[2.243s] [ 44%] [32mBuilding CXX object CMakeFiles/hlc.dir/src/hlc.cpp.o[0m
[10.033s] [ 55%] [32m[1mLinking CXX executable pos[0m
[10.197s] [ 66%] [32m[1mLinking CXX executable lds[0m
[10.433s] [ 66%] Built target pos
[10.522s] [ 77%] [32mBuilding C object CMakeFiles/hlc.dir/include/Joystick/wordwarvi/rumble.c.o[0m
[10.759s] [ 77%] Built target lds
[13.195s] [ 88%] [32m[1mLinking CXX executable mp[0m
[13.769s] [ 88%] Built target mp
[14.809s] [100%] [32m[1mLinking CXX executable hlc[0m
[15.407s] CMakeFiles/hlc.dir/src/hlc.cpp.o: In function `main':
[15.408s] hlc.cpp:(.text+0x2b8): undefined reference to `get_ready_to_rumble(char*)'
[15.408s] hlc.cpp:(.text+0x2c0): undefined reference to `play_rumble_effect(int)'
[15.409s] hlc.cpp:(.text+0x2c8): undefined reference to `play_rumble_effect(int)'
[15.409s] collect2: error: ld returned 1 exit status
[15.412s] CMakeFiles/hlc.dir/build.make:162: recipe for target 'hlc' failed
[15.413s] make[2]: *** [hlc] Error 1
[15.414s] CMakeFiles/Makefile2:99: recipe for target 'CMakeFiles/hlc.dir/all' failed
[15.415s] make[1]: *** [CMakeFiles/hlc.dir/all] Error 2
[15.415s] Makefile:140: recipe for target 'all' failed
[15.416s] make: *** [all] Error 2
[15.419s] Invoked command in '/home/lks/LKS/mp_lks/ros2_ws/build/cecar_lks' returned '2': CMAKE_PREFIX_PATH=${CMAKE_PREFIX_PATH}:/opt/ros/eloquent /usr/bin/cmake --build /home/lks/LKS/mp_lks/ros2_ws/build/cecar_lks -- -j4 -l4
