-- Found ament_cmake: 0.8.3 (/opt/ros/eloquent/share/ament_cmake/cmake)
-- Using PYTHON_EXECUTABLE: /usr/bin/python3
-- Found rclcpp: 0.8.5 (/opt/ros/eloquent/share/rclcpp/cmake)
-- Found rosidl_adapter: 0.8.3 (/opt/ros/eloquent/share/rosidl_adapter/cmake)
-- Found rmw_implementation_cmake: 0.8.1 (/opt/ros/eloquent/share/rmw_implementation_cmake/cmake)
-- Using RMW implementation 'rmw_fastrtps_cpp' as default
-- Found std_msgs: 0.8.1 (/opt/ros/eloquent/share/std_msgs/cmake)
-- Configuring done
-- Generating done
-- Build files have been written to: /home/lks/LKS/mp_lks/ros2_ws/build/cecar_lks
[35m[1mScanning dependencies of target hlc[0m
[ 22%] Built target lds
[ 44%] Built target pos
[ 66%] Built target mp
[ 77%] [32mBuilding C object CMakeFiles/hlc.dir/include/gamepad/gamepad.c.o[0m
[ 88%] [32mBuilding CXX object CMakeFiles/hlc.dir/src/hlc.cpp.o[0m
[01m[K/home/lks/LKS/mp_lks/ros2_ws/src/cecar_lks/src/hlc.cpp:[m[K In function ‘[01m[Kint main(int, char**)[m[K’:
[01m[K/home/lks/LKS/mp_lks/ros2_ws/src/cecar_lks/src/hlc.cpp:38:3:[m[K [01;31m[Kerror: [m[K‘[01m[KGamepadAddDevice[m[K’ was not declared in this scope
   [01;31m[KGamepadAddDevice[m[K(JOYSTICK_PATH);

   [01;31m[K^~~~~~~~~~~~~~~~[m[K
[01m[K/home/lks/LKS/mp_lks/ros2_ws/src/cecar_lks/src/hlc.cpp:38:3:[m[K [01;36m[Knote: [m[Ksuggested alternative: ‘[01m[KGamepadUpdate[m[K’
   [01;36m[KGamepadAddDevice[m[K(JOYSTICK_PATH);

   [01;36m[K^~~~~~~~~~~~~~~~[m[K
   [32m[KGamepadUpdate[m[K
CMakeFiles/hlc.dir/build.make:62: recipe for target 'CMakeFiles/hlc.dir/src/hlc.cpp.o' failed
make[2]: *** [CMakeFiles/hlc.dir/src/hlc.cpp.o] Error 1
make[1]: *** [CMakeFiles/hlc.dir/all] Error 2
CMakeFiles/Makefile2:99: recipe for target 'CMakeFiles/hlc.dir/all' failed
Makefile:140: recipe for target 'all' failed
make: *** [all] Error 2
