[0.031s] Invoking command in '/root/mp_lks/ros2_ws/build/cecar_lks': CMAKE_PREFIX_PATH=${CMAKE_PREFIX_PATH}:/opt/ros/eloquent /usr/bin/cmake /root/mp_lks/ros2_ws/src/cecar_lks -DCMAKE_INSTALL_PREFIX=/root/mp_lks/ros2_ws/install/cecar_lks
[0.170s] -- The C compiler identification is GNU 7.5.0
[0.290s] -- The CXX compiler identification is GNU 7.5.0
[0.297s] -- Check for working C compiler: /usr/bin/cc
[0.384s] -- Check for working C compiler: /usr/bin/cc -- works
[0.385s] -- Detecting C compiler ABI info
[0.470s] -- Detecting C compiler ABI info - done
[0.476s] -- Detecting C compile features
[0.743s] -- Detecting C compile features - done
[0.746s] -- Check for working CXX compiler: /usr/bin/c++
[0.845s] -- Check for working CXX compiler: /usr/bin/c++ -- works
[0.846s] -- Detecting CXX compiler ABI info
[0.950s] -- Detecting CXX compiler ABI info - done
[0.955s] -- Detecting CXX compile features
[1.385s] -- Detecting CXX compile features - done
[1.390s] -- Found ament_cmake: 0.8.3 (/opt/ros/eloquent/share/ament_cmake/cmake)
[1.427s] -- Found PythonInterp: /usr/bin/python3 (found suitable version "3.6.9", minimum required is "3") 
[1.427s] -- Using PYTHON_EXECUTABLE: /usr/bin/python3
[1.676s] -- Found rclcpp: 0.8.5 (/opt/ros/eloquent/share/rclcpp/cmake)
[1.707s] -- Found rosidl_adapter: 0.8.3 (/opt/ros/eloquent/share/rosidl_adapter/cmake)
[1.775s] -- Found rmw_implementation_cmake: 0.8.1 (/opt/ros/eloquent/share/rmw_implementation_cmake/cmake)
[1.778s] -- Using RMW implementation 'rmw_fastrtps_cpp' as default
[1.779s] -- Looking for pthread.h
[1.883s] -- Looking for pthread.h - found
[1.884s] -- Looking for pthread_create
[1.976s] -- Looking for pthread_create - not found
[1.977s] -- Looking for pthread_create in pthreads
[2.050s] -- Looking for pthread_create in pthreads - not found
[2.051s] -- Looking for pthread_create in pthread
[2.139s] -- Looking for pthread_create in pthread - found
[2.140s] -- Found Threads: TRUE  
[2.195s] -- Found std_msgs: 0.8.1 (/opt/ros/eloquent/share/std_msgs/cmake)
[2.383s] -- Configuring done
[2.436s] -- Generating done
[2.438s] -- Build files have been written to: /root/mp_lks/ros2_ws/build/cecar_lks
[2.444s] Invoked command in '/root/mp_lks/ros2_ws/build/cecar_lks' returned '0': CMAKE_PREFIX_PATH=${CMAKE_PREFIX_PATH}:/opt/ros/eloquent /usr/bin/cmake /root/mp_lks/ros2_ws/src/cecar_lks -DCMAKE_INSTALL_PREFIX=/root/mp_lks/ros2_ws/install/cecar_lks
[2.447s] Invoking command in '/root/mp_lks/ros2_ws/build/cecar_lks': CMAKE_PREFIX_PATH=${CMAKE_PREFIX_PATH}:/opt/ros/eloquent /usr/bin/cmake --build /root/mp_lks/ros2_ws/build/cecar_lks -- -j4 -l4
[2.512s] [35m[1mScanning dependencies of target hlc[0m
[2.518s] [35m[1mScanning dependencies of target lds[0m
[2.521s] [35m[1mScanning dependencies of target pos[0m
[2.530s] [35m[1mScanning dependencies of target mp[0m
[2.557s] [ 12%] [32mBuilding CXX object CMakeFiles/hlc.dir/src/hlc.cpp.o[0m
[2.568s] [ 25%] [32mBuilding CXX object CMakeFiles/pos.dir/src/pos.cpp.o[0m
[2.592s] [ 37%] [32mBuilding CXX object CMakeFiles/lds.dir/src/lds.cpp.o[0m
[2.604s] [ 50%] [32mBuilding CXX object CMakeFiles/mp.dir/src/mp.cpp.o[0m
[5.109s] [ 62%] [32m[1mLinking CXX executable hlc[0m
[5.289s] [ 75%] [32m[1mLinking CXX executable lds[0m
[5.441s] [ 75%] Built target hlc
[5.502s] [ 87%] [32m[1mLinking CXX executable mp[0m
[5.532s] [ 87%] Built target lds
[5.668s] [ 87%] Built target mp
[5.863s] [100%] [32m[1mLinking CXX executable pos[0m
[5.987s] [100%] Built target pos
[6.004s] Invoked command in '/root/mp_lks/ros2_ws/build/cecar_lks' returned '0': CMAKE_PREFIX_PATH=${CMAKE_PREFIX_PATH}:/opt/ros/eloquent /usr/bin/cmake --build /root/mp_lks/ros2_ws/build/cecar_lks -- -j4 -l4
[6.069s] Invoking command in '/root/mp_lks/ros2_ws/build/cecar_lks': CMAKE_PREFIX_PATH=${CMAKE_PREFIX_PATH}:/opt/ros/eloquent /usr/bin/cmake --build /root/mp_lks/ros2_ws/build/cecar_lks --target install -- -j4 -l4
[6.236s] [ 25%] Built target pos
[6.238s] [ 50%] Built target hlc
[6.240s] [ 75%] Built target lds
[6.254s] [100%] Built target mp
[6.279s] [36mInstall the project...[0m
[6.291s] -- Install configuration: ""
[6.291s] -- Installing: /root/mp_lks/ros2_ws/install/cecar_lks/lib/cecar_lks/lds
[6.292s] -- Set runtime path of "/root/mp_lks/ros2_ws/install/cecar_lks/lib/cecar_lks/lds" to ""
[6.292s] -- Installing: /root/mp_lks/ros2_ws/install/cecar_lks/lib/cecar_lks/pos
[6.292s] -- Set runtime path of "/root/mp_lks/ros2_ws/install/cecar_lks/lib/cecar_lks/pos" to ""
[6.292s] -- Installing: /root/mp_lks/ros2_ws/install/cecar_lks/lib/cecar_lks/mp
[6.293s] -- Set runtime path of "/root/mp_lks/ros2_ws/install/cecar_lks/lib/cecar_lks/mp" to ""
[6.293s] -- Installing: /root/mp_lks/ros2_ws/install/cecar_lks/lib/cecar_lks/hlc
[6.293s] -- Set runtime path of "/root/mp_lks/ros2_ws/install/cecar_lks/lib/cecar_lks/hlc" to ""
[6.293s] -- Installing: /root/mp_lks/ros2_ws/install/cecar_lks/share/cecar_lks/launch
[6.294s] -- Installing: /root/mp_lks/ros2_ws/install/cecar_lks/share/cecar_lks/launch/lks.launch.py
[6.294s] -- Installing: /root/mp_lks/ros2_ws/install/cecar_lks/share/ament_index/resource_index/package_run_dependencies/cecar_lks
[6.294s] -- Installing: /root/mp_lks/ros2_ws/install/cecar_lks/share/ament_index/resource_index/parent_prefix_path/cecar_lks
[6.294s] -- Installing: /root/mp_lks/ros2_ws/install/cecar_lks/share/cecar_lks/environment/ament_prefix_path.sh
[6.294s] -- Installing: /root/mp_lks/ros2_ws/install/cecar_lks/share/cecar_lks/environment/ament_prefix_path.dsv
[6.294s] -- Installing: /root/mp_lks/ros2_ws/install/cecar_lks/share/cecar_lks/environment/path.sh
[6.295s] -- Installing: /root/mp_lks/ros2_ws/install/cecar_lks/share/cecar_lks/environment/path.dsv
[6.295s] -- Installing: /root/mp_lks/ros2_ws/install/cecar_lks/share/cecar_lks/local_setup.bash
[6.295s] -- Installing: /root/mp_lks/ros2_ws/install/cecar_lks/share/cecar_lks/local_setup.sh
[6.295s] -- Installing: /root/mp_lks/ros2_ws/install/cecar_lks/share/cecar_lks/local_setup.zsh
[6.295s] -- Installing: /root/mp_lks/ros2_ws/install/cecar_lks/share/cecar_lks/local_setup.dsv
[6.295s] -- Installing: /root/mp_lks/ros2_ws/install/cecar_lks/share/cecar_lks/package.dsv
[6.295s] -- Installing: /root/mp_lks/ros2_ws/install/cecar_lks/share/ament_index/resource_index/packages/cecar_lks
[6.296s] -- Installing: /root/mp_lks/ros2_ws/install/cecar_lks/share/cecar_lks/cmake/cecar_lksConfig.cmake
[6.296s] -- Installing: /root/mp_lks/ros2_ws/install/cecar_lks/share/cecar_lks/cmake/cecar_lksConfig-version.cmake
[6.296s] -- Installing: /root/mp_lks/ros2_ws/install/cecar_lks/share/cecar_lks/package.xml
[6.301s] Invoked command in '/root/mp_lks/ros2_ws/build/cecar_lks' returned '0': CMAKE_PREFIX_PATH=${CMAKE_PREFIX_PATH}:/opt/ros/eloquent /usr/bin/cmake --build /root/mp_lks/ros2_ws/build/cecar_lks --target install -- -j4 -l4
