Determining if the pthread_create exist failed with the following output:
Change Dir: /root/mp_lks/ros2_ws/build/cpp_pubsub/CMakeFiles/CMakeTmp

Run Build Command:"/usr/bin/make" "cmTC_bbd09/fast"
/usr/bin/make -f CMakeFiles/cmTC_bbd09.dir/build.make CMakeFiles/cmTC_bbd09.dir/build
make[1]: Entering directory '/root/mp_lks/ros2_ws/build/cpp_pubsub/CMakeFiles/CMakeTmp'
Building C object CMakeFiles/cmTC_bbd09.dir/CheckSymbolExists.c.o
/usr/bin/cc    -o CMakeFiles/cmTC_bbd09.dir/CheckSymbolExists.c.o   -c /root/mp_lks/ros2_ws/build/cpp_pubsub/CMakeFiles/CMakeTmp/CheckSymbolExists.c
Linking C executable cmTC_bbd09
/usr/bin/cmake -E cmake_link_script CMakeFiles/cmTC_bbd09.dir/link.txt --verbose=1
/usr/bin/cc      CMakeFiles/cmTC_bbd09.dir/CheckSymbolExists.c.o  -o cmTC_bbd09 
CMakeFiles/cmTC_bbd09.dir/CheckSymbolExists.c.o: In function `main':
CheckSymbolExists.c:(.text+0x1b): undefined reference to `pthread_create'
collect2: error: ld returned 1 exit status
CMakeFiles/cmTC_bbd09.dir/build.make:97: recipe for target 'cmTC_bbd09' failed
make[1]: *** [cmTC_bbd09] Error 1
make[1]: Leaving directory '/root/mp_lks/ros2_ws/build/cpp_pubsub/CMakeFiles/CMakeTmp'
Makefile:126: recipe for target 'cmTC_bbd09/fast' failed
make: *** [cmTC_bbd09/fast] Error 2

File /root/mp_lks/ros2_ws/build/cpp_pubsub/CMakeFiles/CMakeTmp/CheckSymbolExists.c:
/* */
#include <pthread.h>

int main(int argc, char** argv)
{
  (void)argv;
#ifndef pthread_create
  return ((int*)(&pthread_create))[argc];
#else
  (void)argc;
  return 0;
#endif
}

Determining if the function pthread_create exists in the pthreads failed with the following output:
Change Dir: /root/mp_lks/ros2_ws/build/cpp_pubsub/CMakeFiles/CMakeTmp

Run Build Command:"/usr/bin/make" "cmTC_c6a7f/fast"
/usr/bin/make -f CMakeFiles/cmTC_c6a7f.dir/build.make CMakeFiles/cmTC_c6a7f.dir/build
make[1]: Entering directory '/root/mp_lks/ros2_ws/build/cpp_pubsub/CMakeFiles/CMakeTmp'
Building C object CMakeFiles/cmTC_c6a7f.dir/CheckFunctionExists.c.o
/usr/bin/cc   -DCHECK_FUNCTION_EXISTS=pthread_create   -o CMakeFiles/cmTC_c6a7f.dir/CheckFunctionExists.c.o   -c /usr/share/cmake-3.10/Modules/CheckFunctionExists.c
Linking C executable cmTC_c6a7f
/usr/bin/cmake -E cmake_link_script CMakeFiles/cmTC_c6a7f.dir/link.txt --verbose=1
/usr/bin/cc  -DCHECK_FUNCTION_EXISTS=pthread_create    CMakeFiles/cmTC_c6a7f.dir/CheckFunctionExists.c.o  -o cmTC_c6a7f -lpthreads 
/usr/bin/ld: cannot find -lpthreads
collect2: error: ld returned 1 exit status
CMakeFiles/cmTC_c6a7f.dir/build.make:97: recipe for target 'cmTC_c6a7f' failed
make[1]: *** [cmTC_c6a7f] Error 1
make[1]: Leaving directory '/root/mp_lks/ros2_ws/build/cpp_pubsub/CMakeFiles/CMakeTmp'
Makefile:126: recipe for target 'cmTC_c6a7f/fast' failed
make: *** [cmTC_c6a7f/fast] Error 2


