[0.108s] Invoking command in '/home/lks/LKS/mp_lks/ros2_ws/build/cecar_lks': CMAKE_PREFIX_PATH=${CMAKE_PREFIX_PATH}:/opt/ros/eloquent /usr/bin/cmake --build /home/lks/LKS/mp_lks/ros2_ws/build/cecar_lks -- -j4 -l4
[0.319s] [35m[1mScanning dependencies of target hlc[0m
[0.354s] [ 77%] Built target mp
[0.362s] [ 77%] Built target pos
[0.376s] [ 77%] Built target lds
[0.412s] [ 77%] [32mBuilding CXX object CMakeFiles/hlc.dir/src/hlc.cpp.o[0m
[7.079s] [ 77%] [32m[1mLinking CXX executable hlc[0m
[7.362s] [ 77%] Built target hlc
[7.403s] Invoked command in '/home/lks/LKS/mp_lks/ros2_ws/build/cecar_lks' returned '0': CMAKE_PREFIX_PATH=${CMAKE_PREFIX_PATH}:/opt/ros/eloquent /usr/bin/cmake --build /home/lks/LKS/mp_lks/ros2_ws/build/cecar_lks -- -j4 -l4
[7.579s] Invoking command in '/home/lks/LKS/mp_lks/ros2_ws/build/cecar_lks': CMAKE_PREFIX_PATH=${CMAKE_PREFIX_PATH}:/opt/ros/eloquent /usr/bin/cmake --build /home/lks/LKS/mp_lks/ros2_ws/build/cecar_lks --target install -- -j4 -l4
[7.783s] [ 77%] Built target lds
[7.789s] [ 77%] Built target hlc
[7.811s] [ 77%] Built target mp
[7.821s] [ 77%] Built target pos
[7.883s] [36mInstall the project...[0m
[7.917s] -- Install configuration: ""
[7.918s] -- Up-to-date: /home/lks/LKS/mp_lks/ros2_ws/install/cecar_lks/lib/cecar_lks/lds
[7.919s] -- Up-to-date: /home/lks/LKS/mp_lks/ros2_ws/install/cecar_lks/lib/cecar_lks/pos
[7.920s] -- Up-to-date: /home/lks/LKS/mp_lks/ros2_ws/install/cecar_lks/lib/cecar_lks/mp
[7.921s] -- Installing: /home/lks/LKS/mp_lks/ros2_ws/install/cecar_lks/lib/cecar_lks/hlc
[7.922s] -- Set runtime path of "/home/lks/LKS/mp_lks/ros2_ws/install/cecar_lks/lib/cecar_lks/hlc" to ""
[7.923s] -- Up-to-date: /home/lks/LKS/mp_lks/ros2_ws/install/cecar_lks/share/cecar_lks/launch
[7.924s] -- Up-to-date: /home/lks/LKS/mp_lks/ros2_ws/install/cecar_lks/share/cecar_lks/launch/lks.launch.py
[7.924s] -- Up-to-date: /home/lks/LKS/mp_lks/ros2_ws/install/cecar_lks/share/ament_index/resource_index/package_run_dependencies/cecar_lks
[7.925s] -- Up-to-date: /home/lks/LKS/mp_lks/ros2_ws/install/cecar_lks/share/ament_index/resource_index/parent_prefix_path/cecar_lks
[7.925s] -- Up-to-date: /home/lks/LKS/mp_lks/ros2_ws/install/cecar_lks/share/cecar_lks/environment/ament_prefix_path.sh
[7.926s] -- Up-to-date: /home/lks/LKS/mp_lks/ros2_ws/install/cecar_lks/share/cecar_lks/environment/ament_prefix_path.dsv
[7.926s] -- Up-to-date: /home/lks/LKS/mp_lks/ros2_ws/install/cecar_lks/share/cecar_lks/environment/path.sh
[7.927s] -- Up-to-date: /home/lks/LKS/mp_lks/ros2_ws/install/cecar_lks/share/cecar_lks/environment/path.dsv
[7.927s] -- Up-to-date: /home/lks/LKS/mp_lks/ros2_ws/install/cecar_lks/share/cecar_lks/local_setup.bash
[7.927s] -- Up-to-date: /home/lks/LKS/mp_lks/ros2_ws/install/cecar_lks/share/cecar_lks/local_setup.sh
[7.928s] -- Up-to-date: /home/lks/LKS/mp_lks/ros2_ws/install/cecar_lks/share/cecar_lks/local_setup.zsh
[7.928s] -- Up-to-date: /home/lks/LKS/mp_lks/ros2_ws/install/cecar_lks/share/cecar_lks/local_setup.dsv
[7.929s] -- Installing: /home/lks/LKS/mp_lks/ros2_ws/install/cecar_lks/share/cecar_lks/package.dsv
[7.930s] -- Up-to-date: /home/lks/LKS/mp_lks/ros2_ws/install/cecar_lks/share/ament_index/resource_index/packages/cecar_lks
[7.930s] -- Up-to-date: /home/lks/LKS/mp_lks/ros2_ws/install/cecar_lks/share/cecar_lks/cmake/cecar_lksConfig.cmake
[7.930s] -- Up-to-date: /home/lks/LKS/mp_lks/ros2_ws/install/cecar_lks/share/cecar_lks/cmake/cecar_lksConfig-version.cmake
[7.931s] -- Up-to-date: /home/lks/LKS/mp_lks/ros2_ws/install/cecar_lks/share/cecar_lks/package.xml
[7.937s] Invoked command in '/home/lks/LKS/mp_lks/ros2_ws/build/cecar_lks' returned '0': CMAKE_PREFIX_PATH=${CMAKE_PREFIX_PATH}:/opt/ros/eloquent /usr/bin/cmake --build /home/lks/LKS/mp_lks/ros2_ws/build/cecar_lks --target install -- -j4 -l4
