[35m[1mScanning dependencies of target hlc[0m
[ 44%] Built target pos
[ 44%] Built target mp
[ 66%] Built target lds
[ 77%] [32mBuilding CXX object CMakeFiles/hlc.dir/src/hlc.cpp.o[0m
In file included from [01m[K/opt/ros/eloquent/include/rclcpp/client.hpp:39:0[m[K,
                 from [01m[K/opt/ros/eloquent/include/rclcpp/callback_group.hpp:23[m[K,
                 from [01m[K/opt/ros/eloquent/include/rclcpp/any_executable.hpp:20[m[K,
                 from [01m[K/opt/ros/eloquent/include/rclcpp/memory_strategy.hpp:24[m[K,
                 from [01m[K/opt/ros/eloquent/include/rclcpp/memory_strategies.hpp:18[m[K,
                 from [01m[K/opt/ros/eloquent/include/rclcpp/executor.hpp:33[m[K,
                 from [01m[K/opt/ros/eloquent/include/rclcpp/executors/multi_threaded_executor.hpp:25[m[K,
                 from [01m[K/opt/ros/eloquent/include/rclcpp/executors.hpp:21[m[K,
                 from [01m[K/opt/ros/eloquent/include/rclcpp/rclcpp.hpp:145[m[K,
                 from [01m[K/home/lks/LKS/mp_lks/ros2_ws/src/cecar_lks/src/hlc.cpp:8[m[K:
[01m[K/home/lks/LKS/mp_lks/ros2_ws/src/cecar_lks/src/hlc.cpp:[m[K In member function ‘[01m[Kvoid hlc_node::topic_callback(std_msgs::msg::String_<std::allocator<void> >::SharedPtr) const[m[K’:
[01m[K/home/lks/LKS/mp_lks/ros2_ws/src/cecar_lks/src/hlc.cpp:28:74:[m[K [01;31m[Kerror: [m[K‘[01m[Kgpd[m[K’ was not declared in this scope
  RCLCPP_INFO(this->get_logger(), "Ijoystick '%f'",GamepadStickAngle([01;31m[Kg[m[Kpd,STICK_LEFT));

                                                                     [01;31m[K^[m[K
[01m[K/opt/ros/eloquent/include/rcutils/logging_macros.h:72:64:[m[K [01;36m[Knote: [m[Kin definition of macro ‘[01m[KRCUTILS_LOG_COND_NAMED[m[K’
       rcutils_log(&__rcutils_logging_location, severity, name, [01;36m[K__VA_ARGS__[m[K); \
                                                                [01;36m[K^~~~~~~~~~~[m[K
[01m[K/opt/ros/eloquent/include/rclcpp/logging.hpp:541:5:[m[K [01;36m[Knote: [m[Kin expansion of macro ‘[01m[KRCUTILS_LOG_INFO_NAMED[m[K’
     [01;36m[KRCUTILS_LOG_INFO_NAMED[m[K( \
     [01;36m[K^~~~~~~~~~~~~~~~~~~~~~[m[K
[01m[K/opt/ros/eloquent/include/rclcpp/logging.hpp:544:9:[m[K [01;36m[Knote: [m[Kin expansion of macro ‘[01m[KRCLCPP_ALL_BUT_FIRST_ARGS[m[K’
         [01;36m[KRCLCPP_ALL_BUT_FIRST_ARGS[m[K(__VA_ARGS__,"")); \
         [01;36m[K^~~~~~~~~~~~~~~~~~~~~~~~~[m[K
[01m[K/home/lks/LKS/mp_lks/ros2_ws/src/cecar_lks/src/hlc.cpp:28:7:[m[K [01;36m[Knote: [m[Kin expansion of macro ‘[01m[KRCLCPP_INFO[m[K’
       [01;36m[KRCLCPP_INFO[m[K(this->get_logger(), "Ijoystick '%f'",GamepadStickAngle(gpd,STICK_LEFT));

       [01;36m[K^~~~~~~~~~~[m[K
[01m[K/home/lks/LKS/mp_lks/ros2_ws/src/cecar_lks/src/hlc.cpp:[m[K In function ‘[01m[Kint main(int, char**)[m[K’:
[01m[K/home/lks/LKS/mp_lks/ros2_ws/src/cecar_lks/src/hlc.cpp:40:3:[m[K [01;31m[Kerror: [m[K‘[01m[Kplay_rumble_effects[m[K’ was not declared in this scope
   [01;31m[Kplay_rumble_effects[m[K(4);

   [01;31m[K^~~~~~~~~~~~~~~~~~~[m[K
[01m[K/home/lks/LKS/mp_lks/ros2_ws/src/cecar_lks/src/hlc.cpp:40:3:[m[K [01;36m[Knote: [m[Ksuggested alternative: ‘[01m[Kplay_rumble_effect[m[K’
   [01;36m[Kplay_rumble_effects[m[K(4);

   [01;36m[K^~~~~~~~~~~~~~~~~~~[m[K
   [32m[Kplay_rumble_effect[m[K
CMakeFiles/hlc.dir/build.make:62: recipe for target 'CMakeFiles/hlc.dir/src/hlc.cpp.o' failed
make[2]: *** [CMakeFiles/hlc.dir/src/hlc.cpp.o] Error 1
make[1]: *** [CMakeFiles/hlc.dir/all] Error 2
CMakeFiles/Makefile2:99: recipe for target 'CMakeFiles/hlc.dir/all' failed
make: *** [all] Error 2
Makefile:140: recipe for target 'all' failed
