[0.401s] DEBUG:colcon:Command line arguments: ['/usr/bin/colcon', 'build']
[0.401s] DEBUG:colcon:Parsed command line arguments: Namespace(ament_cmake_args=None, base_paths=['.'], build_base='build', catkin_cmake_args=None, catkin_skip_building_tests=False, cmake_args=None, cmake_clean_cache=False, cmake_clean_first=False, cmake_force_configure=False, cmake_target=None, cmake_target_skip_unavailable=False, continue_on_error=False, event_handlers=None, executor='parallel', ignore_user_meta=False, install_base='install', log_base=None, log_level=None, main=<bound method BuildVerb.main of <colcon_core.verb.build.BuildVerb object at 0x7f947df0beb8>>, merge_install=False, metas=['./colcon.meta'], packages_above=None, packages_above_and_dependencies=None, packages_above_depth=None, packages_end=None, packages_ignore=None, packages_ignore_regex=None, packages_select=None, packages_select_build_failed=False, packages_select_by_dep=None, packages_select_regex=None, packages_select_test_failures=False, packages_skip=None, packages_skip_build_finished=False, packages_skip_by_dep=None, packages_skip_regex=None, packages_skip_test_passed=False, packages_skip_up_to=None, packages_start=None, packages_up_to=None, packages_up_to_regex=None, parallel_workers=4, paths=None, symlink_install=False, test_result_base=None, verb_extension=<colcon_core.verb.build.BuildVerb object at 0x7f947df0beb8>, verb_name='build', verb_parser=<colcon_defaults.argument_parser.defaults.DefaultArgumentsDecorator object at 0x7f947dc5e390>)
[0.411s] Level 1:colcon.colcon_core.package_discovery:discover_packages(colcon_meta) check parameters
[0.411s] Level 1:colcon.colcon_core.package_discovery:discover_packages(recursive) check parameters
[0.411s] Level 1:colcon.colcon_core.package_discovery:discover_packages(ignore) check parameters
[0.411s] Level 1:colcon.colcon_core.package_discovery:discover_packages(path) check parameters
[0.411s] Level 1:colcon.colcon_core.package_discovery:discover_packages(colcon_meta) discover
[0.411s] Level 1:colcon.colcon_core.package_discovery:discover_packages(recursive) discover
[0.411s] INFO:colcon.colcon_core.package_discovery:Crawling recursively for packages in '/root/mp_lks/ros2_ws'
[0.411s] Level 1:colcon.colcon_core.package_identification:_identify(.) by extensions ['ignore', 'ignore_ament_install']
[0.412s] Level 1:colcon.colcon_core.package_identification:_identify(.) by extension 'ignore'
[0.412s] Level 1:colcon.colcon_core.package_identification:_identify(.) by extension 'ignore_ament_install'
[0.412s] Level 1:colcon.colcon_core.package_identification:_identify(.) by extensions ['colcon_pkg']
[0.412s] Level 1:colcon.colcon_core.package_identification:_identify(.) by extension 'colcon_pkg'
[0.412s] Level 1:colcon.colcon_core.package_identification:_identify(.) by extensions ['colcon_meta']
[0.412s] Level 1:colcon.colcon_core.package_identification:_identify(.) by extension 'colcon_meta'
[0.412s] Level 1:colcon.colcon_core.package_identification:_identify(.) by extensions ['ros']
[0.412s] Level 1:colcon.colcon_core.package_identification:_identify(.) by extension 'ros'
[0.426s] Level 1:colcon.colcon_core.package_identification:_identify(.) by extensions ['cmake', 'python']
[0.426s] Level 1:colcon.colcon_core.package_identification:_identify(.) by extension 'cmake'
[0.426s] Level 1:colcon.colcon_core.package_identification:_identify(.) by extension 'python'
[0.426s] Level 1:colcon.colcon_core.package_identification:_identify(.) by extensions ['python_setup_py']
[0.427s] Level 1:colcon.colcon_core.package_identification:_identify(.) by extension 'python_setup_py'
[0.427s] Level 1:colcon.colcon_core.package_identification:_identify(build) by extensions ['ignore', 'ignore_ament_install']
[0.427s] Level 1:colcon.colcon_core.package_identification:_identify(build) by extension 'ignore'
[0.427s] Level 1:colcon.colcon_core.package_identification:_identify(build) ignored
[0.427s] Level 1:colcon.colcon_core.package_identification:_identify(install) by extensions ['ignore', 'ignore_ament_install']
[0.427s] Level 1:colcon.colcon_core.package_identification:_identify(install) by extension 'ignore'
[0.427s] Level 1:colcon.colcon_core.package_identification:_identify(install) ignored
[0.428s] Level 1:colcon.colcon_core.package_identification:_identify(log) by extensions ['ignore', 'ignore_ament_install']
[0.428s] Level 1:colcon.colcon_core.package_identification:_identify(log) by extension 'ignore'
[0.428s] Level 1:colcon.colcon_core.package_identification:_identify(log) ignored
[0.428s] Level 1:colcon.colcon_core.package_identification:_identify(src) by extensions ['ignore', 'ignore_ament_install']
[0.428s] Level 1:colcon.colcon_core.package_identification:_identify(src) by extension 'ignore'
[0.428s] Level 1:colcon.colcon_core.package_identification:_identify(src) by extension 'ignore_ament_install'
[0.428s] Level 1:colcon.colcon_core.package_identification:_identify(src) by extensions ['colcon_pkg']
[0.428s] Level 1:colcon.colcon_core.package_identification:_identify(src) by extension 'colcon_pkg'
[0.428s] Level 1:colcon.colcon_core.package_identification:_identify(src) by extensions ['colcon_meta']
[0.428s] Level 1:colcon.colcon_core.package_identification:_identify(src) by extension 'colcon_meta'
[0.428s] Level 1:colcon.colcon_core.package_identification:_identify(src) by extensions ['ros']
[0.429s] Level 1:colcon.colcon_core.package_identification:_identify(src) by extension 'ros'
[0.429s] Level 1:colcon.colcon_core.package_identification:_identify(src) by extensions ['cmake', 'python']
[0.429s] Level 1:colcon.colcon_core.package_identification:_identify(src) by extension 'cmake'
[0.429s] Level 1:colcon.colcon_core.package_identification:_identify(src) by extension 'python'
[0.429s] Level 1:colcon.colcon_core.package_identification:_identify(src) by extensions ['python_setup_py']
[0.429s] Level 1:colcon.colcon_core.package_identification:_identify(src) by extension 'python_setup_py'
[0.429s] Level 1:colcon.colcon_core.package_identification:_identify(src/cecar_lks) by extensions ['ignore', 'ignore_ament_install']
[0.429s] Level 1:colcon.colcon_core.package_identification:_identify(src/cecar_lks) by extension 'ignore'
[0.429s] Level 1:colcon.colcon_core.package_identification:_identify(src/cecar_lks) by extension 'ignore_ament_install'
[0.429s] Level 1:colcon.colcon_core.package_identification:_identify(src/cecar_lks) by extensions ['colcon_pkg']
[0.429s] Level 1:colcon.colcon_core.package_identification:_identify(src/cecar_lks) by extension 'colcon_pkg'
[0.429s] Level 1:colcon.colcon_core.package_identification:_identify(src/cecar_lks) by extensions ['colcon_meta']
[0.429s] Level 1:colcon.colcon_core.package_identification:_identify(src/cecar_lks) by extension 'colcon_meta'
[0.429s] Level 1:colcon.colcon_core.package_identification:_identify(src/cecar_lks) by extensions ['ros']
[0.429s] Level 1:colcon.colcon_core.package_identification:_identify(src/cecar_lks) by extension 'ros'
[0.433s] DEBUG:colcon.colcon_core.package_identification:Package 'src/cecar_lks' with type 'ros.ament_cmake' and name 'cecar_lks'
[0.433s] Level 1:colcon.colcon_core.package_identification:_identify(src/cpp_pubsub) by extensions ['ignore', 'ignore_ament_install']
[0.433s] Level 1:colcon.colcon_core.package_identification:_identify(src/cpp_pubsub) by extension 'ignore'
[0.433s] Level 1:colcon.colcon_core.package_identification:_identify(src/cpp_pubsub) by extension 'ignore_ament_install'
[0.434s] Level 1:colcon.colcon_core.package_identification:_identify(src/cpp_pubsub) by extensions ['colcon_pkg']
[0.434s] Level 1:colcon.colcon_core.package_identification:_identify(src/cpp_pubsub) by extension 'colcon_pkg'
[0.434s] Level 1:colcon.colcon_core.package_identification:_identify(src/cpp_pubsub) by extensions ['colcon_meta']
[0.434s] Level 1:colcon.colcon_core.package_identification:_identify(src/cpp_pubsub) by extension 'colcon_meta'
[0.434s] Level 1:colcon.colcon_core.package_identification:_identify(src/cpp_pubsub) by extensions ['ros']
[0.434s] Level 1:colcon.colcon_core.package_identification:_identify(src/cpp_pubsub) by extension 'ros'
[0.435s] DEBUG:colcon.colcon_core.package_identification:Package 'src/cpp_pubsub' with type 'ros.ament_cmake' and name 'cpp_pubsub'
[0.435s] Level 1:colcon.colcon_core.package_discovery:discover_packages(recursive) using defaults
[0.435s] Level 1:colcon.colcon_core.package_discovery:discover_packages(ignore) discover
[0.435s] Level 1:colcon.colcon_core.package_discovery:discover_packages(ignore) using defaults
[0.435s] Level 1:colcon.colcon_core.package_discovery:discover_packages(path) discover
[0.435s] Level 1:colcon.colcon_core.package_discovery:discover_packages(path) using defaults
[0.465s] Level 5:colcon.colcon_core.verb:set package 'cecar_lks' build argument 'cmake_args' from command line to 'None'
[0.465s] Level 5:colcon.colcon_core.verb:set package 'cecar_lks' build argument 'cmake_target' from command line to 'None'
[0.465s] Level 5:colcon.colcon_core.verb:set package 'cecar_lks' build argument 'cmake_target_skip_unavailable' from command line to 'False'
[0.465s] Level 5:colcon.colcon_core.verb:set package 'cecar_lks' build argument 'cmake_clean_cache' from command line to 'False'
[0.465s] Level 5:colcon.colcon_core.verb:set package 'cecar_lks' build argument 'cmake_clean_first' from command line to 'False'
[0.465s] Level 5:colcon.colcon_core.verb:set package 'cecar_lks' build argument 'cmake_force_configure' from command line to 'False'
[0.465s] Level 5:colcon.colcon_core.verb:set package 'cecar_lks' build argument 'ament_cmake_args' from command line to 'None'
[0.465s] Level 5:colcon.colcon_core.verb:set package 'cecar_lks' build argument 'catkin_cmake_args' from command line to 'None'
[0.465s] Level 5:colcon.colcon_core.verb:set package 'cecar_lks' build argument 'catkin_skip_building_tests' from command line to 'False'
[0.465s] DEBUG:colcon.colcon_core.verb:Building package 'cecar_lks' with the following arguments: {'ament_cmake_args': None, 'build_base': '/root/mp_lks/ros2_ws/build/cecar_lks', 'catkin_cmake_args': None, 'catkin_skip_building_tests': False, 'cmake_args': None, 'cmake_clean_cache': False, 'cmake_clean_first': False, 'cmake_force_configure': False, 'cmake_target': None, 'cmake_target_skip_unavailable': False, 'install_base': '/root/mp_lks/ros2_ws/install/cecar_lks', 'merge_install': False, 'path': '/root/mp_lks/ros2_ws/src/cecar_lks', 'symlink_install': False, 'test_result_base': None}
[0.469s] Level 5:colcon.colcon_core.verb:set package 'cpp_pubsub' build argument 'cmake_args' from command line to 'None'
[0.469s] Level 5:colcon.colcon_core.verb:set package 'cpp_pubsub' build argument 'cmake_target' from command line to 'None'
[0.469s] Level 5:colcon.colcon_core.verb:set package 'cpp_pubsub' build argument 'cmake_target_skip_unavailable' from command line to 'False'
[0.469s] Level 5:colcon.colcon_core.verb:set package 'cpp_pubsub' build argument 'cmake_clean_cache' from command line to 'False'
[0.469s] Level 5:colcon.colcon_core.verb:set package 'cpp_pubsub' build argument 'cmake_clean_first' from command line to 'False'
[0.469s] Level 5:colcon.colcon_core.verb:set package 'cpp_pubsub' build argument 'cmake_force_configure' from command line to 'False'
[0.469s] Level 5:colcon.colcon_core.verb:set package 'cpp_pubsub' build argument 'ament_cmake_args' from command line to 'None'
[0.469s] Level 5:colcon.colcon_core.verb:set package 'cpp_pubsub' build argument 'catkin_cmake_args' from command line to 'None'
[0.469s] Level 5:colcon.colcon_core.verb:set package 'cpp_pubsub' build argument 'catkin_skip_building_tests' from command line to 'False'
[0.469s] DEBUG:colcon.colcon_core.verb:Building package 'cpp_pubsub' with the following arguments: {'ament_cmake_args': None, 'build_base': '/root/mp_lks/ros2_ws/build/cpp_pubsub', 'catkin_cmake_args': None, 'catkin_skip_building_tests': False, 'cmake_args': None, 'cmake_clean_cache': False, 'cmake_clean_first': False, 'cmake_force_configure': False, 'cmake_target': None, 'cmake_target_skip_unavailable': False, 'install_base': '/root/mp_lks/ros2_ws/install/cpp_pubsub', 'merge_install': False, 'path': '/root/mp_lks/ros2_ws/src/cpp_pubsub', 'symlink_install': False, 'test_result_base': None}
[0.469s] INFO:colcon.colcon_core.executor:Executing jobs using 'parallel' executor
[0.472s] DEBUG:colcon.colcon_parallel_executor.executor.parallel:run_until_complete
[0.484s] INFO:colcon.colcon_ros.task.ament_cmake.build:Building ROS package in '/root/mp_lks/ros2_ws/src/cecar_lks' with build type 'ament_cmake'
[0.484s] INFO:colcon.colcon_cmake.task.cmake.build:Building CMake package in '/root/mp_lks/ros2_ws/src/cecar_lks'
[0.491s] INFO:colcon.colcon_core.plugin_system:Skipping extension 'colcon_core.shell.bat': Not used on non-Windows systems
[0.492s] INFO:colcon.colcon_core.shell:Skip shell extension 'powershell' for command environment: Not usable outside of PowerShell
[0.492s] DEBUG:colcon.colcon_core.shell:Skip shell extension 'dsv' for command environment
[0.496s] DEBUG:colcon.colcon_core.shell:Ignoring prefix path '/opt/ros/eloquent'
[0.501s] INFO:colcon.colcon_ros.task.ament_cmake.build:Building ROS package in '/root/mp_lks/ros2_ws/src/cpp_pubsub' with build type 'ament_cmake'
[0.501s] INFO:colcon.colcon_cmake.task.cmake.build:Building CMake package in '/root/mp_lks/ros2_ws/src/cpp_pubsub'
[0.502s] INFO:colcon.colcon_core.shell:Skip shell extension 'powershell' for command environment: Not usable outside of PowerShell
[0.502s] DEBUG:colcon.colcon_core.shell:Skip shell extension 'dsv' for command environment
[0.505s] DEBUG:colcon.colcon_core.shell:Ignoring prefix path '/opt/ros/eloquent'
[0.515s] DEBUG:colcon.colcon_core.event_handler.log_command:Invoking command in '/root/mp_lks/ros2_ws/build/cecar_lks': CMAKE_PREFIX_PATH=${CMAKE_PREFIX_PATH}:/opt/ros/eloquent /usr/bin/cmake /root/mp_lks/ros2_ws/src/cecar_lks -DCMAKE_INSTALL_PREFIX=/root/mp_lks/ros2_ws/install/cecar_lks
[0.529s] DEBUG:colcon.colcon_core.event_handler.log_command:Invoking command in '/root/mp_lks/ros2_ws/build/cpp_pubsub': CMAKE_PREFIX_PATH=${CMAKE_PREFIX_PATH}:/opt/ros/eloquent /usr/bin/cmake /root/mp_lks/ros2_ws/src/cpp_pubsub -DCMAKE_INSTALL_PREFIX=/root/mp_lks/ros2_ws/install/cpp_pubsub
[2.862s] DEBUG:colcon.colcon_core.event_handler.log_command:Invoked command in '/root/mp_lks/ros2_ws/build/cpp_pubsub' returned '0': CMAKE_PREFIX_PATH=${CMAKE_PREFIX_PATH}:/opt/ros/eloquent /usr/bin/cmake /root/mp_lks/ros2_ws/src/cpp_pubsub -DCMAKE_INSTALL_PREFIX=/root/mp_lks/ros2_ws/install/cpp_pubsub
[2.866s] DEBUG:colcon.colcon_core.event_handler.log_command:Invoking command in '/root/mp_lks/ros2_ws/build/cpp_pubsub': CMAKE_PREFIX_PATH=${CMAKE_PREFIX_PATH}:/opt/ros/eloquent /usr/bin/cmake --build /root/mp_lks/ros2_ws/build/cpp_pubsub -- -j4 -l4
[2.929s] DEBUG:colcon.colcon_core.event_handler.log_command:Invoked command in '/root/mp_lks/ros2_ws/build/cecar_lks' returned '0': CMAKE_PREFIX_PATH=${CMAKE_PREFIX_PATH}:/opt/ros/eloquent /usr/bin/cmake /root/mp_lks/ros2_ws/src/cecar_lks -DCMAKE_INSTALL_PREFIX=/root/mp_lks/ros2_ws/install/cecar_lks
[2.931s] DEBUG:colcon.colcon_core.event_handler.log_command:Invoking command in '/root/mp_lks/ros2_ws/build/cecar_lks': CMAKE_PREFIX_PATH=${CMAKE_PREFIX_PATH}:/opt/ros/eloquent /usr/bin/cmake --build /root/mp_lks/ros2_ws/build/cecar_lks -- -j4 -l4
[6.489s] DEBUG:colcon.colcon_core.event_handler.log_command:Invoked command in '/root/mp_lks/ros2_ws/build/cecar_lks' returned '0': CMAKE_PREFIX_PATH=${CMAKE_PREFIX_PATH}:/opt/ros/eloquent /usr/bin/cmake --build /root/mp_lks/ros2_ws/build/cecar_lks -- -j4 -l4
[6.554s] DEBUG:colcon.colcon_core.event_handler.log_command:Invoking command in '/root/mp_lks/ros2_ws/build/cecar_lks': CMAKE_PREFIX_PATH=${CMAKE_PREFIX_PATH}:/opt/ros/eloquent /usr/bin/cmake --build /root/mp_lks/ros2_ws/build/cecar_lks --target install -- -j4 -l4
[6.784s] Level 1:colcon.colcon_core.environment:create_environment_scripts_only(cecar_lks)
[6.786s] DEBUG:colcon.colcon_core.event_handler.log_command:Invoked command in '/root/mp_lks/ros2_ws/build/cecar_lks' returned '0': CMAKE_PREFIX_PATH=${CMAKE_PREFIX_PATH}:/opt/ros/eloquent /usr/bin/cmake --build /root/mp_lks/ros2_ws/build/cecar_lks --target install -- -j4 -l4
[6.791s] Level 1:colcon.colcon_core.environment:checking '/root/mp_lks/ros2_ws/install/cecar_lks' for CMake module files
[6.793s] Level 1:colcon.colcon_core.environment:checking '/root/mp_lks/ros2_ws/install/cecar_lks' for CMake config files
[6.794s] Level 1:colcon.colcon_core.shell:create_environment_hook('cecar_lks', 'cmake_prefix_path')
[6.794s] INFO:colcon.colcon_core.shell:Creating environment hook '/root/mp_lks/ros2_ws/install/cecar_lks/share/cecar_lks/hook/cmake_prefix_path.ps1'
[6.796s] INFO:colcon.colcon_core.shell:Creating environment descriptor '/root/mp_lks/ros2_ws/install/cecar_lks/share/cecar_lks/hook/cmake_prefix_path.dsv'
[6.796s] INFO:colcon.colcon_core.shell:Creating environment hook '/root/mp_lks/ros2_ws/install/cecar_lks/share/cecar_lks/hook/cmake_prefix_path.sh'
[6.798s] Level 1:colcon.colcon_core.environment:checking '/root/mp_lks/ros2_ws/install/cecar_lks/lib'
[6.798s] Level 1:colcon.colcon_core.environment:checking '/root/mp_lks/ros2_ws/install/cecar_lks/bin'
[6.798s] Level 1:colcon.colcon_core.environment:checking '/root/mp_lks/ros2_ws/install/cecar_lks/lib/pkgconfig/cecar_lks.pc'
[6.798s] Level 1:colcon.colcon_core.environment:checking '/root/mp_lks/ros2_ws/install/cecar_lks/lib/python3.6/site-packages'
[6.799s] INFO:colcon.colcon_core.shell:Creating package script '/root/mp_lks/ros2_ws/install/cecar_lks/share/cecar_lks/package.ps1'
[6.800s] INFO:colcon.colcon_core.shell:Creating package descriptor '/root/mp_lks/ros2_ws/install/cecar_lks/share/cecar_lks/package.dsv'
[6.802s] INFO:colcon.colcon_core.shell:Creating package script '/root/mp_lks/ros2_ws/install/cecar_lks/share/cecar_lks/package.sh'
[6.803s] INFO:colcon.colcon_core.shell:Creating package script '/root/mp_lks/ros2_ws/install/cecar_lks/share/cecar_lks/package.bash'
[6.804s] INFO:colcon.colcon_core.shell:Creating package script '/root/mp_lks/ros2_ws/install/cecar_lks/share/cecar_lks/package.zsh'
[6.806s] Level 1:colcon.colcon_core.environment:create_file_with_runtime_dependencies(/root/mp_lks/ros2_ws/install/cecar_lks/share/colcon-core/packages/cecar_lks)
[6.858s] Level 1:colcon.colcon_core.environment:create_environment_scripts_only(cecar_lks)
[6.860s] Level 1:colcon.colcon_core.environment:checking '/root/mp_lks/ros2_ws/install/cecar_lks' for CMake module files
[6.861s] Level 1:colcon.colcon_core.environment:checking '/root/mp_lks/ros2_ws/install/cecar_lks' for CMake config files
[6.861s] Level 1:colcon.colcon_core.shell:create_environment_hook('cecar_lks', 'cmake_prefix_path')
[6.862s] INFO:colcon.colcon_core.shell:Creating environment hook '/root/mp_lks/ros2_ws/install/cecar_lks/share/cecar_lks/hook/cmake_prefix_path.ps1'
[6.863s] INFO:colcon.colcon_core.shell:Creating environment descriptor '/root/mp_lks/ros2_ws/install/cecar_lks/share/cecar_lks/hook/cmake_prefix_path.dsv'
[6.863s] INFO:colcon.colcon_core.shell:Creating environment hook '/root/mp_lks/ros2_ws/install/cecar_lks/share/cecar_lks/hook/cmake_prefix_path.sh'
[6.865s] Level 1:colcon.colcon_core.environment:checking '/root/mp_lks/ros2_ws/install/cecar_lks/lib'
[6.865s] Level 1:colcon.colcon_core.environment:checking '/root/mp_lks/ros2_ws/install/cecar_lks/bin'
[6.866s] Level 1:colcon.colcon_core.environment:checking '/root/mp_lks/ros2_ws/install/cecar_lks/lib/pkgconfig/cecar_lks.pc'
[6.866s] Level 1:colcon.colcon_core.environment:checking '/root/mp_lks/ros2_ws/install/cecar_lks/lib/python3.6/site-packages'
[6.867s] INFO:colcon.colcon_core.shell:Creating package script '/root/mp_lks/ros2_ws/install/cecar_lks/share/cecar_lks/package.ps1'
[6.868s] INFO:colcon.colcon_core.shell:Creating package descriptor '/root/mp_lks/ros2_ws/install/cecar_lks/share/cecar_lks/package.dsv'
[6.868s] INFO:colcon.colcon_core.shell:Creating package script '/root/mp_lks/ros2_ws/install/cecar_lks/share/cecar_lks/package.sh'
[6.869s] INFO:colcon.colcon_core.shell:Creating package script '/root/mp_lks/ros2_ws/install/cecar_lks/share/cecar_lks/package.bash'
[6.869s] INFO:colcon.colcon_core.shell:Creating package script '/root/mp_lks/ros2_ws/install/cecar_lks/share/cecar_lks/package.zsh'
[6.870s] Level 1:colcon.colcon_core.environment:create_file_with_runtime_dependencies(/root/mp_lks/ros2_ws/install/cecar_lks/share/colcon-core/packages/cecar_lks)
[8.061s] DEBUG:colcon.colcon_core.event_handler.log_command:Invoked command in '/root/mp_lks/ros2_ws/build/cpp_pubsub' returned '0': CMAKE_PREFIX_PATH=${CMAKE_PREFIX_PATH}:/opt/ros/eloquent /usr/bin/cmake --build /root/mp_lks/ros2_ws/build/cpp_pubsub -- -j4 -l4
[8.096s] DEBUG:colcon.colcon_core.event_handler.log_command:Invoking command in '/root/mp_lks/ros2_ws/build/cpp_pubsub': CMAKE_PREFIX_PATH=${CMAKE_PREFIX_PATH}:/opt/ros/eloquent /usr/bin/cmake --build /root/mp_lks/ros2_ws/build/cpp_pubsub --target install -- -j4 -l4
[8.210s] Level 1:colcon.colcon_core.environment:create_environment_scripts_only(cpp_pubsub)
[8.211s] Level 1:colcon.colcon_core.environment:checking '/root/mp_lks/ros2_ws/install/cpp_pubsub' for CMake module files
[8.212s] DEBUG:colcon.colcon_core.event_handler.log_command:Invoked command in '/root/mp_lks/ros2_ws/build/cpp_pubsub' returned '0': CMAKE_PREFIX_PATH=${CMAKE_PREFIX_PATH}:/opt/ros/eloquent /usr/bin/cmake --build /root/mp_lks/ros2_ws/build/cpp_pubsub --target install -- -j4 -l4
[8.213s] Level 1:colcon.colcon_core.environment:checking '/root/mp_lks/ros2_ws/install/cpp_pubsub' for CMake config files
[8.213s] Level 1:colcon.colcon_core.shell:create_environment_hook('cpp_pubsub', 'cmake_prefix_path')
[8.214s] INFO:colcon.colcon_core.shell:Creating environment hook '/root/mp_lks/ros2_ws/install/cpp_pubsub/share/cpp_pubsub/hook/cmake_prefix_path.ps1'
[8.214s] INFO:colcon.colcon_core.shell:Creating environment descriptor '/root/mp_lks/ros2_ws/install/cpp_pubsub/share/cpp_pubsub/hook/cmake_prefix_path.dsv'
[8.215s] INFO:colcon.colcon_core.shell:Creating environment hook '/root/mp_lks/ros2_ws/install/cpp_pubsub/share/cpp_pubsub/hook/cmake_prefix_path.sh'
[8.216s] Level 1:colcon.colcon_core.environment:checking '/root/mp_lks/ros2_ws/install/cpp_pubsub/lib'
[8.216s] Level 1:colcon.colcon_core.environment:checking '/root/mp_lks/ros2_ws/install/cpp_pubsub/bin'
[8.216s] Level 1:colcon.colcon_core.environment:checking '/root/mp_lks/ros2_ws/install/cpp_pubsub/lib/pkgconfig/cpp_pubsub.pc'
[8.216s] Level 1:colcon.colcon_core.environment:checking '/root/mp_lks/ros2_ws/install/cpp_pubsub/lib/python3.6/site-packages'
[8.217s] INFO:colcon.colcon_core.shell:Creating package script '/root/mp_lks/ros2_ws/install/cpp_pubsub/share/cpp_pubsub/package.ps1'
[8.217s] INFO:colcon.colcon_core.shell:Creating package descriptor '/root/mp_lks/ros2_ws/install/cpp_pubsub/share/cpp_pubsub/package.dsv'
[8.218s] INFO:colcon.colcon_core.shell:Creating package script '/root/mp_lks/ros2_ws/install/cpp_pubsub/share/cpp_pubsub/package.sh'
[8.218s] INFO:colcon.colcon_core.shell:Creating package script '/root/mp_lks/ros2_ws/install/cpp_pubsub/share/cpp_pubsub/package.bash'
[8.219s] INFO:colcon.colcon_core.shell:Creating package script '/root/mp_lks/ros2_ws/install/cpp_pubsub/share/cpp_pubsub/package.zsh'
[8.219s] Level 1:colcon.colcon_core.environment:create_file_with_runtime_dependencies(/root/mp_lks/ros2_ws/install/cpp_pubsub/share/colcon-core/packages/cpp_pubsub)
[8.253s] Level 1:colcon.colcon_core.environment:create_environment_scripts_only(cpp_pubsub)
[8.254s] Level 1:colcon.colcon_core.environment:checking '/root/mp_lks/ros2_ws/install/cpp_pubsub' for CMake module files
[8.255s] Level 1:colcon.colcon_core.environment:checking '/root/mp_lks/ros2_ws/install/cpp_pubsub' for CMake config files
[8.255s] Level 1:colcon.colcon_core.shell:create_environment_hook('cpp_pubsub', 'cmake_prefix_path')
[8.256s] INFO:colcon.colcon_core.shell:Creating environment hook '/root/mp_lks/ros2_ws/install/cpp_pubsub/share/cpp_pubsub/hook/cmake_prefix_path.ps1'
[8.256s] INFO:colcon.colcon_core.shell:Creating environment descriptor '/root/mp_lks/ros2_ws/install/cpp_pubsub/share/cpp_pubsub/hook/cmake_prefix_path.dsv'
[8.257s] INFO:colcon.colcon_core.shell:Creating environment hook '/root/mp_lks/ros2_ws/install/cpp_pubsub/share/cpp_pubsub/hook/cmake_prefix_path.sh'
[8.258s] Level 1:colcon.colcon_core.environment:checking '/root/mp_lks/ros2_ws/install/cpp_pubsub/lib'
[8.258s] Level 1:colcon.colcon_core.environment:checking '/root/mp_lks/ros2_ws/install/cpp_pubsub/bin'
[8.258s] Level 1:colcon.colcon_core.environment:checking '/root/mp_lks/ros2_ws/install/cpp_pubsub/lib/pkgconfig/cpp_pubsub.pc'
[8.258s] Level 1:colcon.colcon_core.environment:checking '/root/mp_lks/ros2_ws/install/cpp_pubsub/lib/python3.6/site-packages'
[8.259s] INFO:colcon.colcon_core.shell:Creating package script '/root/mp_lks/ros2_ws/install/cpp_pubsub/share/cpp_pubsub/package.ps1'
[8.259s] INFO:colcon.colcon_core.shell:Creating package descriptor '/root/mp_lks/ros2_ws/install/cpp_pubsub/share/cpp_pubsub/package.dsv'
[8.260s] INFO:colcon.colcon_core.shell:Creating package script '/root/mp_lks/ros2_ws/install/cpp_pubsub/share/cpp_pubsub/package.sh'
[8.260s] INFO:colcon.colcon_core.shell:Creating package script '/root/mp_lks/ros2_ws/install/cpp_pubsub/share/cpp_pubsub/package.bash'
[8.261s] INFO:colcon.colcon_core.shell:Creating package script '/root/mp_lks/ros2_ws/install/cpp_pubsub/share/cpp_pubsub/package.zsh'
[8.261s] Level 1:colcon.colcon_core.environment:create_file_with_runtime_dependencies(/root/mp_lks/ros2_ws/install/cpp_pubsub/share/colcon-core/packages/cpp_pubsub)
[8.262s] DEBUG:colcon.colcon_parallel_executor.executor.parallel:closing loop
[8.263s] DEBUG:colcon.colcon_parallel_executor.executor.parallel:loop closed
[8.264s] DEBUG:colcon.colcon_parallel_executor.executor.parallel:run_until_complete finished with '0'
[8.264s] DEBUG:colcon.colcon_core.event_reactor:joining thread
[8.271s] INFO:colcon.colcon_core.plugin_system:Skipping extension 'colcon_notification.desktop_notification.notify_send': Could not find 'notify-send'
[8.271s] INFO:colcon.colcon_core.plugin_system:Skipping extension 'colcon_notification.desktop_notification.terminal_notifier': Not used on non-Darwin systems
[8.272s] INFO:colcon.colcon_core.plugin_system:Skipping extension 'colcon_notification.desktop_notification.win32': Not used on non-Windows systems
[8.272s] INFO:colcon.colcon_notification.desktop_notification:Sending desktop notification using 'notify2'
[33.309s] DEBUG:colcon.colcon_notification.desktop_notification.notify2:Failed to initialize notify2: org.freedesktop.DBus.Error.NoReply: Did not receive a reply. Possible causes include: the remote application did not send a reply, the message bus security policy blocked the reply, the reply timeout expired, or the network connection was broken.
[33.310s] DEBUG:colcon.colcon_core.event_reactor:joined thread
[33.314s] INFO:colcon.colcon_core.shell:Creating prefix script '/root/mp_lks/ros2_ws/install/local_setup.ps1'
[33.320s] INFO:colcon.colcon_core.shell:Creating prefix util module '/root/mp_lks/ros2_ws/install/_local_setup_util_ps1.py'
[33.325s] INFO:colcon.colcon_core.shell:Creating prefix chain script '/root/mp_lks/ros2_ws/install/setup.ps1'
[33.333s] INFO:colcon.colcon_core.shell:Creating prefix script '/root/mp_lks/ros2_ws/install/local_setup.sh'
[33.335s] INFO:colcon.colcon_core.shell:Creating prefix util module '/root/mp_lks/ros2_ws/install/_local_setup_util_sh.py'
[33.337s] INFO:colcon.colcon_core.shell:Creating prefix chain script '/root/mp_lks/ros2_ws/install/setup.sh'
[33.344s] INFO:colcon.colcon_core.shell:Creating prefix script '/root/mp_lks/ros2_ws/install/local_setup.bash'
[33.345s] INFO:colcon.colcon_core.shell:Creating prefix chain script '/root/mp_lks/ros2_ws/install/setup.bash'
[33.350s] INFO:colcon.colcon_core.shell:Creating prefix script '/root/mp_lks/ros2_ws/install/local_setup.zsh'
[33.351s] INFO:colcon.colcon_core.shell:Creating prefix chain script '/root/mp_lks/ros2_ws/install/setup.zsh'
