[1.458s] DEBUG:colcon:Command line arguments: ['/usr/bin/colcon', 'build']
[1.458s] DEBUG:colcon:Parsed command line arguments: Namespace(ament_cmake_args=None, base_paths=['.'], build_base='build', catkin_cmake_args=None, catkin_skip_building_tests=False, cmake_args=None, cmake_clean_cache=False, cmake_clean_first=False, cmake_force_configure=False, cmake_target=None, cmake_target_skip_unavailable=False, continue_on_error=False, event_handlers=None, executor='parallel', ignore_user_meta=False, install_base='install', log_base=None, log_level=None, main=<bound method BuildVerb.main of <colcon_core.verb.build.BuildVerb object at 0x7fb34ecb70>>, merge_install=False, metas=['./colcon.meta'], packages_above=None, packages_above_and_dependencies=None, packages_above_depth=None, packages_end=None, packages_ignore=None, packages_ignore_regex=None, packages_select=None, packages_select_build_failed=False, packages_select_by_dep=None, packages_select_regex=None, packages_select_test_failures=False, packages_skip=None, packages_skip_build_finished=False, packages_skip_by_dep=None, packages_skip_regex=None, packages_skip_test_passed=False, packages_skip_up_to=None, packages_start=None, packages_up_to=None, packages_up_to_regex=None, parallel_workers=4, paths=None, symlink_install=False, test_result_base=None, verb_extension=<colcon_core.verb.build.BuildVerb object at 0x7fb34ecb70>, verb_name='build', verb_parser=<colcon_defaults.argument_parser.defaults.DefaultArgumentsDecorator object at 0x7fb34eceb8>)
[1.485s] Level 1:colcon.colcon_core.package_discovery:discover_packages(colcon_meta) check parameters
[1.485s] Level 1:colcon.colcon_core.package_discovery:discover_packages(recursive) check parameters
[1.485s] Level 1:colcon.colcon_core.package_discovery:discover_packages(ignore) check parameters
[1.485s] Level 1:colcon.colcon_core.package_discovery:discover_packages(path) check parameters
[1.486s] Level 1:colcon.colcon_core.package_discovery:discover_packages(colcon_meta) discover
[1.487s] Level 1:colcon.colcon_core.package_discovery:discover_packages(recursive) discover
[1.487s] INFO:colcon.colcon_core.package_discovery:Crawling recursively for packages in '/home/lks/LKS/mp_lks/ros2_ws'
[1.488s] Level 1:colcon.colcon_core.package_identification:_identify(.) by extensions ['ignore', 'ignore_ament_install']
[1.488s] Level 1:colcon.colcon_core.package_identification:_identify(.) by extension 'ignore'
[1.488s] Level 1:colcon.colcon_core.package_identification:_identify(.) by extension 'ignore_ament_install'
[1.489s] Level 1:colcon.colcon_core.package_identification:_identify(.) by extensions ['colcon_pkg']
[1.489s] Level 1:colcon.colcon_core.package_identification:_identify(.) by extension 'colcon_pkg'
[1.489s] Level 1:colcon.colcon_core.package_identification:_identify(.) by extensions ['colcon_meta']
[1.489s] Level 1:colcon.colcon_core.package_identification:_identify(.) by extension 'colcon_meta'
[1.489s] Level 1:colcon.colcon_core.package_identification:_identify(.) by extensions ['ros']
[1.489s] Level 1:colcon.colcon_core.package_identification:_identify(.) by extension 'ros'
[1.541s] Level 1:colcon.colcon_core.package_identification:_identify(.) by extensions ['cmake', 'python']
[1.541s] Level 1:colcon.colcon_core.package_identification:_identify(.) by extension 'cmake'
[1.542s] Level 1:colcon.colcon_core.package_identification:_identify(.) by extension 'python'
[1.542s] Level 1:colcon.colcon_core.package_identification:_identify(.) by extensions ['python_setup_py']
[1.542s] Level 1:colcon.colcon_core.package_identification:_identify(.) by extension 'python_setup_py'
[1.543s] Level 1:colcon.colcon_core.package_identification:_identify(build) by extensions ['ignore', 'ignore_ament_install']
[1.544s] Level 1:colcon.colcon_core.package_identification:_identify(build) by extension 'ignore'
[1.544s] Level 1:colcon.colcon_core.package_identification:_identify(build) ignored
[1.546s] Level 1:colcon.colcon_core.package_identification:_identify(install) by extensions ['ignore', 'ignore_ament_install']
[1.547s] Level 1:colcon.colcon_core.package_identification:_identify(install) by extension 'ignore'
[1.547s] Level 1:colcon.colcon_core.package_identification:_identify(install) ignored
[1.549s] Level 1:colcon.colcon_core.package_identification:_identify(log) by extensions ['ignore', 'ignore_ament_install']
[1.549s] Level 1:colcon.colcon_core.package_identification:_identify(log) by extension 'ignore'
[1.550s] Level 1:colcon.colcon_core.package_identification:_identify(log) ignored
[1.550s] Level 1:colcon.colcon_core.package_identification:_identify(src) by extensions ['ignore', 'ignore_ament_install']
[1.551s] Level 1:colcon.colcon_core.package_identification:_identify(src) by extension 'ignore'
[1.551s] Level 1:colcon.colcon_core.package_identification:_identify(src) by extension 'ignore_ament_install'
[1.552s] Level 1:colcon.colcon_core.package_identification:_identify(src) by extensions ['colcon_pkg']
[1.552s] Level 1:colcon.colcon_core.package_identification:_identify(src) by extension 'colcon_pkg'
[1.552s] Level 1:colcon.colcon_core.package_identification:_identify(src) by extensions ['colcon_meta']
[1.552s] Level 1:colcon.colcon_core.package_identification:_identify(src) by extension 'colcon_meta'
[1.553s] Level 1:colcon.colcon_core.package_identification:_identify(src) by extensions ['ros']
[1.553s] Level 1:colcon.colcon_core.package_identification:_identify(src) by extension 'ros'
[1.553s] Level 1:colcon.colcon_core.package_identification:_identify(src) by extensions ['cmake', 'python']
[1.554s] Level 1:colcon.colcon_core.package_identification:_identify(src) by extension 'cmake'
[1.554s] Level 1:colcon.colcon_core.package_identification:_identify(src) by extension 'python'
[1.554s] Level 1:colcon.colcon_core.package_identification:_identify(src) by extensions ['python_setup_py']
[1.554s] Level 1:colcon.colcon_core.package_identification:_identify(src) by extension 'python_setup_py'
[1.555s] Level 1:colcon.colcon_core.package_identification:_identify(src/cecar_lks) by extensions ['ignore', 'ignore_ament_install']
[1.555s] Level 1:colcon.colcon_core.package_identification:_identify(src/cecar_lks) by extension 'ignore'
[1.555s] Level 1:colcon.colcon_core.package_identification:_identify(src/cecar_lks) by extension 'ignore_ament_install'
[1.556s] Level 1:colcon.colcon_core.package_identification:_identify(src/cecar_lks) by extensions ['colcon_pkg']
[1.556s] Level 1:colcon.colcon_core.package_identification:_identify(src/cecar_lks) by extension 'colcon_pkg'
[1.556s] Level 1:colcon.colcon_core.package_identification:_identify(src/cecar_lks) by extensions ['colcon_meta']
[1.556s] Level 1:colcon.colcon_core.package_identification:_identify(src/cecar_lks) by extension 'colcon_meta'
[1.556s] Level 1:colcon.colcon_core.package_identification:_identify(src/cecar_lks) by extensions ['ros']
[1.556s] Level 1:colcon.colcon_core.package_identification:_identify(src/cecar_lks) by extension 'ros'
[1.567s] DEBUG:colcon.colcon_core.package_identification:Package 'src/cecar_lks' with type 'ros.ament_cmake' and name 'cecar_lks'
[1.567s] Level 1:colcon.colcon_core.package_discovery:discover_packages(recursive) using defaults
[1.568s] Level 1:colcon.colcon_core.package_discovery:discover_packages(ignore) discover
[1.568s] Level 1:colcon.colcon_core.package_discovery:discover_packages(ignore) using defaults
[1.568s] Level 1:colcon.colcon_core.package_discovery:discover_packages(path) discover
[1.568s] Level 1:colcon.colcon_core.package_discovery:discover_packages(path) using defaults
[1.669s] Level 5:colcon.colcon_core.verb:set package 'cecar_lks' build argument 'cmake_args' from command line to 'None'
[1.669s] Level 5:colcon.colcon_core.verb:set package 'cecar_lks' build argument 'cmake_target' from command line to 'None'
[1.669s] Level 5:colcon.colcon_core.verb:set package 'cecar_lks' build argument 'cmake_target_skip_unavailable' from command line to 'False'
[1.669s] Level 5:colcon.colcon_core.verb:set package 'cecar_lks' build argument 'cmake_clean_cache' from command line to 'False'
[1.670s] Level 5:colcon.colcon_core.verb:set package 'cecar_lks' build argument 'cmake_clean_first' from command line to 'False'
[1.670s] Level 5:colcon.colcon_core.verb:set package 'cecar_lks' build argument 'cmake_force_configure' from command line to 'False'
[1.670s] Level 5:colcon.colcon_core.verb:set package 'cecar_lks' build argument 'ament_cmake_args' from command line to 'None'
[1.670s] Level 5:colcon.colcon_core.verb:set package 'cecar_lks' build argument 'catkin_cmake_args' from command line to 'None'
[1.670s] Level 5:colcon.colcon_core.verb:set package 'cecar_lks' build argument 'catkin_skip_building_tests' from command line to 'False'
[1.671s] DEBUG:colcon.colcon_core.verb:Building package 'cecar_lks' with the following arguments: {'ament_cmake_args': None, 'build_base': '/home/lks/LKS/mp_lks/ros2_ws/build/cecar_lks', 'catkin_cmake_args': None, 'catkin_skip_building_tests': False, 'cmake_args': None, 'cmake_clean_cache': False, 'cmake_clean_first': False, 'cmake_force_configure': False, 'cmake_target': None, 'cmake_target_skip_unavailable': False, 'install_base': '/home/lks/LKS/mp_lks/ros2_ws/install/cecar_lks', 'merge_install': False, 'path': '/home/lks/LKS/mp_lks/ros2_ws/src/cecar_lks', 'symlink_install': False, 'test_result_base': None}
[1.672s] INFO:colcon.colcon_core.executor:Executing jobs using 'parallel' executor
[1.687s] DEBUG:colcon.colcon_parallel_executor.executor.parallel:run_until_complete
[1.688s] INFO:colcon.colcon_ros.task.ament_cmake.build:Building ROS package in '/home/lks/LKS/mp_lks/ros2_ws/src/cecar_lks' with build type 'ament_cmake'
[1.689s] INFO:colcon.colcon_cmake.task.cmake.build:Building CMake package in '/home/lks/LKS/mp_lks/ros2_ws/src/cecar_lks'
[1.748s] INFO:colcon.colcon_core.plugin_system:Skipping extension 'colcon_core.shell.bat': Not used on non-Windows systems
[1.749s] INFO:colcon.colcon_core.shell:Skip shell extension 'powershell' for command environment: Not usable outside of PowerShell
[1.749s] DEBUG:colcon.colcon_core.shell:Skip shell extension 'dsv' for command environment
[1.761s] DEBUG:colcon.colcon_core.shell:Ignoring prefix path '/opt/ros/eloquent'
[1.802s] DEBUG:colcon.colcon_core.event_handler.log_command:Invoking command in '/home/lks/LKS/mp_lks/ros2_ws/build/cecar_lks': CMAKE_PREFIX_PATH=${CMAKE_PREFIX_PATH}:/opt/ros/eloquent /usr/bin/cmake --build /home/lks/LKS/mp_lks/ros2_ws/build/cecar_lks -- -j4 -l4
[2.923s] DEBUG:colcon.colcon_core.event_handler.log_command:Invoked command in '/home/lks/LKS/mp_lks/ros2_ws/build/cecar_lks' returned '0': CMAKE_PREFIX_PATH=${CMAKE_PREFIX_PATH}:/opt/ros/eloquent /usr/bin/cmake --build /home/lks/LKS/mp_lks/ros2_ws/build/cecar_lks -- -j4 -l4
[3.119s] DEBUG:colcon.colcon_core.event_handler.log_command:Invoking command in '/home/lks/LKS/mp_lks/ros2_ws/build/cecar_lks': CMAKE_PREFIX_PATH=${CMAKE_PREFIX_PATH}:/opt/ros/eloquent /usr/bin/cmake --build /home/lks/LKS/mp_lks/ros2_ws/build/cecar_lks --target install -- -j4 -l4
[3.479s] Level 1:colcon.colcon_core.environment:create_environment_scripts_only(cecar_lks)
[3.484s] DEBUG:colcon.colcon_core.event_handler.log_command:Invoked command in '/home/lks/LKS/mp_lks/ros2_ws/build/cecar_lks' returned '0': CMAKE_PREFIX_PATH=${CMAKE_PREFIX_PATH}:/opt/ros/eloquent /usr/bin/cmake --build /home/lks/LKS/mp_lks/ros2_ws/build/cecar_lks --target install -- -j4 -l4
[3.497s] Level 1:colcon.colcon_core.environment:checking '/home/lks/LKS/mp_lks/ros2_ws/install/cecar_lks' for CMake module files
[3.500s] Level 1:colcon.colcon_core.environment:checking '/home/lks/LKS/mp_lks/ros2_ws/install/cecar_lks' for CMake config files
[3.502s] Level 1:colcon.colcon_core.shell:create_environment_hook('cecar_lks', 'cmake_prefix_path')
[3.505s] INFO:colcon.colcon_core.shell:Creating environment hook '/home/lks/LKS/mp_lks/ros2_ws/install/cecar_lks/share/cecar_lks/hook/cmake_prefix_path.ps1'
[3.508s] INFO:colcon.colcon_core.shell:Creating environment descriptor '/home/lks/LKS/mp_lks/ros2_ws/install/cecar_lks/share/cecar_lks/hook/cmake_prefix_path.dsv'
[3.510s] INFO:colcon.colcon_core.shell:Creating environment hook '/home/lks/LKS/mp_lks/ros2_ws/install/cecar_lks/share/cecar_lks/hook/cmake_prefix_path.sh'
[3.515s] Level 1:colcon.colcon_core.environment:checking '/home/lks/LKS/mp_lks/ros2_ws/install/cecar_lks/lib'
[3.516s] Level 1:colcon.colcon_core.environment:checking '/home/lks/LKS/mp_lks/ros2_ws/install/cecar_lks/bin'
[3.517s] Level 1:colcon.colcon_core.environment:checking '/home/lks/LKS/mp_lks/ros2_ws/install/cecar_lks/lib/pkgconfig/cecar_lks.pc'
[3.517s] Level 1:colcon.colcon_core.environment:checking '/home/lks/LKS/mp_lks/ros2_ws/install/cecar_lks/lib/python3.6/site-packages'
[3.520s] INFO:colcon.colcon_core.shell:Creating package script '/home/lks/LKS/mp_lks/ros2_ws/install/cecar_lks/share/cecar_lks/package.ps1'
[3.524s] INFO:colcon.colcon_core.shell:Creating package descriptor '/home/lks/LKS/mp_lks/ros2_ws/install/cecar_lks/share/cecar_lks/package.dsv'
[3.528s] INFO:colcon.colcon_core.shell:Creating package script '/home/lks/LKS/mp_lks/ros2_ws/install/cecar_lks/share/cecar_lks/package.sh'
[3.533s] INFO:colcon.colcon_core.shell:Creating package script '/home/lks/LKS/mp_lks/ros2_ws/install/cecar_lks/share/cecar_lks/package.bash'
[3.537s] INFO:colcon.colcon_core.shell:Creating package script '/home/lks/LKS/mp_lks/ros2_ws/install/cecar_lks/share/cecar_lks/package.zsh'
[3.541s] Level 1:colcon.colcon_core.environment:create_file_with_runtime_dependencies(/home/lks/LKS/mp_lks/ros2_ws/install/cecar_lks/share/colcon-core/packages/cecar_lks)
[3.679s] Level 1:colcon.colcon_core.environment:create_environment_scripts_only(cecar_lks)
[3.685s] Level 1:colcon.colcon_core.environment:checking '/home/lks/LKS/mp_lks/ros2_ws/install/cecar_lks' for CMake module files
[3.688s] Level 1:colcon.colcon_core.environment:checking '/home/lks/LKS/mp_lks/ros2_ws/install/cecar_lks' for CMake config files
[3.689s] Level 1:colcon.colcon_core.shell:create_environment_hook('cecar_lks', 'cmake_prefix_path')
[3.692s] INFO:colcon.colcon_core.shell:Creating environment hook '/home/lks/LKS/mp_lks/ros2_ws/install/cecar_lks/share/cecar_lks/hook/cmake_prefix_path.ps1'
[3.693s] INFO:colcon.colcon_core.shell:Creating environment descriptor '/home/lks/LKS/mp_lks/ros2_ws/install/cecar_lks/share/cecar_lks/hook/cmake_prefix_path.dsv'
[3.696s] INFO:colcon.colcon_core.shell:Creating environment hook '/home/lks/LKS/mp_lks/ros2_ws/install/cecar_lks/share/cecar_lks/hook/cmake_prefix_path.sh'
[3.699s] Level 1:colcon.colcon_core.environment:checking '/home/lks/LKS/mp_lks/ros2_ws/install/cecar_lks/lib'
[3.700s] Level 1:colcon.colcon_core.environment:checking '/home/lks/LKS/mp_lks/ros2_ws/install/cecar_lks/bin'
[3.700s] Level 1:colcon.colcon_core.environment:checking '/home/lks/LKS/mp_lks/ros2_ws/install/cecar_lks/lib/pkgconfig/cecar_lks.pc'
[3.700s] Level 1:colcon.colcon_core.environment:checking '/home/lks/LKS/mp_lks/ros2_ws/install/cecar_lks/lib/python3.6/site-packages'
[3.704s] INFO:colcon.colcon_core.shell:Creating package script '/home/lks/LKS/mp_lks/ros2_ws/install/cecar_lks/share/cecar_lks/package.ps1'
[3.706s] INFO:colcon.colcon_core.shell:Creating package descriptor '/home/lks/LKS/mp_lks/ros2_ws/install/cecar_lks/share/cecar_lks/package.dsv'
[3.708s] INFO:colcon.colcon_core.shell:Creating package script '/home/lks/LKS/mp_lks/ros2_ws/install/cecar_lks/share/cecar_lks/package.sh'
[3.710s] INFO:colcon.colcon_core.shell:Creating package script '/home/lks/LKS/mp_lks/ros2_ws/install/cecar_lks/share/cecar_lks/package.bash'
[3.711s] INFO:colcon.colcon_core.shell:Creating package script '/home/lks/LKS/mp_lks/ros2_ws/install/cecar_lks/share/cecar_lks/package.zsh'
[3.713s] Level 1:colcon.colcon_core.environment:create_file_with_runtime_dependencies(/home/lks/LKS/mp_lks/ros2_ws/install/cecar_lks/share/colcon-core/packages/cecar_lks)
[3.714s] DEBUG:colcon.colcon_parallel_executor.executor.parallel:closing loop
[3.716s] DEBUG:colcon.colcon_parallel_executor.executor.parallel:loop closed
[3.716s] DEBUG:colcon.colcon_parallel_executor.executor.parallel:run_until_complete finished with '0'
[3.717s] DEBUG:colcon.colcon_core.event_reactor:joining thread
[3.745s] INFO:colcon.colcon_core.plugin_system:Skipping extension 'colcon_notification.desktop_notification.terminal_notifier': Not used on non-Darwin systems
[3.746s] INFO:colcon.colcon_core.plugin_system:Skipping extension 'colcon_notification.desktop_notification.win32': Not used on non-Windows systems
[3.747s] INFO:colcon.colcon_notification.desktop_notification:Sending desktop notification using 'notify2'
[3.771s] DEBUG:colcon.colcon_core.event_reactor:joined thread
[3.774s] INFO:colcon.colcon_core.shell:Creating prefix script '/home/lks/LKS/mp_lks/ros2_ws/install/local_setup.ps1'
[3.779s] INFO:colcon.colcon_core.shell:Creating prefix util module '/home/lks/LKS/mp_lks/ros2_ws/install/_local_setup_util_ps1.py'
[3.788s] INFO:colcon.colcon_core.shell:Creating prefix chain script '/home/lks/LKS/mp_lks/ros2_ws/install/setup.ps1'
[3.800s] INFO:colcon.colcon_core.shell:Creating prefix script '/home/lks/LKS/mp_lks/ros2_ws/install/local_setup.sh'
[3.803s] INFO:colcon.colcon_core.shell:Creating prefix util module '/home/lks/LKS/mp_lks/ros2_ws/install/_local_setup_util_sh.py'
[3.805s] INFO:colcon.colcon_core.shell:Creating prefix chain script '/home/lks/LKS/mp_lks/ros2_ws/install/setup.sh'
[3.816s] INFO:colcon.colcon_core.shell:Creating prefix script '/home/lks/LKS/mp_lks/ros2_ws/install/local_setup.bash'
[3.819s] INFO:colcon.colcon_core.shell:Creating prefix chain script '/home/lks/LKS/mp_lks/ros2_ws/install/setup.bash'
[3.831s] INFO:colcon.colcon_core.shell:Creating prefix script '/home/lks/LKS/mp_lks/ros2_ws/install/local_setup.zsh'
[3.833s] INFO:colcon.colcon_core.shell:Creating prefix chain script '/home/lks/LKS/mp_lks/ros2_ws/install/setup.zsh'
